[2026-02-22 16:14:04,603] Syrils-Macbook-Pro/INFO/locust.main: Starting Locust 2.43.3
[2026-02-22 16:14:04,606] Syrils-Macbook-Pro/INFO/locust.main: Run time limit set to 120 seconds
Type     Name                                                                          # reqs      # fails |    Avg     Min     Max    Med |   req/s  failures/s
--------|----------------------------------------------------------------------------|-------|-------------|-------|-------|-------|-------|--------|-----------
--------|----------------------------------------------------------------------------|-------|-------------|-------|-------|-------|-------|--------|-----------
         Aggregated                                                                         0     0(0.00%) |      0       0       0      0 |    0.00        0.00

[2026-02-22 16:14:04,608] Syrils-Macbook-Pro/INFO/locust.runners: Ramping to 100 users at a rate of 10.00 per second
Type     Name                                                                          # reqs      # fails |    Avg     Min     Max    Med |   req/s  failures/s
--------|----------------------------------------------------------------------------|-------|-------------|-------|-------|-------|-------|--------|-----------
GET      /tools.descartes.teastore.webui/category?category=[id]&page=[n]                   14     0(0.00%) |    173      20     287    160 |    0.00        0.00
GET      /tools.descartes.teastore.webui/home                                               5     0(0.00%) |     33       9      48     34 |    0.00        0.00
GET      /tools.descartes.teastore.webui/product?id=[id]                                   11     0(0.00%) |    148      33     311    200 |    0.00        0.00
--------|----------------------------------------------------------------------------|-------|-------------|-------|-------|-------|-------|--------|-----------
         Aggregated                                                                        30     0(0.00%) |    140       9     311    150 |    0.00        0.00

Type     Name                                                                          # reqs      # fails |    Avg     Min     Max    Med |   req/s  failures/s
--------|----------------------------------------------------------------------------|-------|-------------|-------|-------|-------|-------|--------|-----------
GET      /tools.descartes.teastore.webui/category?category=[id]&page=[n]                   47     0(0.00%) |    145      16     361    160 |    6.50        0.00
GET      /tools.descartes.teastore.webui/home                                              15     0(0.00%) |     34       7     146     19 |    2.50        0.00
GET      /tools.descartes.teastore.webui/product?id=[id]                                   27     0(0.00%) |    207      26     427    200 |    3.50        0.00
--------|----------------------------------------------------------------------------|-------|-------------|-------|-------|-------|-------|--------|-----------
         Aggregated                                                                        89     0(0.00%) |    145       7     427    140 |   12.50        0.00

Type     Name                                                                          # reqs      # fails |    Avg     Min     Max    Med |   req/s  failures/s
--------|----------------------------------------------------------------------------|-------|-------------|-------|-------|-------|-------|--------|-----------
GET      /tools.descartes.teastore.webui/category?category=[id]&page=[n]                   95     0(0.00%) |     89      13     361     33 |    8.75        0.00
GET      /tools.descartes.teastore.webui/home                                              35     0(0.00%) |     25       5     146     10 |    3.00        0.00
GET      /tools.descartes.teastore.webui/product?id=[id]                                   58     0(0.00%) |    118      23     427     44 |    5.00        0.00
--------|----------------------------------------------------------------------------|-------|-------------|-------|-------|-------|-------|--------|-----------
         Aggregated                                                                       188     0(0.00%) |     86       5     427     31 |   16.75        0.00

Type     Name                                                                          # reqs      # fails |    Avg     Min     Max    Med |   req/s  failures/s
--------|----------------------------------------------------------------------------|-------|-------------|-------|-------|-------|-------|--------|-----------
GET      /tools.descartes.teastore.webui/category?category=[id]&page=[n]                  148     0(0.00%) |     65      12     361     25 |   13.33        0.00
GET      /tools.descartes.teastore.webui/home                                              52     0(0.00%) |     22       5     146     10 |    4.83        0.00
GET      /tools.descartes.teastore.webui/product?id=[id]                                   93     0(0.00%) |     89      20     427     41 |    8.33        0.00
--------|----------------------------------------------------------------------------|-------|-------------|-------|-------|-------|-------|--------|-----------
         Aggregated                                                                       293     0(0.00%) |     65       5     427     27 |   26.50        0.00

[2026-02-22 16:14:13,636] Syrils-Macbook-Pro/INFO/locust.runners: All users spawned: {"ImageServiceUser": 100} (100 total users)
Type     Name                                                                          # reqs      # fails |    Avg     Min     Max    Med |   req/s  failures/s
--------|----------------------------------------------------------------------------|-------|-------------|-------|-------|-------|-------|--------|-----------
GET      /tools.descartes.teastore.webui/category?category=[id]&page=[n]                  150     0(0.00%) |     93      12    2175     25 |   17.25        0.00
GET      /tools.descartes.teastore.webui/home                                              52     0(0.00%) |     22       5     146     10 |    6.25        0.00
GET      /tools.descartes.teastore.webui/product?id=[id]                                   93     0(0.00%) |     89      20     427     41 |   11.00        0.00
--------|----------------------------------------------------------------------------|-------|-------------|-------|-------|-------|-------|--------|-----------
         Aggregated                                                                       295     0(0.00%) |     79       5    2175     28 |   34.50        0.00

Type     Name                                                                          # reqs      # fails |    Avg     Min     Max    Med |   req/s  failures/s
--------|----------------------------------------------------------------------------|-------|-------------|-------|-------|-------|-------|--------|-----------
GET      /tools.descartes.teastore.webui/category?category=[id]&page=[n]                  227     0(0.00%) |    460      12    2508     36 |   14.80        0.00
GET      /tools.descartes.teastore.webui/home                                              76     0(0.00%) |    411       5    2548     12 |    5.20        0.00
GET      /tools.descartes.teastore.webui/product?id=[id]                                  156     0(0.00%) |    613      20    2984     62 |    9.30        0.00
--------|----------------------------------------------------------------------------|-------|-------------|-------|-------|-------|-------|--------|-----------
         Aggregated                                                                       459     0(0.00%) |    504       5    2984     41 |   29.30        0.00

Type     Name                                                                          # reqs      # fails |    Avg     Min     Max    Med |   req/s  failures/s
--------|----------------------------------------------------------------------------|-------|-------------|-------|-------|-------|-------|--------|-----------
GET      /tools.descartes.teastore.webui/category?category=[id]&page=[n]                  240     0(0.00%) |    442      12    2508     33 |   19.00        0.00
GET      /tools.descartes.teastore.webui/home                                              82     0(0.00%) |    389       5    2548     17 |    4.90        0.00
GET      /tools.descartes.teastore.webui/product?id=[id]                                  169     0(0.00%) |    581      20    2984     64 |    9.20        0.00
--------|----------------------------------------------------------------------------|-------|-------------|-------|-------|-------|-------|--------|-----------
         Aggregated                                                                       491     0(0.00%) |    481       5    2984     42 |   33.10        0.00

Type     Name                                                                          # reqs      # fails |    Avg     Min     Max    Med |   req/s  failures/s
--------|----------------------------------------------------------------------------|-------|-------------|-------|-------|-------|-------|--------|-----------
GET      /tools.descartes.teastore.webui/category?category=[id]&page=[n]                  253     0(0.00%) |    551      12    3171     39 |   20.50        0.00
GET      /tools.descartes.teastore.webui/home                                              98     0(0.00%) |    664       5    2548     29 |    7.00        0.00
GET      /tools.descartes.teastore.webui/product?id=[id]                                  170     0(0.00%) |    596      20    3027     64 |   14.90        0.00
--------|----------------------------------------------------------------------------|-------|-------------|-------|-------|-------|-------|--------|-----------
         Aggregated                                                                       521     0(0.00%) |    587       5    3171     48 |   42.40        0.00

Type     Name                                                                          # reqs      # fails |    Avg     Min     Max    Med |   req/s  failures/s
--------|----------------------------------------------------------------------------|-------|-------------|-------|-------|-------|-------|--------|-----------
GET      /tools.descartes.teastore.webui/category?category=[id]&page=[n]                  253     0(0.00%) |    551      12    3171     39 |   18.80        0.00
GET      /tools.descartes.teastore.webui/home                                             101     0(0.00%) |    667       5    2548     34 |    6.20        0.00
GET      /tools.descartes.teastore.webui/product?id=[id]                                  176     0(0.00%) |    714      20    4726     67 |   13.00        0.00
--------|----------------------------------------------------------------------------|-------|-------------|-------|-------|-------|-------|--------|-----------
         Aggregated                                                                       530     0(0.00%) |    627       5    4726     50 |   38.00        0.00

Type     Name                                                                          # reqs      # fails |    Avg     Min     Max    Med |   req/s  failures/s
--------|----------------------------------------------------------------------------|-------|-------------|-------|-------|-------|-------|--------|-----------
GET      /tools.descartes.teastore.webui/category?category=[id]&page=[n]                  310     0(0.00%) |   1342      12    6618    120 |   11.50        0.00
GET      /tools.descartes.teastore.webui/home                                             104     0(0.00%) |    680       5    2548     40 |    5.10        0.00
GET      /tools.descartes.teastore.webui/product?id=[id]                                  187     0(0.00%) |   1014      20    7097     82 |    8.80        0.00
--------|----------------------------------------------------------------------------|-------|-------------|-------|-------|-------|-------|--------|-----------
         Aggregated                                                                       601     0(0.00%) |   1125       5    7097     74 |   25.40        0.00

Type     Name                                                                          # reqs      # fails |    Avg     Min     Max    Med |   req/s  failures/s
--------|----------------------------------------------------------------------------|-------|-------------|-------|-------|-------|-------|--------|-----------
GET      /tools.descartes.teastore.webui/category?category=[id]&page=[n]                  350     0(0.00%) |   1494      12    7033    200 |   14.80        0.00
GET      /tools.descartes.teastore.webui/home                                             123     0(0.00%) |    698       5    2548     79 |    5.10        0.00
GET      /tools.descartes.teastore.webui/product?id=[id]                                  219     0(0.00%) |   1366      20    7892    170 |    8.30        0.00
--------|----------------------------------------------------------------------------|-------|-------------|-------|-------|-------|-------|--------|-----------
         Aggregated                                                                       692     0(0.00%) |   1312       5    7892    170 |   28.20        0.00

Type     Name                                                                          # reqs      # fails |    Avg     Min     Max    Med |   req/s  failures/s
--------|----------------------------------------------------------------------------|-------|-------------|-------|-------|-------|-------|--------|-----------
GET      /tools.descartes.teastore.webui/category?category=[id]&page=[n]                  373     0(0.00%) |   1439      12    7033    280 |   12.00        0.00
GET      /tools.descartes.teastore.webui/home                                             130     0(0.00%) |    676       5    2548     95 |    5.40        0.00
GET      /tools.descartes.teastore.webui/product?id=[id]                                  230     0(0.00%) |   1350      20    7892    200 |   10.10        0.00
--------|----------------------------------------------------------------------------|-------|-------------|-------|-------|-------|-------|--------|-----------
         Aggregated                                                                       733     0(0.00%) |   1276       5    7892    240 |   27.50        0.00

Type     Name                                                                          # reqs      # fails |    Avg     Min     Max    Med |   req/s  failures/s
--------|----------------------------------------------------------------------------|-------|-------------|-------|-------|-------|-------|--------|-----------
GET      /tools.descartes.teastore.webui/category?category=[id]&page=[n]                  380     0(0.00%) |   1478      12    7033    290 |   13.30        0.00
GET      /tools.descartes.teastore.webui/home                                             131     0(0.00%) |    694       5    3020    110 |    4.80        0.00
GET      /tools.descartes.teastore.webui/product?id=[id]                                  230     0(0.00%) |   1350      20    7892    200 |    6.10        0.00
--------|----------------------------------------------------------------------------|-------|-------------|-------|-------|-------|-------|--------|-----------
         Aggregated                                                                       741     0(0.00%) |   1299       5    7892    270 |   24.20        0.00

Type     Name                                                                          # reqs      # fails |    Avg     Min     Max    Med |   req/s  failures/s
--------|----------------------------------------------------------------------------|-------|-------------|-------|-------|-------|-------|--------|-----------
GET      /tools.descartes.teastore.webui/category?category=[id]&page=[n]                  380     0(0.00%) |   1478      12    7033    290 |   12.10        0.00
GET      /tools.descartes.teastore.webui/home                                             146     0(0.00%) |   1086       5    4926    370 |    3.30        0.00
GET      /tools.descartes.teastore.webui/product?id=[id]                                  230     0(0.00%) |   1350      20    7892    200 |    6.00        0.00
--------|----------------------------------------------------------------------------|-------|-------------|-------|-------|-------|-------|--------|-----------
         Aggregated                                                                       756     0(0.00%) |   1363       5    7892    290 |   21.40        0.00

Type     Name                                                                          # reqs      # fails |    Avg     Min     Max    Med |   req/s  failures/s
--------|----------------------------------------------------------------------------|-------|-------------|-------|-------|-------|-------|--------|-----------
GET      /tools.descartes.teastore.webui/category?category=[id]&page=[n]                  452     0(0.00%) |   1730      12    7033    510 |   12.70        0.00
GET      /tools.descartes.teastore.webui/home                                             157     0(0.00%) |   1013       5    4926    150 |    3.00        0.00
GET      /tools.descartes.teastore.webui/product?id=[id]                                  297     0(0.00%) |   1781      20    7892    380 |    5.40        0.00
--------|----------------------------------------------------------------------------|-------|-------------|-------|-------|-------|-------|--------|-----------
         Aggregated                                                                       906     0(0.00%) |   1623       5    7892    370 |   21.10        0.00

Type     Name                                                                          # reqs      # fails |    Avg     Min     Max    Med |   req/s  failures/s
--------|----------------------------------------------------------------------------|-------|-------------|-------|-------|-------|-------|--------|-----------
GET      /tools.descartes.teastore.webui/category?category=[id]&page=[n]                  520     0(0.00%) |   1532      12    7033    330 |   13.80        0.00
GET      /tools.descartes.teastore.webui/home                                             196     0(0.00%) |    837       5    4926     95 |    4.70        0.00
GET      /tools.descartes.teastore.webui/product?id=[id]                                  342     0(0.00%) |   1579      20    7892    300 |   10.30        0.00
--------|----------------------------------------------------------------------------|-------|-------------|-------|-------|-------|-------|--------|-----------
         Aggregated                                                                      1058     0(0.00%) |   1418       5    7892    270 |   28.80        0.00

Type     Name                                                                          # reqs      # fails |    Avg     Min     Max    Med |   req/s  failures/s
--------|----------------------------------------------------------------------------|-------|-------------|-------|-------|-------|-------|--------|-----------
GET      /tools.descartes.teastore.webui/category?category=[id]&page=[n]                  601     0(0.00%) |   1336      12    7033    170 |   17.00        0.00
GET      /tools.descartes.teastore.webui/home                                             221     0(0.00%) |    747       5    4926     62 |    6.10        0.00
GET      /tools.descartes.teastore.webui/product?id=[id]                                  380     0(0.00%) |   1428      20    7892    150 |   12.20        0.00
--------|----------------------------------------------------------------------------|-------|-------------|-------|-------|-------|-------|--------|-----------
         Aggregated                                                                      1202     0(0.00%) |   1257       5    7892    150 |   35.30        0.00

Type     Name                                                                          # reqs      # fails |    Avg     Min     Max    Med |   req/s  failures/s
--------|----------------------------------------------------------------------------|-------|-------------|-------|-------|-------|-------|--------|-----------
GET      /tools.descartes.teastore.webui/category?category=[id]&page=[n]                  678     0(0.00%) |   1188      12    7033     96 |   20.00        0.00
GET      /tools.descartes.teastore.webui/home                                             246     0(0.00%) |    674       4    4926     50 |    8.20        0.00
GET      /tools.descartes.teastore.webui/product?id=[id]                                  428     0(0.00%) |   1275      20    7892    130 |   13.80        0.00
--------|----------------------------------------------------------------------------|-------|-------------|-------|-------|-------|-------|--------|-----------
         Aggregated                                                                      1352     0(0.00%) |   1122       4    7892     95 |   42.00        0.00

Type     Name                                                                          # reqs      # fails |    Avg     Min     Max    Med |   req/s  failures/s
--------|----------------------------------------------------------------------------|-------|-------------|-------|-------|-------|-------|--------|-----------
GET      /tools.descartes.teastore.webui/category?category=[id]&page=[n]                  755     0(0.00%) |   1070      12    7033     63 |   28.30        0.00
GET      /tools.descartes.teastore.webui/home                                             281     0(0.00%) |    592       4    4926     28 |   10.50        0.00
GET      /tools.descartes.teastore.webui/product?id=[id]                                  476     0(0.00%) |   1151      20    7892     91 |   18.60        0.00
--------|----------------------------------------------------------------------------|-------|-------------|-------|-------|-------|-------|--------|-----------
         Aggregated                                                                      1512     0(0.00%) |   1006       4    7892     63 |   57.40        0.00

Type     Name                                                                          # reqs      # fails |    Avg     Min     Max    Med |   req/s  failures/s
--------|----------------------------------------------------------------------------|-------|-------------|-------|-------|-------|-------|--------|-----------
GET      /tools.descartes.teastore.webui/category?category=[id]&page=[n]                  846     0(0.00%) |    957      12    7033     42 |   35.10        0.00
GET      /tools.descartes.teastore.webui/home                                             306     0(0.00%) |    544       4    4926     19 |   13.60        0.00
GET      /tools.descartes.teastore.webui/product?id=[id]                                  520     0(0.00%) |   1057      20    7892     68 |   23.00        0.00
--------|----------------------------------------------------------------------------|-------|-------------|-------|-------|-------|-------|--------|-----------
         Aggregated                                                                      1672     0(0.00%) |    913       4    7892     47 |   71.70        0.00

Type     Name                                                                          # reqs      # fails |    Avg     Min     Max    Med |   req/s  failures/s
--------|----------------------------------------------------------------------------|-------|-------------|-------|-------|-------|-------|--------|-----------
GET      /tools.descartes.teastore.webui/category?category=[id]&page=[n]                  921     0(0.00%) |    891      12    7033     40 |   38.40        0.00
GET      /tools.descartes.teastore.webui/home                                             337     0(0.00%) |    506       4    4926     20 |   14.60        0.00
GET      /tools.descartes.teastore.webui/product?id=[id]                                  555     0(0.00%) |   1006      20    7892     68 |   22.90        0.00
--------|----------------------------------------------------------------------------|-------|-------------|-------|-------|-------|-------|--------|-----------
         Aggregated                                                                      1813     0(0.00%) |    855       4    7892     46 |   75.90        0.00

Type     Name                                                                          # reqs      # fails |    Avg     Min     Max    Med |   req/s  failures/s
--------|----------------------------------------------------------------------------|-------|-------------|-------|-------|-------|-------|--------|-----------
GET      /tools.descartes.teastore.webui/category?category=[id]&page=[n]                 1009     0(0.00%) |    819      12    7033     39 |   39.80        0.00
GET      /tools.descartes.teastore.webui/home                                             363     0(0.00%) |    473       4    4926     19 |   14.60        0.00
GET      /tools.descartes.teastore.webui/product?id=[id]                                  593     0(0.00%) |    947      20    7892     65 |   21.60        0.00
--------|----------------------------------------------------------------------------|-------|-------------|-------|-------|-------|-------|--------|-----------
         Aggregated                                                                      1965     0(0.00%) |    794       4    7892     44 |   76.00        0.00

Type     Name                                                                          # reqs      # fails |    Avg     Min     Max    Med |   req/s  failures/s
--------|----------------------------------------------------------------------------|-------|-------------|-------|-------|-------|-------|--------|-----------
GET      /tools.descartes.teastore.webui/category?category=[id]&page=[n]                 1086     0(0.00%) |    763      12    7033     35 |   41.40        0.00
GET      /tools.descartes.teastore.webui/home                                             391     0(0.00%) |    440       4    4926     17 |   14.10        0.00
GET      /tools.descartes.teastore.webui/product?id=[id]                                  647     0(0.00%) |    872      20    7892     60 |   20.90        0.00
--------|----------------------------------------------------------------------------|-------|-------------|-------|-------|-------|-------|--------|-----------
         Aggregated                                                                      2124     0(0.00%) |    737       4    7892     40 |   76.40        0.00

Type     Name                                                                          # reqs      # fails |    Avg     Min     Max    Med |   req/s  failures/s
--------|----------------------------------------------------------------------------|-------|-------------|-------|-------|-------|-------|--------|-----------
GET      /tools.descartes.teastore.webui/category?category=[id]&page=[n]                 1157     0(0.00%) |    723      12    7033     35 |   40.60        0.00
GET      /tools.descartes.teastore.webui/home                                             423     0(0.00%) |    414       4    4926     18 |   14.50        0.00
GET      /tools.descartes.teastore.webui/product?id=[id]                                  696     0(0.00%) |    822      20    7892     60 |   21.30        0.00
--------|----------------------------------------------------------------------------|-------|-------------|-------|-------|-------|-------|--------|-----------
         Aggregated                                                                      2276     0(0.00%) |    696       4    7892     41 |   76.40        0.00

Type     Name                                                                          # reqs      # fails |    Avg     Min     Max    Med |   req/s  failures/s
--------|----------------------------------------------------------------------------|-------|-------------|-------|-------|-------|-------|--------|-----------
GET      /tools.descartes.teastore.webui/category?category=[id]&page=[n]                 1233     0(0.00%) |    682      12    7033     33 |   39.80        0.00
GET      /tools.descartes.teastore.webui/home                                             453     0(0.00%) |    388       4    4926     15 |   14.40        0.00
GET      /tools.descartes.teastore.webui/product?id=[id]                                  738     0(0.00%) |    779      19    7892     58 |   21.70        0.00
--------|----------------------------------------------------------------------------|-------|-------------|-------|-------|-------|-------|--------|-----------
         Aggregated                                                                      2424     0(0.00%) |    657       4    7892     39 |   75.90        0.00

Type     Name                                                                          # reqs      # fails |    Avg     Min     Max    Med |   req/s  failures/s
--------|----------------------------------------------------------------------------|-------|-------------|-------|-------|-------|-------|--------|-----------
GET      /tools.descartes.teastore.webui/category?category=[id]&page=[n]                 1301     0(0.00%) |    653      12    7033     34 |   38.20        0.00
GET      /tools.descartes.teastore.webui/home                                             479     0(0.00%) |    370       4    4926     15 |   14.80        0.00
GET      /tools.descartes.teastore.webui/product?id=[id]                                  771     0(0.00%) |    752      19    7892     58 |   21.50        0.00
--------|----------------------------------------------------------------------------|-------|-------------|-------|-------|-------|-------|--------|-----------
         Aggregated                                                                      2551     0(0.00%) |    630       4    7892     39 |   74.50        0.00

Type     Name                                                                          # reqs      # fails |    Avg     Min     Max    Med |   req/s  failures/s
--------|----------------------------------------------------------------------------|-------|-------------|-------|-------|-------|-------|--------|-----------
GET      /tools.descartes.teastore.webui/category?category=[id]&page=[n]                 1361     0(0.00%) |    631      12    7033     37 |   38.80        0.00
GET      /tools.descartes.teastore.webui/home                                             512     0(0.00%) |    350       4    4926     15 |   14.50        0.00
GET      /tools.descartes.teastore.webui/product?id=[id]                                  827     0(0.00%) |    716      19    7892     63 |   22.10        0.00
--------|----------------------------------------------------------------------------|-------|-------------|-------|-------|-------|-------|--------|-----------
         Aggregated                                                                      2700     0(0.00%) |    604       4    7892     41 |   75.40        0.00

Type     Name                                                                          # reqs      # fails |    Avg     Min     Max    Med |   req/s  failures/s
--------|----------------------------------------------------------------------------|-------|-------------|-------|-------|-------|-------|--------|-----------
GET      /tools.descartes.teastore.webui/category?category=[id]&page=[n]                 1404     0(0.00%) |    613      12    7033     36 |   34.90        0.00
GET      /tools.descartes.teastore.webui/home                                             539     0(0.00%) |    334       4    4926     14 |   14.00        0.00
GET      /tools.descartes.teastore.webui/product?id=[id]                                  869     0(0.00%) |    684      19    7892     61 |   23.40        0.00
--------|----------------------------------------------------------------------------|-------|-------------|-------|-------|-------|-------|--------|-----------
         Aggregated                                                                      2812     0(0.00%) |    582       4    7892     40 |   72.30        0.00

Type     Name                                                                          # reqs      # fails |    Avg     Min     Max    Med |   req/s  failures/s
--------|----------------------------------------------------------------------------|-------|-------------|-------|-------|-------|-------|--------|-----------
GET      /tools.descartes.teastore.webui/category?category=[id]&page=[n]                 1440     0(0.00%) |    630      12    7033     39 |   34.00        0.00
GET      /tools.descartes.teastore.webui/home                                             557     0(0.00%) |    352       4    4926     17 |   15.40        0.00
GET      /tools.descartes.teastore.webui/product?id=[id]                                  876     0(0.00%) |    691      19    7892     62 |   24.00        0.00
--------|----------------------------------------------------------------------------|-------|-------------|-------|-------|-------|-------|--------|-----------
         Aggregated                                                                      2873     0(0.00%) |    595       4    7892     42 |   73.40        0.00

Type     Name                                                                          # reqs      # fails |    Avg     Min     Max    Med |   req/s  failures/s
--------|----------------------------------------------------------------------------|-------|-------------|-------|-------|-------|-------|--------|-----------
GET      /tools.descartes.teastore.webui/category?category=[id]&page=[n]                 1485     0(0.00%) |    678      12    7033     43 |   30.90        0.00
GET      /tools.descartes.teastore.webui/home                                             567     0(0.00%) |    360       4    4926     18 |   14.60        0.00
GET      /tools.descartes.teastore.webui/product?id=[id]                                  915     0(0.00%) |    738      19    7892     68 |   19.30        0.00
--------|----------------------------------------------------------------------------|-------|-------------|-------|-------|-------|-------|--------|-----------
         Aggregated                                                                      2967     0(0.00%) |    636       4    7892     46 |   64.80        0.00

Type     Name                                                                          # reqs      # fails |    Avg     Min     Max    Med |   req/s  failures/s
--------|----------------------------------------------------------------------------|-------|-------------|-------|-------|-------|-------|--------|-----------
GET      /tools.descartes.teastore.webui/category?category=[id]&page=[n]                 1533     0(0.00%) |    688      12    7033     49 |   24.00        0.00
GET      /tools.descartes.teastore.webui/home                                             590     0(0.00%) |    374       4    4926     19 |   11.70        0.00
GET      /tools.descartes.teastore.webui/product?id=[id]                                  934     0(0.00%) |    741      19    7892     72 |   18.00        0.00
--------|----------------------------------------------------------------------------|-------|-------------|-------|-------|-------|-------|--------|-----------
         Aggregated                                                                      3057     0(0.00%) |    643       4    7892     51 |   53.70        0.00

Type     Name                                                                          # reqs      # fails |    Avg     Min     Max    Med |   req/s  failures/s
--------|----------------------------------------------------------------------------|-------|-------------|-------|-------|-------|-------|--------|-----------
GET      /tools.descartes.teastore.webui/category?category=[id]&page=[n]                 1570     0(0.00%) |    692      12    7033     53 |   23.10        0.00
GET      /tools.descartes.teastore.webui/home                                             623     0(0.00%) |    386       4    4926     29 |   11.50        0.00
GET      /tools.descartes.teastore.webui/product?id=[id]                                  956     0(0.00%) |    758      19    7892     76 |   16.50        0.00
--------|----------------------------------------------------------------------------|-------|-------------|-------|-------|-------|-------|--------|-----------
         Aggregated                                                                      3149     0(0.00%) |    652       4    7892     57 |   51.10        0.00

Type     Name                                                                          # reqs      # fails |    Avg     Min     Max    Med |   req/s  failures/s
--------|----------------------------------------------------------------------------|-------|-------------|-------|-------|-------|-------|--------|-----------
GET      /tools.descartes.teastore.webui/category?category=[id]&page=[n]                 1608     0(0.00%) |    700      12    7033     58 |   22.00        0.00
GET      /tools.descartes.teastore.webui/home                                             644     0(0.00%) |    391       4    4926     33 |   11.50        0.00
GET      /tools.descartes.teastore.webui/product?id=[id]                                  995     0(0.00%) |    789      19    7892     87 |   13.10        0.00
--------|----------------------------------------------------------------------------|-------|-------------|-------|-------|-------|-------|--------|-----------
         Aggregated                                                                      3247     0(0.00%) |    666       4    7892     63 |   46.60        0.00

Type     Name                                                                          # reqs      # fails |    Avg     Min     Max    Med |   req/s  failures/s
--------|----------------------------------------------------------------------------|-------|-------------|-------|-------|-------|-------|--------|-----------
GET      /tools.descartes.teastore.webui/category?category=[id]&page=[n]                 1684     0(0.00%) |    676      12    7033     62 |   17.80        0.00
GET      /tools.descartes.teastore.webui/home                                             671     0(0.00%) |    379       4    4926     34 |    9.70        0.00
GET      /tools.descartes.teastore.webui/product?id=[id]                                 1034     0(0.00%) |    768      19    7892     91 |   10.20        0.00
--------|----------------------------------------------------------------------------|-------|-------------|-------|-------|-------|-------|--------|-----------
         Aggregated                                                                      3389     0(0.00%) |    645       4    7892     64 |   37.70        0.00

Type     Name                                                                          # reqs      # fails |    Avg     Min     Max    Med |   req/s  failures/s
--------|----------------------------------------------------------------------------|-------|-------------|-------|-------|-------|-------|--------|-----------
GET      /tools.descartes.teastore.webui/category?category=[id]&page=[n]                 1751     0(0.00%) |    670      12    7033     66 |   20.00        0.00
GET      /tools.descartes.teastore.webui/home                                             700     0(0.00%) |    368       4    4926     39 |    9.70        0.00
GET      /tools.descartes.teastore.webui/product?id=[id]                                 1069     0(0.00%) |    748      19    7892     91 |   14.20        0.00
--------|----------------------------------------------------------------------------|-------|-------------|-------|-------|-------|-------|--------|-----------
         Aggregated                                                                      3520     0(0.00%) |    634       4    7892     66 |   43.90        0.00

Type     Name                                                                          # reqs      # fails |    Avg     Min     Max    Med |   req/s  failures/s
--------|----------------------------------------------------------------------------|-------|-------------|-------|-------|-------|-------|--------|-----------
GET      /tools.descartes.teastore.webui/category?category=[id]&page=[n]                 1833     0(0.00%) |    643      12    7033     65 |   26.60        0.00
GET      /tools.descartes.teastore.webui/home                                             731     0(0.00%) |    354       4    4926     33 |   12.30        0.00
GET      /tools.descartes.teastore.webui/product?id=[id]                                 1110     0(0.00%) |    725      19    7892     89 |   15.10        0.00
--------|----------------------------------------------------------------------------|-------|-------------|-------|-------|-------|-------|--------|-----------
         Aggregated                                                                      3674     0(0.00%) |    610       4    7892     65 |   54.00        0.00

Type     Name                                                                          # reqs      # fails |    Avg     Min     Max    Med |   req/s  failures/s
--------|----------------------------------------------------------------------------|-------|-------------|-------|-------|-------|-------|--------|-----------
GET      /tools.descartes.teastore.webui/category?category=[id]&page=[n]                 1901     0(0.00%) |    624      12    7033     62 |   29.20        0.00
GET      /tools.descartes.teastore.webui/home                                             760     0(0.00%) |    342       4    4926     29 |   13.50        0.00
GET      /tools.descartes.teastore.webui/product?id=[id]                                 1165     0(0.00%) |    695      19    7892     84 |   16.80        0.00
--------|----------------------------------------------------------------------------|-------|-------------|-------|-------|-------|-------|--------|-----------
         Aggregated                                                                      3826     0(0.00%) |    589       4    7892     63 |   59.50        0.00

Type     Name                                                                          # reqs      # fails |    Avg     Min     Max    Med |   req/s  failures/s
--------|----------------------------------------------------------------------------|-------|-------------|-------|-------|-------|-------|--------|-----------
GET      /tools.descartes.teastore.webui/category?category=[id]&page=[n]                 1972     0(0.00%) |    602      12    7033     54 |   32.00        0.00
GET      /tools.descartes.teastore.webui/home                                             788     0(0.00%) |    331       4    4926     25 |   14.10        0.00
GET      /tools.descartes.teastore.webui/product?id=[id]                                 1212     0(0.00%) |    670      19    7892     78 |   20.80        0.00
--------|----------------------------------------------------------------------------|-------|-------------|-------|-------|-------|-------|--------|-----------
         Aggregated                                                                      3972     0(0.00%) |    569       4    7892     58 |   66.90        0.00

Type     Name                                                                          # reqs      # fails |    Avg     Min     Max    Med |   req/s  failures/s
--------|----------------------------------------------------------------------------|-------|-------------|-------|-------|-------|-------|--------|-----------
GET      /tools.descartes.teastore.webui/category?category=[id]&page=[n]                 2046     0(0.00%) |    583      12    7033     52 |   36.80        0.00
GET      /tools.descartes.teastore.webui/home                                             818     0(0.00%) |    320       4    4926     23 |   14.60        0.00
GET      /tools.descartes.teastore.webui/product?id=[id]                                 1255     0(0.00%) |    650      19    7892     77 |   23.10        0.00
--------|----------------------------------------------------------------------------|-------|-------------|-------|-------|-------|-------|--------|-----------
         Aggregated                                                                      4119     0(0.00%) |    551       4    7892     56 |   74.50        0.00

Type     Name                                                                          # reqs      # fails |    Avg     Min     Max    Med |   req/s  failures/s
--------|----------------------------------------------------------------------------|-------|-------------|-------|-------|-------|-------|--------|-----------
GET      /tools.descartes.teastore.webui/category?category=[id]&page=[n]                 2105     0(0.00%) |    571      12    7033     55 |   38.20        0.00
GET      /tools.descartes.teastore.webui/home                                             841     0(0.00%) |    314       4    4926     24 |   15.40        0.00
GET      /tools.descartes.teastore.webui/product?id=[id]                                 1302     0(0.00%) |    636      19    7892     82 |   22.80        0.00
--------|----------------------------------------------------------------------------|-------|-------------|-------|-------|-------|-------|--------|-----------
         Aggregated                                                                      4248     0(0.00%) |    540       4    7892     59 |   76.40        0.00

Type     Name                                                                          # reqs      # fails |    Avg     Min     Max    Med |   req/s  failures/s
--------|----------------------------------------------------------------------------|-------|-------------|-------|-------|-------|-------|--------|-----------
GET      /tools.descartes.teastore.webui/category?category=[id]&page=[n]                 2168     0(0.00%) |    559      12    7033     58 |   38.80        0.00
GET      /tools.descartes.teastore.webui/home                                             870     0(0.00%) |    307       4    4926     25 |   14.80        0.00
GET      /tools.descartes.teastore.webui/product?id=[id]                                 1358     0(0.00%) |    624      19    7892     91 |   23.90        0.00
--------|----------------------------------------------------------------------------|-------|-------------|-------|-------|-------|-------|--------|-----------
         Aggregated                                                                      4396     0(0.00%) |    529       4    7892     62 |   77.50        0.00

Type     Name                                                                          # reqs      # fails |    Avg     Min     Max    Med |   req/s  failures/s
--------|----------------------------------------------------------------------------|-------|-------------|-------|-------|-------|-------|--------|-----------
GET      /tools.descartes.teastore.webui/category?category=[id]&page=[n]                 2232     0(0.00%) |    544      12    7033     54 |   33.80        0.00
GET      /tools.descartes.teastore.webui/home                                             904     0(0.00%) |    296       4    4926     23 |   13.50        0.00
GET      /tools.descartes.teastore.webui/product?id=[id]                                 1398     0(0.00%) |    608      19    7892     84 |   24.50        0.00
--------|----------------------------------------------------------------------------|-------|-------------|-------|-------|-------|-------|--------|-----------
         Aggregated                                                                      4534     0(0.00%) |    514       4    7892     58 |   71.80        0.00

Type     Name                                                                          # reqs      # fails |    Avg     Min     Max    Med |   req/s  failures/s
--------|----------------------------------------------------------------------------|-------|-------------|-------|-------|-------|-------|--------|-----------
GET      /tools.descartes.teastore.webui/category?category=[id]&page=[n]                 2312     0(0.00%) |    527      12    7033     50 |   33.40        0.00
GET      /tools.descartes.teastore.webui/home                                             930     0(0.00%) |    289       4    4926     20 |   14.50        0.00
GET      /tools.descartes.teastore.webui/product?id=[id]                                 1448     0(0.00%) |    589      19    7892     79 |   22.80        0.00
--------|----------------------------------------------------------------------------|-------|-------------|-------|-------|-------|-------|--------|-----------
         Aggregated                                                                      4690     0(0.00%) |    499       4    7892     53 |   70.70        0.00

Type     Name                                                                          # reqs      # fails |    Avg     Min     Max    Med |   req/s  failures/s
--------|----------------------------------------------------------------------------|-------|-------------|-------|-------|-------|-------|--------|-----------
GET      /tools.descartes.teastore.webui/category?category=[id]&page=[n]                 2383     0(0.00%) |    518      12    7033     50 |   32.70        0.00
GET      /tools.descartes.teastore.webui/home                                             972     0(0.00%) |    283       4    4926     20 |   14.50        0.00
GET      /tools.descartes.teastore.webui/product?id=[id]                                 1480     0(0.00%) |    582      19    7892     79 |   22.70        0.00
--------|----------------------------------------------------------------------------|-------|-------------|-------|-------|-------|-------|--------|-----------
         Aggregated                                                                      4835     0(0.00%) |    490       4    7892     54 |   69.90        0.00

Type     Name                                                                          # reqs      # fails |    Avg     Min     Max    Med |   req/s  failures/s
--------|----------------------------------------------------------------------------|-------|-------------|-------|-------|-------|-------|--------|-----------
GET      /tools.descartes.teastore.webui/category?category=[id]&page=[n]                 2461     0(0.00%) |    505      12    7033     50 |   31.90        0.00
GET      /tools.descartes.teastore.webui/home                                            1005     0(0.00%) |    276       4    4926     21 |   14.80        0.00
GET      /tools.descartes.teastore.webui/product?id=[id]                                 1511     0(0.00%) |    574      19    7892     82 |   22.00        0.00
--------|----------------------------------------------------------------------------|-------|-------------|-------|-------|-------|-------|--------|-----------
         Aggregated                                                                      4977     0(0.00%) |    480       4    7892     53 |   68.70        0.00

Type     Name                                                                          # reqs      # fails |    Avg     Min     Max    Med |   req/s  failures/s
--------|----------------------------------------------------------------------------|-------|-------------|-------|-------|-------|-------|--------|-----------
GET      /tools.descartes.teastore.webui/category?category=[id]&page=[n]                 2544     0(0.00%) |    491      12    7033     48 |   34.00        0.00
GET      /tools.descartes.teastore.webui/home                                            1038     0(0.00%) |    269       4    4926     21 |   16.50        0.00
GET      /tools.descartes.teastore.webui/product?id=[id]                                 1555     0(0.00%) |    561      19    7892     79 |   20.90        0.00
--------|----------------------------------------------------------------------------|-------|-------------|-------|-------|-------|-------|--------|-----------
         Aggregated                                                                      5137     0(0.00%) |    467       4    7892     52 |   71.40        0.00

Type     Name                                                                          # reqs      # fails |    Avg     Min     Max    Med |   req/s  failures/s
--------|----------------------------------------------------------------------------|-------|-------------|-------|-------|-------|-------|--------|-----------
GET      /tools.descartes.teastore.webui/category?category=[id]&page=[n]                 2625     0(0.00%) |    480      12    7033     48 |   36.40        0.00
GET      /tools.descartes.teastore.webui/home                                            1059     0(0.00%) |    265       4    4926     21 |   17.20        0.00
GET      /tools.descartes.teastore.webui/product?id=[id]                                 1580     0(0.00%) |    554      19    7892     78 |   19.70        0.00
--------|----------------------------------------------------------------------------|-------|-------------|-------|-------|-------|-------|--------|-----------
         Aggregated                                                                      5264     0(0.00%) |    459       4    7892     52 |   73.30        0.00

Type     Name                                                                          # reqs      # fails |    Avg     Min     Max    Med |   req/s  failures/s
--------|----------------------------------------------------------------------------|-------|-------------|-------|-------|-------|-------|--------|-----------
GET      /tools.descartes.teastore.webui/category?category=[id]&page=[n]                 2716     0(0.00%) |    470      12    7033     47 |   38.90        0.00
GET      /tools.descartes.teastore.webui/home                                            1076     0(0.00%) |    263       4    4926     21 |   15.80        0.00
GET      /tools.descartes.teastore.webui/product?id=[id]                                 1625     0(0.00%) |    547      19    7892     79 |   19.50        0.00
--------|----------------------------------------------------------------------------|-------|-------------|-------|-------|-------|-------|--------|-----------
         Aggregated                                                                      5417     0(0.00%) |    452       4    7892     52 |   74.20        0.00

Type     Name                                                                          # reqs      # fails |    Avg     Min     Max    Med |   req/s  failures/s
--------|----------------------------------------------------------------------------|-------|-------------|-------|-------|-------|-------|--------|-----------
GET      /tools.descartes.teastore.webui/category?category=[id]&page=[n]                 2792     0(0.00%) |    459      12    7033     47 |   40.30        0.00
GET      /tools.descartes.teastore.webui/home                                            1096     0(0.00%) |    259       4    4926     20 |   14.80        0.00
GET      /tools.descartes.teastore.webui/product?id=[id]                                 1682     0(0.00%) |    532      19    7892     78 |   18.60        0.00
--------|----------------------------------------------------------------------------|-------|-------------|-------|-------|-------|-------|--------|-----------
         Aggregated                                                                      5570     0(0.00%) |    442       4    7892     52 |   73.70        0.00

Type     Name                                                                          # reqs      # fails |    Avg     Min     Max    Med |   req/s  failures/s
--------|----------------------------------------------------------------------------|-------|-------------|-------|-------|-------|-------|--------|-----------
GET      /tools.descartes.teastore.webui/category?category=[id]&page=[n]                 2814     0(0.00%) |    459      12    7033     48 |   41.40        0.00
GET      /tools.descartes.teastore.webui/home                                            1116     0(0.00%) |    259       4    4926     23 |   13.70        0.00
GET      /tools.descartes.teastore.webui/product?id=[id]                                 1703     0(0.00%) |    535      19    7892     82 |   19.40        0.00
--------|----------------------------------------------------------------------------|-------|-------------|-------|-------|-------|-------|--------|-----------
         Aggregated                                                                      5633     0(0.00%) |    443       4    7892     53 |   74.50        0.00

Type     Name                                                                          # reqs      # fails |    Avg     Min     Max    Med |   req/s  failures/s
--------|----------------------------------------------------------------------------|-------|-------------|-------|-------|-------|-------|--------|-----------
GET      /tools.descartes.teastore.webui/category?category=[id]&page=[n]                 2910     0(0.00%) |    457      12    7033     48 |   37.10        0.00
GET      /tools.descartes.teastore.webui/home                                            1146     0(0.00%) |    255       4    4926     23 |   10.80        0.00
GET      /tools.descartes.teastore.webui/product?id=[id]                                 1762     0(0.00%) |    531      19    7892     82 |   18.90        0.00
--------|----------------------------------------------------------------------------|-------|-------------|-------|-------|-------|-------|--------|-----------
         Aggregated                                                                      5818     0(0.00%) |    440       4    7892     53 |   66.80        0.00

Type     Name                                                                          # reqs      # fails |    Avg     Min     Max    Med |   req/s  failures/s
--------|----------------------------------------------------------------------------|-------|-------------|-------|-------|-------|-------|--------|-----------
GET      /tools.descartes.teastore.webui/category?category=[id]&page=[n]                 2980     0(0.00%) |    453      12    7033     49 |   37.00        0.00
GET      /tools.descartes.teastore.webui/home                                            1172     0(0.00%) |    251       4    4926     21 |   10.40        0.00
GET      /tools.descartes.teastore.webui/product?id=[id]                                 1804     0(0.00%) |    525      19    7892     82 |   20.80        0.00
--------|----------------------------------------------------------------------------|-------|-------------|-------|-------|-------|-------|--------|-----------
         Aggregated                                                                      5956     0(0.00%) |    435       4    7892     54 |   68.20        0.00

Type     Name                                                                          # reqs      # fails |    Avg     Min     Max    Med |   req/s  failures/s
--------|----------------------------------------------------------------------------|-------|-------------|-------|-------|-------|-------|--------|-----------
GET      /tools.descartes.teastore.webui/category?category=[id]&page=[n]                 3051     0(0.00%) |    444      12    7033     49 |   36.10        0.00
GET      /tools.descartes.teastore.webui/home                                            1201     0(0.00%) |    246       4    4926     22 |   10.70        0.00
GET      /tools.descartes.teastore.webui/product?id=[id]                                 1846     0(0.00%) |    516      19    7892     82 |   21.40        0.00
--------|----------------------------------------------------------------------------|-------|-------------|-------|-------|-------|-------|--------|-----------
         Aggregated                                                                      6098     0(0.00%) |    427       4    7892     53 |   68.20        0.00

Type     Name                                                                          # reqs      # fails |    Avg     Min     Max    Med |   req/s  failures/s
--------|----------------------------------------------------------------------------|-------|-------------|-------|-------|-------|-------|--------|-----------
GET      /tools.descartes.teastore.webui/category?category=[id]&page=[n]                 3123     0(0.00%) |    435      12    7033     47 |   33.70        0.00
GET      /tools.descartes.teastore.webui/home                                            1233     0(0.00%) |    241       4    4926     20 |   11.70        0.00
GET      /tools.descartes.teastore.webui/product?id=[id]                                 1899     0(0.00%) |    503      19    7892     76 |   21.40        0.00
--------|----------------------------------------------------------------------------|-------|-------------|-------|-------|-------|-------|--------|-----------
         Aggregated                                                                      6255     0(0.00%) |    417       4    7892     51 |   66.80        0.00

Type     Name                                                                          # reqs      # fails |    Avg     Min     Max    Med |   req/s  failures/s
--------|----------------------------------------------------------------------------|-------|-------------|-------|-------|-------|-------|--------|-----------
GET      /tools.descartes.teastore.webui/category?category=[id]&page=[n]                 3190     0(0.00%) |    427      12    7033     46 |   34.60        0.00
GET      /tools.descartes.teastore.webui/home                                            1279     0(0.00%) |    233       4    4926     20 |   12.90        0.00
GET      /tools.descartes.teastore.webui/product?id=[id]                                 1947     0(0.00%) |    494      19    7892     78 |   23.10        0.00
--------|----------------------------------------------------------------------------|-------|-------------|-------|-------|-------|-------|--------|-----------
         Aggregated                                                                      6416     0(0.00%) |    408       4    7892     51 |   70.60        0.00

Type     Name                                                                          # reqs      # fails |    Avg     Min     Max    Med |   req/s  failures/s
--------|----------------------------------------------------------------------------|-------|-------------|-------|-------|-------|-------|--------|-----------
GET      /tools.descartes.teastore.webui/category?category=[id]&page=[n]                 3244     0(0.00%) |    427      12    7033     48 |   36.50        0.00
GET      /tools.descartes.teastore.webui/home                                            1300     0(0.00%) |    233       4    4926     21 |   15.40        0.00
GET      /tools.descartes.teastore.webui/product?id=[id]                                 1968     0(0.00%) |    493      19    7892     81 |   24.40        0.00
--------|----------------------------------------------------------------------------|-------|-------------|-------|-------|-------|-------|--------|-----------
         Aggregated                                                                      6512     0(0.00%) |    408       4    7892     52 |   76.30        0.00

Type     Name                                                                          # reqs      # fails |    Avg     Min     Max    Med |   req/s  failures/s
--------|----------------------------------------------------------------------------|-------|-------------|-------|-------|-------|-------|--------|-----------
GET      /tools.descartes.teastore.webui/category?category=[id]&page=[n]                 3291     0(0.00%) |    437      12    7033     51 |   34.70        0.00
GET      /tools.descartes.teastore.webui/home                                            1322     0(0.00%) |    240       4    4926     22 |   15.60        0.00
GET      /tools.descartes.teastore.webui/product?id=[id]                                 2015     0(0.00%) |    509      19    7892     86 |   21.20        0.00
--------|----------------------------------------------------------------------------|-------|-------------|-------|-------|-------|-------|--------|-----------
         Aggregated                                                                      6628     0(0.00%) |    419       4    7892     55 |   71.50        0.00

Type     Name                                                                          # reqs      # fails |    Avg     Min     Max    Med |   req/s  failures/s
--------|----------------------------------------------------------------------------|-------|-------------|-------|-------|-------|-------|--------|-----------
GET      /tools.descartes.teastore.webui/category?category=[id]&page=[n]                 3352     0(0.00%) |    429      12    7033     50 |   28.40        0.00
GET      /tools.descartes.teastore.webui/home                                            1351     0(0.00%) |    236       4    4926     21 |   14.50        0.00
GET      /tools.descartes.teastore.webui/product?id=[id]                                 2062     0(0.00%) |    499      19    7892     85 |   19.70        0.00
--------|----------------------------------------------------------------------------|-------|-------------|-------|-------|-------|-------|--------|-----------
         Aggregated                                                                      6765     0(0.00%) |    412       4    7892     54 |   62.60        0.00

Type     Name                                                                          # reqs      # fails |    Avg     Min     Max    Med |   req/s  failures/s
--------|----------------------------------------------------------------------------|-------|-------------|-------|-------|-------|-------|--------|-----------
GET      /tools.descartes.teastore.webui/category?category=[id]&page=[n]                 3412     0(0.00%) |    429      12    7033     52 |   31.10        0.00
GET      /tools.descartes.teastore.webui/home                                            1376     0(0.00%) |    234       4    4926     22 |   15.20        0.00
GET      /tools.descartes.teastore.webui/product?id=[id]                                 2109     0(0.00%) |    498      19    7892     89 |   21.00        0.00
--------|----------------------------------------------------------------------------|-------|-------------|-------|-------|-------|-------|--------|-----------
         Aggregated                                                                      6897     0(0.00%) |    411       4    7892     56 |   67.30        0.00

[2026-02-22 16:16:04,280] Syrils-Macbook-Pro/INFO/locust.main: --run-time limit reached, shutting down
[2026-02-22 16:16:04,346] Syrils-Macbook-Pro/INFO/locust.main: Shutting down (exit code 0)
Type     Name                                                                          # reqs      # fails |    Avg     Min     Max    Med |   req/s  failures/s
--------|----------------------------------------------------------------------------|-------|-------------|-------|-------|-------|-------|--------|-----------
GET      /tools.descartes.teastore.webui/category?category=[id]&page=[n]                 3470     0(0.00%) |    422      12    7033     50 |   29.00        0.00
GET      /tools.descartes.teastore.webui/home                                            1404     0(0.00%) |    230       4    4926     21 |   11.74        0.00
GET      /tools.descartes.teastore.webui/product?id=[id]                                 2137     0(0.00%) |    492      19    7892     87 |   17.86        0.00
--------|----------------------------------------------------------------------------|-------|-------------|-------|-------|-------|-------|--------|-----------
         Aggregated                                                                      7011     0(0.00%) |    405       4    7892     54 |   58.60        0.00

Response time percentiles (approximated)
Type     Name                                                                                  50%    66%    75%    80%    90%    95%    98%    99%  99.9% 99.99%   100% # reqs
--------|--------------------------------------------------------------------------------|--------|------|------|------|------|------|------|------|------|------|------|------
GET      /tools.descartes.teastore.webui/category?category=[id]&page=[n]                        50    150    300    450   1100   2300   4800   5400   6200   7000   7000   3470
GET      /tools.descartes.teastore.webui/home                                                   21     79    160    250    610   1100   2200   3900   4800   4900   4900   1404
GET      /tools.descartes.teastore.webui/product?id=[id]                                        87    190    380    590   1400   2300   5200   6200   7500   7900   7900   2137
--------|--------------------------------------------------------------------------------|--------|------|------|------|------|------|------|------|------|------|------|------
         Aggregated                                                                             54    150    290    420   1100   2000   4600   5500   6700   7900   7900   7011

