[2026-02-22 16:07:18,023] Syrils-Macbook-Pro/INFO/locust.main: Starting Locust 2.43.3
[2026-02-22 16:07:18,026] Syrils-Macbook-Pro/INFO/locust.main: Run time limit set to 120 seconds
Type     Name                                                                          # reqs      # fails |    Avg     Min     Max    Med |   req/s  failures/s
--------|----------------------------------------------------------------------------|-------|-------------|-------|-------|-------|-------|--------|-----------
--------|----------------------------------------------------------------------------|-------|-------------|-------|-------|-------|-------|--------|-----------
         Aggregated                                                                         0     0(0.00%) |      0       0       0      0 |    0.00        0.00

[2026-02-22 16:07:18,027] Syrils-Macbook-Pro/INFO/locust.runners: Ramping to 10 users at a rate of 10.00 per second
[2026-02-22 16:07:18,027] Syrils-Macbook-Pro/INFO/locust.runners: All users spawned: {"ImageServiceUser": 10} (10 total users)
Type     Name                                                                          # reqs      # fails |    Avg     Min     Max    Med |   req/s  failures/s
--------|----------------------------------------------------------------------------|-------|-------------|-------|-------|-------|-------|--------|-----------
GET      /tools.descartes.teastore.webui/category?category=[id]&page=[n]                    7     0(0.00%) |   1275    1090    1366   1300 |    0.00        0.00
GET      /tools.descartes.teastore.webui/home                                               1     0(0.00%) |    402     402     402    402 |    0.00        0.00
GET      /tools.descartes.teastore.webui/product?id=[id]                                    2     0(0.00%) |   1321    1320    1322   1320 |    0.00        0.00
--------|----------------------------------------------------------------------------|-------|-------------|-------|-------|-------|-------|--------|-----------
         Aggregated                                                                        10     0(0.00%) |   1197     402    1366   1300 |    0.00        0.00

Type     Name                                                                          # reqs      # fails |    Avg     Min     Max    Med |   req/s  failures/s
--------|----------------------------------------------------------------------------|-------|-------------|-------|-------|-------|-------|--------|-----------
GET      /tools.descartes.teastore.webui/category?category=[id]&page=[n]                   12     0(0.00%) |    757      20    1366   1100 |    0.00        0.00
GET      /tools.descartes.teastore.webui/home                                               7     0(0.00%) |     70      10     402     16 |    1.00        0.00
GET      /tools.descartes.teastore.webui/product?id=[id]                                   10     0(0.00%) |    305      33    1322     58 |    0.00        0.00
--------|----------------------------------------------------------------------------|-------|-------------|-------|-------|-------|-------|--------|-----------
         Aggregated                                                                        29     0(0.00%) |    435      10    1366     49 |    1.00        0.00

Type     Name                                                                          # reqs      # fails |    Avg     Min     Max    Med |   req/s  failures/s
--------|----------------------------------------------------------------------------|-------|-------------|-------|-------|-------|-------|--------|-----------
GET      /tools.descartes.teastore.webui/category?category=[id]&page=[n]                   19     0(0.00%) |    490      20    1366     43 |    3.00        0.00
GET      /tools.descartes.teastore.webui/home                                              12     0(0.00%) |     46      10     402     14 |    1.75        0.00
GET      /tools.descartes.teastore.webui/product?id=[id]                                   11     0(0.00%) |    282      33    1322     58 |    2.50        0.00
--------|----------------------------------------------------------------------------|-------|-------------|-------|-------|-------|-------|--------|-----------
         Aggregated                                                                        42     0(0.00%) |    309      10    1366     39 |    7.25        0.00

Type     Name                                                                          # reqs      # fails |    Avg     Min     Max    Med |   req/s  failures/s
--------|----------------------------------------------------------------------------|-------|-------------|-------|-------|-------|-------|--------|-----------
GET      /tools.descartes.teastore.webui/category?category=[id]&page=[n]                   25     0(0.00%) |    379      20    1366     33 |    3.20        0.00
GET      /tools.descartes.teastore.webui/home                                              19     0(0.00%) |     36       9     402     16 |    1.80        0.00
GET      /tools.descartes.teastore.webui/product?id=[id]                                   13     0(0.00%) |    248      33    1322     58 |    2.20        0.00
--------|----------------------------------------------------------------------------|-------|-------------|-------|-------|-------|-------|--------|-----------
         Aggregated                                                                        57     0(0.00%) |    235       9    1366     32 |    7.20        0.00

Type     Name                                                                          # reqs      # fails |    Avg     Min     Max    Med |   req/s  failures/s
--------|----------------------------------------------------------------------------|-------|-------------|-------|-------|-------|-------|--------|-----------
GET      /tools.descartes.teastore.webui/category?category=[id]&page=[n]                   32     0(0.00%) |    303      20    1366     33 |    3.12        0.00
GET      /tools.descartes.teastore.webui/home                                              24     0(0.00%) |     35       8     402     16 |    2.38        0.00
GET      /tools.descartes.teastore.webui/product?id=[id]                                   16     0(0.00%) |    217      33    1322     56 |    1.62        0.00
--------|----------------------------------------------------------------------------|-------|-------------|-------|-------|-------|-------|--------|-----------
         Aggregated                                                                        72     0(0.00%) |    195       8    1366     32 |    7.12        0.00

Type     Name                                                                          # reqs      # fails |    Avg     Min     Max    Med |   req/s  failures/s
--------|----------------------------------------------------------------------------|-------|-------------|-------|-------|-------|-------|--------|-----------
GET      /tools.descartes.teastore.webui/category?category=[id]&page=[n]                   40     0(0.00%) |    248      18    1366     29 |    3.00        0.00
GET      /tools.descartes.teastore.webui/home                                              25     0(0.00%) |     34       8     402     16 |    2.44        0.00
GET      /tools.descartes.teastore.webui/product?id=[id]                                   23     0(0.00%) |    164      31    1322     54 |    1.67        0.00
--------|----------------------------------------------------------------------------|-------|-------------|-------|-------|-------|-------|--------|-----------
         Aggregated                                                                        88     0(0.00%) |    165       8    1366     32 |    7.11        0.00

Type     Name                                                                          # reqs      # fails |    Avg     Min     Max    Med |   req/s  failures/s
--------|----------------------------------------------------------------------------|-------|-------------|-------|-------|-------|-------|--------|-----------
GET      /tools.descartes.teastore.webui/category?category=[id]&page=[n]                   46     0(0.00%) |    219      18    1366     28 |    3.70        0.00
GET      /tools.descartes.teastore.webui/home                                              28     0(0.00%) |     32       8     402     15 |    2.30        0.00
GET      /tools.descartes.teastore.webui/product?id=[id]                                   28     0(0.00%) |    147      30    1322     54 |    2.00        0.00
--------|----------------------------------------------------------------------------|-------|-------------|-------|-------|-------|-------|--------|-----------
         Aggregated                                                                       102     0(0.00%) |    148       8    1366     29 |    8.00        0.00

Type     Name                                                                          # reqs      # fails |    Avg     Min     Max    Med |   req/s  failures/s
--------|----------------------------------------------------------------------------|-------|-------------|-------|-------|-------|-------|--------|-----------
GET      /tools.descartes.teastore.webui/category?category=[id]&page=[n]                   56     0(0.00%) |    184      18    1366     28 |    3.40        0.00
GET      /tools.descartes.teastore.webui/home                                              31     0(0.00%) |     30       8     402     14 |    2.20        0.00
GET      /tools.descartes.teastore.webui/product?id=[id]                                   33     0(0.00%) |    131      30    1322     50 |    1.90        0.00
--------|----------------------------------------------------------------------------|-------|-------------|-------|-------|-------|-------|--------|-----------
         Aggregated                                                                       120     0(0.00%) |    130       8    1366     29 |    7.50        0.00

Type     Name                                                                          # reqs      # fails |    Avg     Min     Max    Med |   req/s  failures/s
--------|----------------------------------------------------------------------------|-------|-------------|-------|-------|-------|-------|--------|-----------
GET      /tools.descartes.teastore.webui/category?category=[id]&page=[n]                   63     0(0.00%) |    166      18    1366     27 |    3.70        0.00
GET      /tools.descartes.teastore.webui/home                                              33     0(0.00%) |     29       8     402     14 |    2.00        0.00
GET      /tools.descartes.teastore.webui/product?id=[id]                                   40     0(0.00%) |    117      30    1322     46 |    2.20        0.00
--------|----------------------------------------------------------------------------|-------|-------------|-------|-------|-------|-------|--------|-----------
         Aggregated                                                                       136     0(0.00%) |    119       8    1366     29 |    7.90        0.00

Type     Name                                                                          # reqs      # fails |    Avg     Min     Max    Med |   req/s  failures/s
--------|----------------------------------------------------------------------------|-------|-------------|-------|-------|-------|-------|--------|-----------
GET      /tools.descartes.teastore.webui/category?category=[id]&page=[n]                   68     0(0.00%) |    156      17    1366     27 |    3.80        0.00
GET      /tools.descartes.teastore.webui/home                                              34     0(0.00%) |     29       8     402     14 |    1.50        0.00
GET      /tools.descartes.teastore.webui/product?id=[id]                                   47     0(0.00%) |    105      30    1322     45 |    2.60        0.00
--------|----------------------------------------------------------------------------|-------|-------------|-------|-------|-------|-------|--------|-----------
         Aggregated                                                                       149     0(0.00%) |    111       8    1366     30 |    7.90        0.00

Type     Name                                                                          # reqs      # fails |    Avg     Min     Max    Med |   req/s  failures/s
--------|----------------------------------------------------------------------------|-------|-------------|-------|-------|-------|-------|--------|-----------
GET      /tools.descartes.teastore.webui/category?category=[id]&page=[n]                   75     0(0.00%) |    144      17    1366     28 |    3.80        0.00
GET      /tools.descartes.teastore.webui/home                                              35     0(0.00%) |     28       8     402     14 |    1.10        0.00
GET      /tools.descartes.teastore.webui/product?id=[id]                                   52     0(0.00%) |     99      30    1322     45 |    2.70        0.00
--------|----------------------------------------------------------------------------|-------|-------------|-------|-------|-------|-------|--------|-----------
         Aggregated                                                                       162     0(0.00%) |    105       8    1366     31 |    7.60        0.00

Type     Name                                                                          # reqs      # fails |    Avg     Min     Max    Med |   req/s  failures/s
--------|----------------------------------------------------------------------------|-------|-------------|-------|-------|-------|-------|--------|-----------
GET      /tools.descartes.teastore.webui/category?category=[id]&page=[n]                   82     0(0.00%) |    134      17    1366     27 |    3.50        0.00
GET      /tools.descartes.teastore.webui/home                                              37     0(0.00%) |     27       8     402     14 |    1.00        0.00
GET      /tools.descartes.teastore.webui/product?id=[id]                                   58     0(0.00%) |     93      30    1322     43 |    3.00        0.00
--------|----------------------------------------------------------------------------|-------|-------------|-------|-------|-------|-------|--------|-----------
         Aggregated                                                                       177     0(0.00%) |     98       8    1366     31 |    7.50        0.00

Type     Name                                                                          # reqs      # fails |    Avg     Min     Max    Med |   req/s  failures/s
--------|----------------------------------------------------------------------------|-------|-------------|-------|-------|-------|-------|--------|-----------
GET      /tools.descartes.teastore.webui/category?category=[id]&page=[n]                   85     0(0.00%) |    131      17    1366     27 |    3.60        0.00
GET      /tools.descartes.teastore.webui/home                                              41     0(0.00%) |     26       8     402     13 |    0.90        0.00
GET      /tools.descartes.teastore.webui/product?id=[id]                                   66     0(0.00%) |     88      30    1322     43 |    3.00        0.00
--------|----------------------------------------------------------------------------|-------|-------------|-------|-------|-------|-------|--------|-----------
         Aggregated                                                                       192     0(0.00%) |     94       8    1366     31 |    7.50        0.00

Type     Name                                                                          # reqs      # fails |    Avg     Min     Max    Med |   req/s  failures/s
--------|----------------------------------------------------------------------------|-------|-------------|-------|-------|-------|-------|--------|-----------
GET      /tools.descartes.teastore.webui/category?category=[id]&page=[n]                   94     0(0.00%) |    121      17    1366     27 |    2.90        0.00
GET      /tools.descartes.teastore.webui/home                                              43     0(0.00%) |     25       8     402     13 |    0.90        0.00
GET      /tools.descartes.teastore.webui/product?id=[id]                                   72     0(0.00%) |     85      30    1322     44 |    3.30        0.00
--------|----------------------------------------------------------------------------|-------|-------------|-------|-------|-------|-------|--------|-----------
         Aggregated                                                                       209     0(0.00%) |     89       8    1366     31 |    7.10        0.00

Type     Name                                                                          # reqs      # fails |    Avg     Min     Max    Med |   req/s  failures/s
--------|----------------------------------------------------------------------------|-------|-------------|-------|-------|-------|-------|--------|-----------
GET      /tools.descartes.teastore.webui/category?category=[id]&page=[n]                  100     0(0.00%) |    116      17    1366     27 |    3.10        0.00
GET      /tools.descartes.teastore.webui/home                                              47     0(0.00%) |     24       8     402     13 |    1.00        0.00
GET      /tools.descartes.teastore.webui/product?id=[id]                                   77     0(0.00%) |     82      30    1322     43 |    3.20        0.00
--------|----------------------------------------------------------------------------|-------|-------------|-------|-------|-------|-------|--------|-----------
         Aggregated                                                                       224     0(0.00%) |     85       8    1366     31 |    7.30        0.00

Type     Name                                                                          # reqs      # fails |    Avg     Min     Max    Med |   req/s  failures/s
--------|----------------------------------------------------------------------------|-------|-------------|-------|-------|-------|-------|--------|-----------
GET      /tools.descartes.teastore.webui/category?category=[id]&page=[n]                  107     0(0.00%) |    113      17    1366     27 |    3.00        0.00
GET      /tools.descartes.teastore.webui/home                                              49     0(0.00%) |     25       8     402     13 |    1.30        0.00
GET      /tools.descartes.teastore.webui/product?id=[id]                                   84     0(0.00%) |     81      28    1322     42 |    2.90        0.00
--------|----------------------------------------------------------------------------|-------|-------------|-------|-------|-------|-------|--------|-----------
         Aggregated                                                                       240     0(0.00%) |     84       8    1366     31 |    7.20        0.00

Type     Name                                                                          # reqs      # fails |    Avg     Min     Max    Med |   req/s  failures/s
--------|----------------------------------------------------------------------------|-------|-------------|-------|-------|-------|-------|--------|-----------
GET      /tools.descartes.teastore.webui/category?category=[id]&page=[n]                  114     0(0.00%) |    108      17    1366     27 |    3.20        0.00
GET      /tools.descartes.teastore.webui/home                                              51     0(0.00%) |     25       8     402     13 |    1.30        0.00
GET      /tools.descartes.teastore.webui/product?id=[id]                                   89     0(0.00%) |     79      28    1322     43 |    3.20        0.00
--------|----------------------------------------------------------------------------|-------|-------------|-------|-------|-------|-------|--------|-----------
         Aggregated                                                                       254     0(0.00%) |     81       8    1366     31 |    7.70        0.00

Type     Name                                                                          # reqs      # fails |    Avg     Min     Max    Med |   req/s  failures/s
--------|----------------------------------------------------------------------------|-------|-------------|-------|-------|-------|-------|--------|-----------
GET      /tools.descartes.teastore.webui/category?category=[id]&page=[n]                  122     0(0.00%) |    104      17    1366     27 |    3.10        0.00
GET      /tools.descartes.teastore.webui/home                                              56     0(0.00%) |     25       8     402     14 |    1.40        0.00
GET      /tools.descartes.teastore.webui/product?id=[id]                                   95     0(0.00%) |     77      28    1322     43 |    3.10        0.00
--------|----------------------------------------------------------------------------|-------|-------------|-------|-------|-------|-------|--------|-----------
         Aggregated                                                                       273     0(0.00%) |     78       8    1366     31 |    7.60        0.00

Type     Name                                                                          # reqs      # fails |    Avg     Min     Max    Med |   req/s  failures/s
--------|----------------------------------------------------------------------------|-------|-------------|-------|-------|-------|-------|--------|-----------
GET      /tools.descartes.teastore.webui/category?category=[id]&page=[n]                  130     0(0.00%) |     99      17    1366     27 |    3.60        0.00
GET      /tools.descartes.teastore.webui/home                                              58     0(0.00%) |     25       8     402     14 |    1.60        0.00
GET      /tools.descartes.teastore.webui/product?id=[id]                                  100     0(0.00%) |     76      28    1322     43 |    2.90        0.00
--------|----------------------------------------------------------------------------|-------|-------------|-------|-------|-------|-------|--------|-----------
         Aggregated                                                                       288     0(0.00%) |     76       8    1366     31 |    8.10        0.00

Type     Name                                                                          # reqs      # fails |    Avg     Min     Max    Med |   req/s  failures/s
--------|----------------------------------------------------------------------------|-------|-------------|-------|-------|-------|-------|--------|-----------
GET      /tools.descartes.teastore.webui/category?category=[id]&page=[n]                  137     0(0.00%) |     95      17    1366     28 |    3.60        0.00
GET      /tools.descartes.teastore.webui/home                                              60     0(0.00%) |     24       8     402     14 |    1.50        0.00
GET      /tools.descartes.teastore.webui/product?id=[id]                                  109     0(0.00%) |     73      28    1322     42 |    2.70        0.00
--------|----------------------------------------------------------------------------|-------|-------------|-------|-------|-------|-------|--------|-----------
         Aggregated                                                                       306     0(0.00%) |     73       8    1366     31 |    7.80        0.00

Type     Name                                                                          # reqs      # fails |    Avg     Min     Max    Med |   req/s  failures/s
--------|----------------------------------------------------------------------------|-------|-------------|-------|-------|-------|-------|--------|-----------
GET      /tools.descartes.teastore.webui/category?category=[id]&page=[n]                  144     0(0.00%) |     92      17    1366     27 |    3.90        0.00
GET      /tools.descartes.teastore.webui/home                                              62     0(0.00%) |     24       8     402     14 |    1.30        0.00
GET      /tools.descartes.teastore.webui/product?id=[id]                                  114     0(0.00%) |     72      28    1322     42 |    3.10        0.00
--------|----------------------------------------------------------------------------|-------|-------------|-------|-------|-------|-------|--------|-----------
         Aggregated                                                                       320     0(0.00%) |     72       8    1366     31 |    8.30        0.00

Type     Name                                                                          # reqs      # fails |    Avg     Min     Max    Med |   req/s  failures/s
--------|----------------------------------------------------------------------------|-------|-------------|-------|-------|-------|-------|--------|-----------
GET      /tools.descartes.teastore.webui/category?category=[id]&page=[n]                  153     0(0.00%) |     88      17    1366     27 |    4.20        0.00
GET      /tools.descartes.teastore.webui/home                                              65     0(0.00%) |     23       8     402     14 |    1.40        0.00
GET      /tools.descartes.teastore.webui/product?id=[id]                                  116     0(0.00%) |     71      26    1322     42 |    2.90        0.00
--------|----------------------------------------------------------------------------|-------|-------------|-------|-------|-------|-------|--------|-----------
         Aggregated                                                                       334     0(0.00%) |     70       8    1366     31 |    8.50        0.00

Type     Name                                                                          # reqs      # fails |    Avg     Min     Max    Med |   req/s  failures/s
--------|----------------------------------------------------------------------------|-------|-------------|-------|-------|-------|-------|--------|-----------
GET      /tools.descartes.teastore.webui/category?category=[id]&page=[n]                  157     0(0.00%) |     87      17    1366     27 |    4.00        0.00
GET      /tools.descartes.teastore.webui/home                                              74     0(0.00%) |     23       8     402     14 |    1.40        0.00
GET      /tools.descartes.teastore.webui/product?id=[id]                                  121     0(0.00%) |     72      26    1322     42 |    2.70        0.00
--------|----------------------------------------------------------------------------|-------|-------------|-------|-------|-------|-------|--------|-----------
         Aggregated                                                                       352     0(0.00%) |     68       8    1366     31 |    8.10        0.00

Type     Name                                                                          # reqs      # fails |    Avg     Min     Max    Med |   req/s  failures/s
--------|----------------------------------------------------------------------------|-------|-------------|-------|-------|-------|-------|--------|-----------
GET      /tools.descartes.teastore.webui/category?category=[id]&page=[n]                  162     0(0.00%) |     85      17    1366     27 |    3.50        0.00
GET      /tools.descartes.teastore.webui/home                                              81     0(0.00%) |     22       8     402     14 |    1.60        0.00
GET      /tools.descartes.teastore.webui/product?id=[id]                                  124     0(0.00%) |     72      26    1322     42 |    2.60        0.00
--------|----------------------------------------------------------------------------|-------|-------------|-------|-------|-------|-------|--------|-----------
         Aggregated                                                                       367     0(0.00%) |     67       8    1366     31 |    7.70        0.00

Type     Name                                                                          # reqs      # fails |    Avg     Min     Max    Med |   req/s  failures/s
--------|----------------------------------------------------------------------------|-------|-------------|-------|-------|-------|-------|--------|-----------
GET      /tools.descartes.teastore.webui/category?category=[id]&page=[n]                  168     0(0.00%) |     83      17    1366     27 |    3.30        0.00
GET      /tools.descartes.teastore.webui/home                                              86     0(0.00%) |     22       8     402     14 |    2.20        0.00
GET      /tools.descartes.teastore.webui/product?id=[id]                                  129     0(0.00%) |     71      26    1322     42 |    2.40        0.00
--------|----------------------------------------------------------------------------|-------|-------------|-------|-------|-------|-------|--------|-----------
         Aggregated                                                                       383     0(0.00%) |     65       8    1366     30 |    7.90        0.00

Type     Name                                                                          # reqs      # fails |    Avg     Min     Max    Med |   req/s  failures/s
--------|----------------------------------------------------------------------------|-------|-------------|-------|-------|-------|-------|--------|-----------
GET      /tools.descartes.teastore.webui/category?category=[id]&page=[n]                  178     0(0.00%) |     80      17    1366     27 |    3.10        0.00
GET      /tools.descartes.teastore.webui/home                                              88     0(0.00%) |     22       8     402     14 |    2.60        0.00
GET      /tools.descartes.teastore.webui/product?id=[id]                                  133     0(0.00%) |     70      26    1322     42 |    2.00        0.00
--------|----------------------------------------------------------------------------|-------|-------------|-------|-------|-------|-------|--------|-----------
         Aggregated                                                                       399     0(0.00%) |     64       8    1366     30 |    7.70        0.00

Type     Name                                                                          # reqs      # fails |    Avg     Min     Max    Med |   req/s  failures/s
--------|----------------------------------------------------------------------------|-------|-------------|-------|-------|-------|-------|--------|-----------
GET      /tools.descartes.teastore.webui/category?category=[id]&page=[n]                  183     0(0.00%) |     79      17    1366     26 |    3.20        0.00
GET      /tools.descartes.teastore.webui/home                                              92     0(0.00%) |     22       8     402     14 |    2.60        0.00
GET      /tools.descartes.teastore.webui/product?id=[id]                                  141     0(0.00%) |     70      26    1322     42 |    1.90        0.00
--------|----------------------------------------------------------------------------|-------|-------------|-------|-------|-------|-------|--------|-----------
         Aggregated                                                                       416     0(0.00%) |     63       8    1366     30 |    7.70        0.00

Type     Name                                                                          # reqs      # fails |    Avg     Min     Max    Med |   req/s  failures/s
--------|----------------------------------------------------------------------------|-------|-------------|-------|-------|-------|-------|--------|-----------
GET      /tools.descartes.teastore.webui/category?category=[id]&page=[n]                  191     0(0.00%) |     78      17    1366     27 |    2.60        0.00
GET      /tools.descartes.teastore.webui/home                                              94     0(0.00%) |     23       8     402     14 |    2.50        0.00
GET      /tools.descartes.teastore.webui/product?id=[id]                                  145     0(0.00%) |     70      26    1322     42 |    2.40        0.00
--------|----------------------------------------------------------------------------|-------|-------------|-------|-------|-------|-------|--------|-----------
         Aggregated                                                                       430     0(0.00%) |     63       8    1366     30 |    7.50        0.00

Type     Name                                                                          # reqs      # fails |    Avg     Min     Max    Med |   req/s  failures/s
--------|----------------------------------------------------------------------------|-------|-------------|-------|-------|-------|-------|--------|-----------
GET      /tools.descartes.teastore.webui/category?category=[id]&page=[n]                  199     0(0.00%) |     76      17    1366     26 |    3.40        0.00
GET      /tools.descartes.teastore.webui/home                                              97     0(0.00%) |     22       8     402     14 |    2.20        0.00
GET      /tools.descartes.teastore.webui/product?id=[id]                                  149     0(0.00%) |     69      26    1322     41 |    2.10        0.00
--------|----------------------------------------------------------------------------|-------|-------------|-------|-------|-------|-------|--------|-----------
         Aggregated                                                                       445     0(0.00%) |     62       8    1366     30 |    7.70        0.00

Type     Name                                                                          # reqs      # fails |    Avg     Min     Max    Med |   req/s  failures/s
--------|----------------------------------------------------------------------------|-------|-------------|-------|-------|-------|-------|--------|-----------
GET      /tools.descartes.teastore.webui/category?category=[id]&page=[n]                  207     0(0.00%) |     74      16    1366     26 |    3.70        0.00
GET      /tools.descartes.teastore.webui/home                                             100     0(0.00%) |     22       8     402     14 |    1.70        0.00
GET      /tools.descartes.teastore.webui/product?id=[id]                                  153     0(0.00%) |     68      24    1322     41 |    2.60        0.00
--------|----------------------------------------------------------------------------|-------|-------------|-------|-------|-------|-------|--------|-----------
         Aggregated                                                                       460     0(0.00%) |     61       8    1366     30 |    8.00        0.00

Type     Name                                                                          # reqs      # fails |    Avg     Min     Max    Med |   req/s  failures/s
--------|----------------------------------------------------------------------------|-------|-------------|-------|-------|-------|-------|--------|-----------
GET      /tools.descartes.teastore.webui/category?category=[id]&page=[n]                  217     0(0.00%) |     73      16    1366     26 |    3.70        0.00
GET      /tools.descartes.teastore.webui/home                                             102     0(0.00%) |     22       8     402     14 |    1.40        0.00
GET      /tools.descartes.teastore.webui/product?id=[id]                                  158     0(0.00%) |     67      24    1322     41 |    2.50        0.00
--------|----------------------------------------------------------------------------|-------|-------------|-------|-------|-------|-------|--------|-----------
         Aggregated                                                                       477     0(0.00%) |     60       8    1366     30 |    7.60        0.00

Type     Name                                                                          # reqs      # fails |    Avg     Min     Max    Med |   req/s  failures/s
--------|----------------------------------------------------------------------------|-------|-------------|-------|-------|-------|-------|--------|-----------
GET      /tools.descartes.teastore.webui/category?category=[id]&page=[n]                  225     0(0.00%) |     72      16    1366     27 |    4.00        0.00
GET      /tools.descartes.teastore.webui/home                                             104     0(0.00%) |     22       8     402     14 |    1.40        0.00
GET      /tools.descartes.teastore.webui/product?id=[id]                                  162     0(0.00%) |     67      24    1322     40 |    2.30        0.00
--------|----------------------------------------------------------------------------|-------|-------------|-------|-------|-------|-------|--------|-----------
         Aggregated                                                                       491     0(0.00%) |     59       8    1366     30 |    7.70        0.00

Type     Name                                                                          # reqs      # fails |    Avg     Min     Max    Med |   req/s  failures/s
--------|----------------------------------------------------------------------------|-------|-------------|-------|-------|-------|-------|--------|-----------
GET      /tools.descartes.teastore.webui/category?category=[id]&page=[n]                  232     0(0.00%) |     70      16    1366     26 |    4.20        0.00
GET      /tools.descartes.teastore.webui/home                                             106     0(0.00%) |     22       8     402     14 |    1.40        0.00
GET      /tools.descartes.teastore.webui/product?id=[id]                                  167     0(0.00%) |     66      24    1322     40 |    2.30        0.00
--------|----------------------------------------------------------------------------|-------|-------------|-------|-------|-------|-------|--------|-----------
         Aggregated                                                                       505     0(0.00%) |     59       8    1366     30 |    7.90        0.00

Type     Name                                                                          # reqs      # fails |    Avg     Min     Max    Med |   req/s  failures/s
--------|----------------------------------------------------------------------------|-------|-------------|-------|-------|-------|-------|--------|-----------
GET      /tools.descartes.teastore.webui/category?category=[id]&page=[n]                  241     0(0.00%) |     69      16    1366     27 |    4.10        0.00
GET      /tools.descartes.teastore.webui/home                                             110     0(0.00%) |     21       8     402     14 |    1.20        0.00
GET      /tools.descartes.teastore.webui/product?id=[id]                                  174     0(0.00%) |     65      24    1322     39 |    2.10        0.00
--------|----------------------------------------------------------------------------|-------|-------------|-------|-------|-------|-------|--------|-----------
         Aggregated                                                                       525     0(0.00%) |     58       8    1366     30 |    7.40        0.00

Type     Name                                                                          # reqs      # fails |    Avg     Min     Max    Med |   req/s  failures/s
--------|----------------------------------------------------------------------------|-------|-------------|-------|-------|-------|-------|--------|-----------
GET      /tools.descartes.teastore.webui/category?category=[id]&page=[n]                  248     0(0.00%) |     68      16    1366     27 |    4.10        0.00
GET      /tools.descartes.teastore.webui/home                                             114     0(0.00%) |     21       8     402     14 |    1.30        0.00
GET      /tools.descartes.teastore.webui/product?id=[id]                                  177     0(0.00%) |     65      24    1322     40 |    2.40        0.00
--------|----------------------------------------------------------------------------|-------|-------------|-------|-------|-------|-------|--------|-----------
         Aggregated                                                                       539     0(0.00%) |     57       8    1366     30 |    7.80        0.00

Type     Name                                                                          # reqs      # fails |    Avg     Min     Max    Med |   req/s  failures/s
--------|----------------------------------------------------------------------------|-------|-------------|-------|-------|-------|-------|--------|-----------
GET      /tools.descartes.teastore.webui/category?category=[id]&page=[n]                  257     0(0.00%) |     67      16    1366     27 |    4.10        0.00
GET      /tools.descartes.teastore.webui/home                                             118     0(0.00%) |     21       8     402     14 |    1.20        0.00
GET      /tools.descartes.teastore.webui/product?id=[id]                                  180     0(0.00%) |     64      24    1322     40 |    2.40        0.00
--------|----------------------------------------------------------------------------|-------|-------------|-------|-------|-------|-------|--------|-----------
         Aggregated                                                                       555     0(0.00%) |     56       8    1366     30 |    7.70        0.00

Type     Name                                                                          # reqs      # fails |    Avg     Min     Max    Med |   req/s  failures/s
--------|----------------------------------------------------------------------------|-------|-------------|-------|-------|-------|-------|--------|-----------
GET      /tools.descartes.teastore.webui/category?category=[id]&page=[n]                  260     0(0.00%) |     66      16    1366     27 |    4.10        0.00
GET      /tools.descartes.teastore.webui/home                                             124     0(0.00%) |     22       8     402     14 |    1.60        0.00
GET      /tools.descartes.teastore.webui/product?id=[id]                                  186     0(0.00%) |     64      24    1322     40 |    2.30        0.00
--------|----------------------------------------------------------------------------|-------|-------------|-------|-------|-------|-------|--------|-----------
         Aggregated                                                                       570     0(0.00%) |     56       8    1366     30 |    8.00        0.00

Type     Name                                                                          # reqs      # fails |    Avg     Min     Max    Med |   req/s  failures/s
--------|----------------------------------------------------------------------------|-------|-------------|-------|-------|-------|-------|--------|-----------
GET      /tools.descartes.teastore.webui/category?category=[id]&page=[n]                  269     0(0.00%) |     66      16    1366     27 |    4.10        0.00
GET      /tools.descartes.teastore.webui/home                                             127     0(0.00%) |     23       8     402     14 |    1.90        0.00
GET      /tools.descartes.teastore.webui/product?id=[id]                                  193     0(0.00%) |     66      24    1322     41 |    2.30        0.00
--------|----------------------------------------------------------------------------|-------|-------------|-------|-------|-------|-------|--------|-----------
         Aggregated                                                                       589     0(0.00%) |     57       8    1366     30 |    8.30        0.00

Type     Name                                                                          # reqs      # fails |    Avg     Min     Max    Med |   req/s  failures/s
--------|----------------------------------------------------------------------------|-------|-------------|-------|-------|-------|-------|--------|-----------
GET      /tools.descartes.teastore.webui/category?category=[id]&page=[n]                  277     0(0.00%) |     65      16    1366     27 |    3.70        0.00
GET      /tools.descartes.teastore.webui/home                                             128     0(0.00%) |     23       8     402     14 |    2.10        0.00
GET      /tools.descartes.teastore.webui/product?id=[id]                                  197     0(0.00%) |     68      24    1322     41 |    2.70        0.00
--------|----------------------------------------------------------------------------|-------|-------------|-------|-------|-------|-------|--------|-----------
         Aggregated                                                                       602     0(0.00%) |     57       8    1366     30 |    8.50        0.00

Type     Name                                                                          # reqs      # fails |    Avg     Min     Max    Med |   req/s  failures/s
--------|----------------------------------------------------------------------------|-------|-------------|-------|-------|-------|-------|--------|-----------
GET      /tools.descartes.teastore.webui/category?category=[id]&page=[n]                  284     0(0.00%) |     64      16    1366     26 |    3.50        0.00
GET      /tools.descartes.teastore.webui/home                                             130     0(0.00%) |     23       8     402     14 |    1.80        0.00
GET      /tools.descartes.teastore.webui/product?id=[id]                                  204     0(0.00%) |     67      24    1322     41 |    2.40        0.00
--------|----------------------------------------------------------------------------|-------|-------------|-------|-------|-------|-------|--------|-----------
         Aggregated                                                                       618     0(0.00%) |     56       8    1366     30 |    7.70        0.00

Type     Name                                                                          # reqs      # fails |    Avg     Min     Max    Med |   req/s  failures/s
--------|----------------------------------------------------------------------------|-------|-------------|-------|-------|-------|-------|--------|-----------
GET      /tools.descartes.teastore.webui/category?category=[id]&page=[n]                  292     0(0.00%) |     63      16    1366     26 |    3.80        0.00
GET      /tools.descartes.teastore.webui/home                                             132     0(0.00%) |     23       8     402     14 |    1.70        0.00
GET      /tools.descartes.teastore.webui/product?id=[id]                                  210     0(0.00%) |     67      24    1322     41 |    2.40        0.00
--------|----------------------------------------------------------------------------|-------|-------------|-------|-------|-------|-------|--------|-----------
         Aggregated                                                                       634     0(0.00%) |     56       8    1366     30 |    7.90        0.00

Type     Name                                                                          # reqs      # fails |    Avg     Min     Max    Med |   req/s  failures/s
--------|----------------------------------------------------------------------------|-------|-------------|-------|-------|-------|-------|--------|-----------
GET      /tools.descartes.teastore.webui/category?category=[id]&page=[n]                  296     0(0.00%) |     69      16    1366     26 |    3.50        0.00
GET      /tools.descartes.teastore.webui/home                                             137     0(0.00%) |     33       8     733     14 |    1.40        0.00
GET      /tools.descartes.teastore.webui/product?id=[id]                                  212     0(0.00%) |     67      24    1322     41 |    3.10        0.00
--------|----------------------------------------------------------------------------|-------|-------------|-------|-------|-------|-------|--------|-----------
         Aggregated                                                                       645     0(0.00%) |     60       8    1366     30 |    8.00        0.00

Type     Name                                                                          # reqs      # fails |    Avg     Min     Max    Med |   req/s  failures/s
--------|----------------------------------------------------------------------------|-------|-------------|-------|-------|-------|-------|--------|-----------
GET      /tools.descartes.teastore.webui/category?category=[id]&page=[n]                  304     0(0.00%) |     75      16    1366     27 |    3.40        0.00
GET      /tools.descartes.teastore.webui/home                                             139     0(0.00%) |     33       8     733     15 |    1.10        0.00
GET      /tools.descartes.teastore.webui/product?id=[id]                                  218     0(0.00%) |     72      24    1322     42 |    2.70        0.00
--------|----------------------------------------------------------------------------|-------|-------------|-------|-------|-------|-------|--------|-----------
         Aggregated                                                                       661     0(0.00%) |     65       8    1366     31 |    7.20        0.00

Type     Name                                                                          # reqs      # fails |    Avg     Min     Max    Med |   req/s  failures/s
--------|----------------------------------------------------------------------------|-------|-------------|-------|-------|-------|-------|--------|-----------
GET      /tools.descartes.teastore.webui/category?category=[id]&page=[n]                  309     0(0.00%) |     74      16    1366     27 |    3.20        0.00
GET      /tools.descartes.teastore.webui/home                                             145     0(0.00%) |     33       8     733     15 |    1.30        0.00
GET      /tools.descartes.teastore.webui/product?id=[id]                                  220     0(0.00%) |     72      24    1322     42 |    2.60        0.00
--------|----------------------------------------------------------------------------|-------|-------------|-------|-------|-------|-------|--------|-----------
         Aggregated                                                                       674     0(0.00%) |     65       8    1366     31 |    7.10        0.00

Type     Name                                                                          # reqs      # fails |    Avg     Min     Max    Med |   req/s  failures/s
--------|----------------------------------------------------------------------------|-------|-------------|-------|-------|-------|-------|--------|-----------
GET      /tools.descartes.teastore.webui/category?category=[id]&page=[n]                  313     0(0.00%) |     75      16    1366     27 |    3.40        0.00
GET      /tools.descartes.teastore.webui/home                                             148     0(0.00%) |     33       8     733     15 |    1.70        0.00
GET      /tools.descartes.teastore.webui/product?id=[id]                                  229     0(0.00%) |     76      24    1322     42 |    2.30        0.00
--------|----------------------------------------------------------------------------|-------|-------------|-------|-------|-------|-------|--------|-----------
         Aggregated                                                                       690     0(0.00%) |     66       8    1366     31 |    7.40        0.00

Type     Name                                                                          # reqs      # fails |    Avg     Min     Max    Med |   req/s  failures/s
--------|----------------------------------------------------------------------------|-------|-------------|-------|-------|-------|-------|--------|-----------
GET      /tools.descartes.teastore.webui/category?category=[id]&page=[n]                  313     0(0.00%) |     75      16    1366     27 |    2.80        0.00
GET      /tools.descartes.teastore.webui/home                                             151     0(0.00%) |     46       8     973     16 |    1.80        0.00
GET      /tools.descartes.teastore.webui/product?id=[id]                                  229     0(0.00%) |     76      24    1322     42 |    2.70        0.00
--------|----------------------------------------------------------------------------|-------|-------------|-------|-------|-------|-------|--------|-----------
         Aggregated                                                                       693     0(0.00%) |     69       8    1366     31 |    7.30        0.00

Type     Name                                                                          # reqs      # fails |    Avg     Min     Max    Med |   req/s  failures/s
--------|----------------------------------------------------------------------------|-------|-------------|-------|-------|-------|-------|--------|-----------
GET      /tools.descartes.teastore.webui/category?category=[id]&page=[n]                  318     0(0.00%) |    104      16    2377     28 |    2.10        0.00
GET      /tools.descartes.teastore.webui/home                                             153     0(0.00%) |     56       8     973     16 |    1.80        0.00
GET      /tools.descartes.teastore.webui/product?id=[id]                                  233     0(0.00%) |    106      24    2890     43 |    1.90        0.00
--------|----------------------------------------------------------------------------|-------|-------------|-------|-------|-------|-------|--------|-----------
         Aggregated                                                                       704     0(0.00%) |     94       8    2890     31 |    5.80        0.00

Type     Name                                                                          # reqs      # fails |    Avg     Min     Max    Med |   req/s  failures/s
--------|----------------------------------------------------------------------------|-------|-------------|-------|-------|-------|-------|--------|-----------
GET      /tools.descartes.teastore.webui/category?category=[id]&page=[n]                  325     0(0.00%) |    107      16    2377     28 |    2.40        0.00
GET      /tools.descartes.teastore.webui/home                                             154     0(0.00%) |     56       8     973     16 |    1.60        0.00
GET      /tools.descartes.teastore.webui/product?id=[id]                                  241     0(0.00%) |    109      24    2890     44 |    2.10        0.00
--------|----------------------------------------------------------------------------|-------|-------------|-------|-------|-------|-------|--------|-----------
         Aggregated                                                                       720     0(0.00%) |     96       8    2890     31 |    6.10        0.00

Type     Name                                                                          # reqs      # fails |    Avg     Min     Max    Med |   req/s  failures/s
--------|----------------------------------------------------------------------------|-------|-------------|-------|-------|-------|-------|--------|-----------
GET      /tools.descartes.teastore.webui/category?category=[id]&page=[n]                  328     0(0.00%) |    106      16    2377     28 |    2.30        0.00
GET      /tools.descartes.teastore.webui/home                                             157     0(0.00%) |     55       8     973     16 |    1.60        0.00
GET      /tools.descartes.teastore.webui/product?id=[id]                                  243     0(0.00%) |    109      24    2890     44 |    2.10        0.00
--------|----------------------------------------------------------------------------|-------|-------------|-------|-------|-------|-------|--------|-----------
         Aggregated                                                                       728     0(0.00%) |     96       8    2890     31 |    6.00        0.00

Type     Name                                                                          # reqs      # fails |    Avg     Min     Max    Med |   req/s  failures/s
--------|----------------------------------------------------------------------------|-------|-------------|-------|-------|-------|-------|--------|-----------
GET      /tools.descartes.teastore.webui/category?category=[id]&page=[n]                  331     0(0.00%) |    108      16    2377     28 |    1.90        0.00
GET      /tools.descartes.teastore.webui/home                                             160     0(0.00%) |     59       8     973     16 |    1.20        0.00
GET      /tools.descartes.teastore.webui/product?id=[id]                                  251     0(0.00%) |    136      24    2890     45 |    2.30        0.00
--------|----------------------------------------------------------------------------|-------|-------------|-------|-------|-------|-------|--------|-----------
         Aggregated                                                                       742     0(0.00%) |    107       8    2890     32 |    5.40        0.00

Type     Name                                                                          # reqs      # fails |    Avg     Min     Max    Med |   req/s  failures/s
--------|----------------------------------------------------------------------------|-------|-------------|-------|-------|-------|-------|--------|-----------
GET      /tools.descartes.teastore.webui/category?category=[id]&page=[n]                  339     0(0.00%) |    108      16    2377     29 |    1.90        0.00
GET      /tools.descartes.teastore.webui/home                                             162     0(0.00%) |     59       8     973     16 |    1.10        0.00
GET      /tools.descartes.teastore.webui/product?id=[id]                                  256     0(0.00%) |    136      24    2890     46 |    2.30        0.00
--------|----------------------------------------------------------------------------|-------|-------------|-------|-------|-------|-------|--------|-----------
         Aggregated                                                                       757     0(0.00%) |    107       8    2890     32 |    5.30        0.00

Type     Name                                                                          # reqs      # fails |    Avg     Min     Max    Med |   req/s  failures/s
--------|----------------------------------------------------------------------------|-------|-------------|-------|-------|-------|-------|--------|-----------
GET      /tools.descartes.teastore.webui/category?category=[id]&page=[n]                  344     0(0.00%) |    107      16    2377     29 |    2.50        0.00
GET      /tools.descartes.teastore.webui/home                                             168     0(0.00%) |     57       8     973     16 |    1.10        0.00
GET      /tools.descartes.teastore.webui/product?id=[id]                                  263     0(0.00%) |    135      24    2890     46 |    2.70        0.00
--------|----------------------------------------------------------------------------|-------|-------------|-------|-------|-------|-------|--------|-----------
         Aggregated                                                                       775     0(0.00%) |    106       8    2890     33 |    6.30        0.00

Type     Name                                                                          # reqs      # fails |    Avg     Min     Max    Med |   req/s  failures/s
--------|----------------------------------------------------------------------------|-------|-------------|-------|-------|-------|-------|--------|-----------
GET      /tools.descartes.teastore.webui/category?category=[id]&page=[n]                  352     0(0.00%) |    106      16    2377     29 |    2.40        0.00
GET      /tools.descartes.teastore.webui/home                                             172     0(0.00%) |     56       8     973     16 |    1.50        0.00
GET      /tools.descartes.teastore.webui/product?id=[id]                                  266     0(0.00%) |    134      24    2890     46 |    2.80        0.00
--------|----------------------------------------------------------------------------|-------|-------------|-------|-------|-------|-------|--------|-----------
         Aggregated                                                                       790     0(0.00%) |    104       8    2890     33 |    6.70        0.00

Type     Name                                                                          # reqs      # fails |    Avg     Min     Max    Med |   req/s  failures/s
--------|----------------------------------------------------------------------------|-------|-------------|-------|-------|-------|-------|--------|-----------
GET      /tools.descartes.teastore.webui/category?category=[id]&page=[n]                  361     0(0.00%) |    104      16    2377     29 |    2.70        0.00
GET      /tools.descartes.teastore.webui/home                                             175     0(0.00%) |     56       8     973     16 |    1.80        0.00
GET      /tools.descartes.teastore.webui/product?id=[id]                                  269     0(0.00%) |    134      24    2890     46 |    2.60        0.00
--------|----------------------------------------------------------------------------|-------|-------------|-------|-------|-------|-------|--------|-----------
         Aggregated                                                                       805     0(0.00%) |    104       8    2890     33 |    7.10        0.00

Type     Name                                                                          # reqs      # fails |    Avg     Min     Max    Med |   req/s  failures/s
--------|----------------------------------------------------------------------------|-------|-------------|-------|-------|-------|-------|--------|-----------
GET      /tools.descartes.teastore.webui/category?category=[id]&page=[n]                  367     0(0.00%) |    103      16    2377     29 |    2.80        0.00
GET      /tools.descartes.teastore.webui/home                                             178     0(0.00%) |     55       8     973     16 |    1.50        0.00
GET      /tools.descartes.teastore.webui/product?id=[id]                                  270     0(0.00%) |    133      24    2890     46 |    2.50        0.00
--------|----------------------------------------------------------------------------|-------|-------------|-------|-------|-------|-------|--------|-----------
         Aggregated                                                                       815     0(0.00%) |    103       8    2890     33 |    6.80        0.00

Type     Name                                                                          # reqs      # fails |    Avg     Min     Max    Med |   req/s  failures/s
--------|----------------------------------------------------------------------------|-------|-------------|-------|-------|-------|-------|--------|-----------
GET      /tools.descartes.teastore.webui/category?category=[id]&page=[n]                  373     0(0.00%) |    108      16    2377     29 |    3.60        0.00
GET      /tools.descartes.teastore.webui/home                                             183     0(0.00%) |     57       8     973     16 |    1.90        0.00
GET      /tools.descartes.teastore.webui/product?id=[id]                                  278     0(0.00%) |    140      24    2890     47 |    1.90        0.00
--------|----------------------------------------------------------------------------|-------|-------------|-------|-------|-------|-------|--------|-----------
         Aggregated                                                                       834     0(0.00%) |    107       8    2890     33 |    7.40        0.00

Type     Name                                                                          # reqs      # fails |    Avg     Min     Max    Med |   req/s  failures/s
--------|----------------------------------------------------------------------------|-------|-------------|-------|-------|-------|-------|--------|-----------
GET      /tools.descartes.teastore.webui/category?category=[id]&page=[n]                  379     0(0.00%) |    106      16    2377     29 |    3.50        0.00
GET      /tools.descartes.teastore.webui/home                                             187     0(0.00%) |     59       8     973     16 |    1.90        0.00
GET      /tools.descartes.teastore.webui/product?id=[id]                                  282     0(0.00%) |    143      24    2890     47 |    2.10        0.00
--------|----------------------------------------------------------------------------|-------|-------------|-------|-------|-------|-------|--------|-----------
         Aggregated                                                                       848     0(0.00%) |    108       8    2890     33 |    7.50        0.00

Type     Name                                                                          # reqs      # fails |    Avg     Min     Max    Med |   req/s  failures/s
--------|----------------------------------------------------------------------------|-------|-------------|-------|-------|-------|-------|--------|-----------
GET      /tools.descartes.teastore.webui/category?category=[id]&page=[n]                  388     0(0.00%) |    105      16    2377     29 |    3.50        0.00
GET      /tools.descartes.teastore.webui/home                                             188     0(0.00%) |     58       8     973     16 |    2.10        0.00
GET      /tools.descartes.teastore.webui/product?id=[id]                                  287     0(0.00%) |    143      24    2890     47 |    2.10        0.00
--------|----------------------------------------------------------------------------|-------|-------------|-------|-------|-------|-------|--------|-----------
         Aggregated                                                                       863     0(0.00%) |    107       8    2890     33 |    7.70        0.00

Type     Name                                                                          # reqs      # fails |    Avg     Min     Max    Med |   req/s  failures/s
--------|----------------------------------------------------------------------------|-------|-------------|-------|-------|-------|-------|--------|-----------
GET      /tools.descartes.teastore.webui/category?category=[id]&page=[n]                  395     0(0.00%) |    103      16    2377     29 |    3.50        0.00
GET      /tools.descartes.teastore.webui/home                                             191     0(0.00%) |     58       8     973     16 |    1.60        0.00
GET      /tools.descartes.teastore.webui/product?id=[id]                                  292     0(0.00%) |    141      24    2890     47 |    2.20        0.00
--------|----------------------------------------------------------------------------|-------|-------------|-------|-------|-------|-------|--------|-----------
         Aggregated                                                                       878     0(0.00%) |    106       8    2890     33 |    7.30        0.00

[2026-02-22 16:09:17,752] Syrils-Macbook-Pro/INFO/locust.main: --run-time limit reached, shutting down
[2026-02-22 16:09:17,791] Syrils-Macbook-Pro/INFO/locust.main: Shutting down (exit code 0)
Type     Name                                                                          # reqs      # fails |    Avg     Min     Max    Med |   req/s  failures/s
--------|----------------------------------------------------------------------------|-------|-------------|-------|-------|-------|-------|--------|-----------
GET      /tools.descartes.teastore.webui/category?category=[id]&page=[n]                  399     0(0.00%) |    103      16    2377     29 |    3.34        0.00
GET      /tools.descartes.teastore.webui/home                                             192     0(0.00%) |     58       8     973     16 |    1.61        0.00
GET      /tools.descartes.teastore.webui/product?id=[id]                                  295     0(0.00%) |    140      24    2890     47 |    2.47        0.00
--------|----------------------------------------------------------------------------|-------|-------------|-------|-------|-------|-------|--------|-----------
         Aggregated                                                                       886     0(0.00%) |    105       8    2890     33 |    7.41        0.00

Response time percentiles (approximated)
Type     Name                                                                                  50%    66%    75%    80%    90%    95%    98%    99%  99.9% 99.99%   100% # reqs
--------|--------------------------------------------------------------------------------|--------|------|------|------|------|------|------|------|------|------|------|------
GET      /tools.descartes.teastore.webui/category?category=[id]&page=[n]                        29     35     41     51    130    510   1300   1900   2400   2400   2400    399
GET      /tools.descartes.teastore.webui/home                                                   16     21     26     32     78    380    730    800    970    970    970    192
GET      /tools.descartes.teastore.webui/product?id=[id]                                        47     63     92    120    220    910   1200   1500   2900   2900   2900    295
--------|--------------------------------------------------------------------------------|--------|------|------|------|------|------|------|------|------|------|------|------
         Aggregated                                                                             33     42     54     67    170    510   1100   1400   2900   2900   2900    886

