[2026-02-22 16:16:20,383] Syrils-Macbook-Pro/INFO/locust.main: Starting Locust 2.43.3
[2026-02-22 16:16:20,387] Syrils-Macbook-Pro/INFO/locust.main: Run time limit set to 120 seconds
Type     Name                                                                          # reqs      # fails |    Avg     Min     Max    Med |   req/s  failures/s
--------|----------------------------------------------------------------------------|-------|-------------|-------|-------|-------|-------|--------|-----------
--------|----------------------------------------------------------------------------|-------|-------------|-------|-------|-------|-------|--------|-----------
         Aggregated                                                                         0     0(0.00%) |      0       0       0      0 |    0.00        0.00

[2026-02-22 16:16:20,389] Syrils-Macbook-Pro/INFO/locust.runners: Ramping to 200 users at a rate of 10.00 per second
Type     Name                                                                          # reqs      # fails |    Avg     Min     Max    Med |   req/s  failures/s
--------|----------------------------------------------------------------------------|-------|-------------|-------|-------|-------|-------|--------|-----------
GET      /tools.descartes.teastore.webui/category?category=[id]&page=[n]                   13     0(0.00%) |    472      43     913    200 |    0.00        0.00
GET      /tools.descartes.teastore.webui/home                                               4     0(0.00%) |    472      43     904     45 |    0.00        0.00
GET      /tools.descartes.teastore.webui/product?id=[id]                                    6     0(0.00%) |    420     138     921    140 |    0.00        0.00
--------|----------------------------------------------------------------------------|-------|-------------|-------|-------|-------|-------|--------|-----------
         Aggregated                                                                        23     0(0.00%) |    458      43     921    200 |    0.00        0.00

Type     Name                                                                          # reqs      # fails |    Avg     Min     Max    Med |   req/s  failures/s
--------|----------------------------------------------------------------------------|-------|-------------|-------|-------|-------|-------|--------|-----------
GET      /tools.descartes.teastore.webui/category?category=[id]&page=[n]                   41     0(0.00%) |    351      17     913    280 |    5.50        0.00
GET      /tools.descartes.teastore.webui/home                                              12     0(0.00%) |    251       8     904     45 |    2.00        0.00
GET      /tools.descartes.teastore.webui/product?id=[id]                                   22     0(0.00%) |    358      39     921    300 |    2.50        0.00
--------|----------------------------------------------------------------------------|-------|-------------|-------|-------|-------|-------|--------|-----------
         Aggregated                                                                        75     0(0.00%) |    337       8     921    280 |   10.00        0.00

Type     Name                                                                          # reqs      # fails |    Avg     Min     Max    Med |   req/s  failures/s
--------|----------------------------------------------------------------------------|-------|-------------|-------|-------|-------|-------|--------|-----------
GET      /tools.descartes.teastore.webui/category?category=[id]&page=[n]                   87     0(0.00%) |    265      17     913    200 |    9.25        0.00
GET      /tools.descartes.teastore.webui/home                                              31     0(0.00%) |    137       8     904     59 |    3.00        0.00
GET      /tools.descartes.teastore.webui/product?id=[id]                                   45     0(0.00%) |    386      39     921    310 |    5.50        0.00
--------|----------------------------------------------------------------------------|-------|-------------|-------|-------|-------|-------|--------|-----------
         Aggregated                                                                       163     0(0.00%) |    274       8     921    180 |   17.75        0.00

Type     Name                                                                          # reqs      # fails |    Avg     Min     Max    Med |   req/s  failures/s
--------|----------------------------------------------------------------------------|-------|-------------|-------|-------|-------|-------|--------|-----------
GET      /tools.descartes.teastore.webui/category?category=[id]&page=[n]                   89     0(0.00%) |    271      17     913    220 |   13.00        0.00
GET      /tools.descartes.teastore.webui/home                                              39     0(0.00%) |    207       8    1863     68 |    4.50        0.00
GET      /tools.descartes.teastore.webui/product?id=[id]                                   48     0(0.00%) |    458      39    1638    320 |    7.17        0.00
--------|----------------------------------------------------------------------------|-------|-------------|-------|-------|-------|-------|--------|-----------
         Aggregated                                                                       176     0(0.00%) |    308       8    1863    200 |   24.67        0.00

Type     Name                                                                          # reqs      # fails |    Avg     Min     Max    Med |   req/s  failures/s
--------|----------------------------------------------------------------------------|-------|-------------|-------|-------|-------|-------|--------|-----------
GET      /tools.descartes.teastore.webui/category?category=[id]&page=[n]                   89     0(0.00%) |    271      17     913    220 |   13.00        0.00
GET      /tools.descartes.teastore.webui/home                                              39     0(0.00%) |    207       8    1863     68 |    4.50        0.00
GET      /tools.descartes.teastore.webui/product?id=[id]                                   48     0(0.00%) |    458      39    1638    320 |    7.17        0.00
--------|----------------------------------------------------------------------------|-------|-------------|-------|-------|-------|-------|--------|-----------
         Aggregated                                                                       176     0(0.00%) |    308       8    1863    200 |   24.67        0.00

Type     Name                                                                          # reqs      # fails |    Avg     Min     Max    Med |   req/s  failures/s
--------|----------------------------------------------------------------------------|-------|-------------|-------|-------|-------|-------|--------|-----------
GET      /tools.descartes.teastore.webui/category?category=[id]&page=[n]                   89     0(0.00%) |    271      17     913    220 |    9.89        0.00
GET      /tools.descartes.teastore.webui/home                                              43     0(0.00%) |    571       8    5079     81 |    4.33        0.00
GET      /tools.descartes.teastore.webui/product?id=[id]                                   48     0(0.00%) |    458      39    1638    320 |    5.33        0.00
--------|----------------------------------------------------------------------------|-------|-------------|-------|-------|-------|-------|--------|-----------
         Aggregated                                                                       180     0(0.00%) |    393       8    5079    220 |   19.56        0.00

Type     Name                                                                          # reqs      # fails |    Avg     Min     Max    Med |   req/s  failures/s
--------|----------------------------------------------------------------------------|-------|-------------|-------|-------|-------|-------|--------|-----------
GET      /tools.descartes.teastore.webui/category?category=[id]&page=[n]                  107     0(0.00%) |   1492      17    7857    280 |    7.80        0.00
GET      /tools.descartes.teastore.webui/home                                              48     0(0.00%) |   1166       8    6866     95 |    3.90        0.00
GET      /tools.descartes.teastore.webui/product?id=[id]                                   48     0(0.00%) |    458      39    1638    320 |    4.30        0.00
--------|----------------------------------------------------------------------------|-------|-------------|-------|-------|-------|-------|--------|-----------
         Aggregated                                                                       203     0(0.00%) |   1170       8    7857    270 |   16.00        0.00

Type     Name                                                                          # reqs      # fails |    Avg     Min     Max    Med |   req/s  failures/s
--------|----------------------------------------------------------------------------|-------|-------------|-------|-------|-------|-------|--------|-----------
GET      /tools.descartes.teastore.webui/category?category=[id]&page=[n]                  110     0(0.00%) |   1690      17    8902    280 |    6.60        0.00
GET      /tools.descartes.teastore.webui/home                                              52     0(0.00%) |   1565       8    7426    120 |    3.90        0.00
GET      /tools.descartes.teastore.webui/product?id=[id]                                   48     0(0.00%) |    458      39    1638    320 |    3.60        0.00
--------|----------------------------------------------------------------------------|-------|-------------|-------|-------|-------|-------|--------|-----------
         Aggregated                                                                       210     0(0.00%) |   1377       8    8902    280 |   14.10        0.00

Type     Name                                                                          # reqs      # fails |    Avg     Min     Max    Med |   req/s  failures/s
--------|----------------------------------------------------------------------------|-------|-------------|-------|-------|-------|-------|--------|-----------
GET      /tools.descartes.teastore.webui/category?category=[id]&page=[n]                  137     0(0.00%) |   3365      17   11287    420 |    3.20        0.00
GET      /tools.descartes.teastore.webui/home                                              53     0(0.00%) |   1646       8    7426    190 |    2.50        0.00
GET      /tools.descartes.teastore.webui/product?id=[id]                                   58     0(0.00%) |   2297      39   11942    550 |    0.50        0.00
--------|----------------------------------------------------------------------------|-------|-------------|-------|-------|-------|-------|--------|-----------
         Aggregated                                                                       248     0(0.00%) |   2748       8   11942    350 |    6.20        0.00

[2026-02-22 16:16:39,481] Syrils-Macbook-Pro/INFO/locust.runners: All users spawned: {"ImageServiceUser": 200} (200 total users)
Type     Name                                                                          # reqs      # fails |    Avg     Min     Max    Med |   req/s  failures/s
--------|----------------------------------------------------------------------------|-------|-------------|-------|-------|-------|-------|--------|-----------
GET      /tools.descartes.teastore.webui/category?category=[id]&page=[n]                  139     0(0.00%) |   3481      17   13497    440 |    3.20        0.00
GET      /tools.descartes.teastore.webui/home                                              53     0(0.00%) |   1646       8    7426    190 |    1.40        0.00
GET      /tools.descartes.teastore.webui/product?id=[id]                                   58     0(0.00%) |   2297      39   11942    550 |    0.20        0.00
--------|----------------------------------------------------------------------------|-------|-------------|-------|-------|-------|-------|--------|-----------
         Aggregated                                                                       250     0(0.00%) |   2817       8   13497    360 |    4.80        0.00

Type     Name                                                                          # reqs      # fails |    Avg     Min     Max    Med |   req/s  failures/s
--------|----------------------------------------------------------------------------|-------|-------------|-------|-------|-------|-------|--------|-----------
GET      /tools.descartes.teastore.webui/category?category=[id]&page=[n]                  139     0(0.00%) |   3481      17   13497    440 |    4.90        0.00
GET      /tools.descartes.teastore.webui/home                                              54     0(0.00%) |   1726       8    7426    190 |    1.40        0.00
GET      /tools.descartes.teastore.webui/product?id=[id]                                   77     0(0.00%) |   4965      39   15484    710 |    1.00        0.00
--------|----------------------------------------------------------------------------|-------|-------------|-------|-------|-------|-------|--------|-----------
         Aggregated                                                                       270     0(0.00%) |   3553       8   15484    510 |    7.30        0.00

Type     Name                                                                          # reqs      # fails |    Avg     Min     Max    Med |   req/s  failures/s
--------|----------------------------------------------------------------------------|-------|-------------|-------|-------|-------|-------|--------|-----------
GET      /tools.descartes.teastore.webui/category?category=[id]&page=[n]                  139     0(0.00%) |   3481      17   13497    440 |    4.90        0.00
GET      /tools.descartes.teastore.webui/home                                              54     0(0.00%) |   1726       8    7426    190 |    1.40        0.00
GET      /tools.descartes.teastore.webui/product?id=[id]                                   80     0(0.00%) |   5235      39   15484    710 |    1.00        0.00
--------|----------------------------------------------------------------------------|-------|-------------|-------|-------|-------|-------|--------|-----------
         Aggregated                                                                       273     0(0.00%) |   3648       8   15484    510 |    7.30        0.00

Type     Name                                                                          # reqs      # fails |    Avg     Min     Max    Med |   req/s  failures/s
--------|----------------------------------------------------------------------------|-------|-------------|-------|-------|-------|-------|--------|-----------
GET      /tools.descartes.teastore.webui/category?category=[id]&page=[n]                  156     0(0.00%) |   4225      17   13497    570 |    5.00        0.00
GET      /tools.descartes.teastore.webui/home                                              54     0(0.00%) |   1726       8    7426    190 |    1.10        0.00
GET      /tools.descartes.teastore.webui/product?id=[id]                                   81     0(0.00%) |   5382      39   17185    710 |    3.20        0.00
--------|----------------------------------------------------------------------------|-------|-------------|-------|-------|-------|-------|--------|-----------
         Aggregated                                                                       291     0(0.00%) |   4083       8   17185    570 |    9.30        0.00

Type     Name                                                                          # reqs      # fails |    Avg     Min     Max    Med |   req/s  failures/s
--------|----------------------------------------------------------------------------|-------|-------------|-------|-------|-------|-------|--------|-----------
GET      /tools.descartes.teastore.webui/category?category=[id]&page=[n]                  158     0(0.00%) |   4289      17   13497    570 |    4.50        0.00
GET      /tools.descartes.teastore.webui/home                                              73     0(0.00%) |   4205       8   16530    900 |    0.30        0.00
GET      /tools.descartes.teastore.webui/product?id=[id]                                   88     0(0.00%) |   6295      39   19600    920 |    3.30        0.00
--------|----------------------------------------------------------------------------|-------|-------------|-------|-------|-------|-------|--------|-----------
         Aggregated                                                                       319     0(0.00%) |   4823       8   19600    710 |    8.10        0.00

Type     Name                                                                          # reqs      # fails |    Avg     Min     Max    Med |   req/s  failures/s
--------|----------------------------------------------------------------------------|-------|-------------|-------|-------|-------|-------|--------|-----------
GET      /tools.descartes.teastore.webui/category?category=[id]&page=[n]                  211     0(0.00%) |   6882      17   19263   7800 |    4.80        0.00
GET      /tools.descartes.teastore.webui/home                                              89     0(0.00%) |   4764       8   16530   3700 |    1.90        0.00
GET      /tools.descartes.teastore.webui/product?id=[id]                                   90     0(0.00%) |   6482      39   19600    920 |    3.40        0.00
--------|----------------------------------------------------------------------------|-------|-------------|-------|-------|-------|-------|--------|-----------
         Aggregated                                                                       390     0(0.00%) |   6307       8   19600   6100 |   10.10        0.00

Type     Name                                                                          # reqs      # fails |    Avg     Min     Max    Med |   req/s  failures/s
--------|----------------------------------------------------------------------------|-------|-------------|-------|-------|-------|-------|--------|-----------
GET      /tools.descartes.teastore.webui/category?category=[id]&page=[n]                  212     0(0.00%) |   6909      17   19263   7800 |    7.30        0.00
GET      /tools.descartes.teastore.webui/home                                              94     0(0.00%) |   4760       8   16530   4300 |    3.60        0.00
GET      /tools.descartes.teastore.webui/product?id=[id]                                   91     0(0.00%) |   6578      39   19600   1400 |    3.20        0.00
--------|----------------------------------------------------------------------------|-------|-------------|-------|-------|-------|-------|--------|-----------
         Aggregated                                                                       397     0(0.00%) |   6324       8   19600   6000 |   14.10        0.00

Type     Name                                                                          # reqs      # fails |    Avg     Min     Max    Med |   req/s  failures/s
--------|----------------------------------------------------------------------------|-------|-------------|-------|-------|-------|-------|--------|-----------
GET      /tools.descartes.teastore.webui/category?category=[id]&page=[n]                  224     0(0.00%) |   7014      17   19263   7800 |    7.20        0.00
GET      /tools.descartes.teastore.webui/home                                              96     0(0.00%) |   4762       8   16530   4400 |    3.60        0.00
GET      /tools.descartes.teastore.webui/product?id=[id]                                   97     0(0.00%) |   7246      39   20115   8000 |    2.10        0.00
--------|----------------------------------------------------------------------------|-------|-------------|-------|-------|-------|-------|--------|-----------
         Aggregated                                                                       417     0(0.00%) |   6549       8   20115   6700 |   12.90        0.00

Type     Name                                                                          # reqs      # fails |    Avg     Min     Max    Med |   req/s  failures/s
--------|----------------------------------------------------------------------------|-------|-------------|-------|-------|-------|-------|--------|-----------
GET      /tools.descartes.teastore.webui/category?category=[id]&page=[n]                  233     0(0.00%) |   7350      17   19263   8600 |    7.20        0.00
GET      /tools.descartes.teastore.webui/home                                              96     0(0.00%) |   4762       8   16530   4400 |    3.90        0.00
GET      /tools.descartes.teastore.webui/product?id=[id]                                   97     0(0.00%) |   7246      39   20115   8000 |    1.40        0.00
--------|----------------------------------------------------------------------------|-------|-------------|-------|-------|-------|-------|--------|-----------
         Aggregated                                                                       426     0(0.00%) |   6743       8   20115   7100 |   12.50        0.00

Type     Name                                                                          # reqs      # fails |    Avg     Min     Max    Med |   req/s  failures/s
--------|----------------------------------------------------------------------------|-------|-------------|-------|-------|-------|-------|--------|-----------
GET      /tools.descartes.teastore.webui/category?category=[id]&page=[n]                  259     0(0.00%) |   8081      17   20303   9400 |    8.10        0.00
GET      /tools.descartes.teastore.webui/home                                             107     0(0.00%) |   4923       8   16530   5100 |    4.20        0.00
GET      /tools.descartes.teastore.webui/product?id=[id]                                   97     0(0.00%) |   7246      39   20115   8000 |    1.60        0.00
--------|----------------------------------------------------------------------------|-------|-------------|-------|-------|-------|-------|--------|-----------
         Aggregated                                                                       463     0(0.00%) |   7176       8   20303   7400 |   13.90        0.00

Type     Name                                                                          # reqs      # fails |    Avg     Min     Max    Med |   req/s  failures/s
--------|----------------------------------------------------------------------------|-------|-------------|-------|-------|-------|-------|--------|-----------
GET      /tools.descartes.teastore.webui/category?category=[id]&page=[n]                  259     0(0.00%) |   8081      17   20303   9400 |    7.70        0.00
GET      /tools.descartes.teastore.webui/home                                             107     0(0.00%) |   4923       8   16530   5100 |    4.20        0.00
GET      /tools.descartes.teastore.webui/product?id=[id]                                   98     0(0.00%) |   7410      39   23293   8000 |    1.60        0.00
--------|----------------------------------------------------------------------------|-------|-------------|-------|-------|-------|-------|--------|-----------
         Aggregated                                                                       464     0(0.00%) |   7211       8   23293   7400 |   13.50        0.00

Type     Name                                                                          # reqs      # fails |    Avg     Min     Max    Med |   req/s  failures/s
--------|----------------------------------------------------------------------------|-------|-------------|-------|-------|-------|-------|--------|-----------
GET      /tools.descartes.teastore.webui/category?category=[id]&page=[n]                  259     0(0.00%) |   8081      17   20303   9400 |   10.10        0.00
GET      /tools.descartes.teastore.webui/home                                             108     0(0.00%) |   4967       8   16530   5100 |    3.40        0.00
GET      /tools.descartes.teastore.webui/product?id=[id]                                   98     0(0.00%) |   7410      39   23293   8000 |    1.00        0.00
--------|----------------------------------------------------------------------------|-------|-------------|-------|-------|-------|-------|--------|-----------
         Aggregated                                                                       465     0(0.00%) |   7217       8   23293   7400 |   14.50        0.00

Type     Name                                                                          # reqs      # fails |    Avg     Min     Max    Med |   req/s  failures/s
--------|----------------------------------------------------------------------------|-------|-------------|-------|-------|-------|-------|--------|-----------
GET      /tools.descartes.teastore.webui/category?category=[id]&page=[n]                  261     0(0.00%) |   8128      17   20303   9500 |    4.80        0.00
GET      /tools.descartes.teastore.webui/home                                             114     0(0.00%) |   5203       8   16530   5400 |    1.50        0.00
GET      /tools.descartes.teastore.webui/product?id=[id]                                  103     0(0.00%) |   8381      39   28815  11000 |    0.70        0.00
--------|----------------------------------------------------------------------------|-------|-------------|-------|-------|-------|-------|--------|-----------
         Aggregated                                                                       478     0(0.00%) |   7485       8   28815   7500 |    7.00        0.00

Type     Name                                                                          # reqs      # fails |    Avg     Min     Max    Med |   req/s  failures/s
--------|----------------------------------------------------------------------------|-------|-------------|-------|-------|-------|-------|--------|-----------
GET      /tools.descartes.teastore.webui/category?category=[id]&page=[n]                  261     0(0.00%) |   8128      17   20303   9500 |    4.80        0.00
GET      /tools.descartes.teastore.webui/home                                             114     0(0.00%) |   5203       8   16530   5400 |    1.50        0.00
GET      /tools.descartes.teastore.webui/product?id=[id]                                  103     0(0.00%) |   8381      39   28815  11000 |    0.70        0.00
--------|----------------------------------------------------------------------------|-------|-------------|-------|-------|-------|-------|--------|-----------
         Aggregated                                                                       478     0(0.00%) |   7485       8   28815   7500 |    7.00        0.00

Type     Name                                                                          # reqs      # fails |    Avg     Min     Max    Med |   req/s  failures/s
--------|----------------------------------------------------------------------------|-------|-------------|-------|-------|-------|-------|--------|-----------
GET      /tools.descartes.teastore.webui/category?category=[id]&page=[n]                  261     0(0.00%) |   8128      17   20303   9500 |    4.80        0.00
GET      /tools.descartes.teastore.webui/home                                             114     0(0.00%) |   5203       8   16530   5400 |    1.50        0.00
GET      /tools.descartes.teastore.webui/product?id=[id]                                  103     0(0.00%) |   8381      39   28815  11000 |    0.70        0.00
--------|----------------------------------------------------------------------------|-------|-------------|-------|-------|-------|-------|--------|-----------
         Aggregated                                                                       478     0(0.00%) |   7485       8   28815   7500 |    7.00        0.00

Type     Name                                                                          # reqs      # fails |    Avg     Min     Max    Med |   req/s  failures/s
--------|----------------------------------------------------------------------------|-------|-------------|-------|-------|-------|-------|--------|-----------
GET      /tools.descartes.teastore.webui/category?category=[id]&page=[n]                  261     0(0.00%) |   8128      17   20303   9500 |    4.80        0.00
GET      /tools.descartes.teastore.webui/home                                             114     0(0.00%) |   5203       8   16530   5400 |    1.50        0.00
GET      /tools.descartes.teastore.webui/product?id=[id]                                  103     0(0.00%) |   8381      39   28815  11000 |    0.70        0.00
--------|----------------------------------------------------------------------------|-------|-------------|-------|-------|-------|-------|--------|-----------
         Aggregated                                                                       478     0(0.00%) |   7485       8   28815   7500 |    7.00        0.00

Type     Name                                                                          # reqs      # fails |    Avg     Min     Max    Med |   req/s  failures/s
--------|----------------------------------------------------------------------------|-------|-------------|-------|-------|-------|-------|--------|-----------
GET      /tools.descartes.teastore.webui/category?category=[id]&page=[n]                  261     0(0.00%) |   8128      17   20303   9500 |    4.80        0.00
GET      /tools.descartes.teastore.webui/home                                             114     0(0.00%) |   5203       8   16530   5400 |    1.50        0.00
GET      /tools.descartes.teastore.webui/product?id=[id]                                  103     0(0.00%) |   8381      39   28815  11000 |    0.70        0.00
--------|----------------------------------------------------------------------------|-------|-------------|-------|-------|-------|-------|--------|-----------
         Aggregated                                                                       478     0(0.00%) |   7485       8   28815   7500 |    7.00        0.00

Type     Name                                                                          # reqs      # fails |    Avg     Min     Max    Med |   req/s  failures/s
--------|----------------------------------------------------------------------------|-------|-------------|-------|-------|-------|-------|--------|-----------
GET      /tools.descartes.teastore.webui/category?category=[id]&page=[n]                  261     0(0.00%) |   8128      17   20303   9500 |    0.20        0.00
GET      /tools.descartes.teastore.webui/home                                             115     0(0.00%) |   5312       8   17713   5400 |    0.70        0.00
GET      /tools.descartes.teastore.webui/product?id=[id]                                  103     0(0.00%) |   8381      39   28815  11000 |    0.50        0.00
--------|----------------------------------------------------------------------------|-------|-------------|-------|-------|-------|-------|--------|-----------
         Aggregated                                                                       479     0(0.00%) |   7506       8   28815   7600 |    1.40        0.00

Type     Name                                                                          # reqs      # fails |    Avg     Min     Max    Med |   req/s  failures/s
--------|----------------------------------------------------------------------------|-------|-------------|-------|-------|-------|-------|--------|-----------
GET      /tools.descartes.teastore.webui/category?category=[id]&page=[n]                  261     0(0.00%) |   8128      17   20303   9500 |    0.20        0.00
GET      /tools.descartes.teastore.webui/home                                             115     0(0.00%) |   5312       8   17713   5400 |    0.70        0.00
GET      /tools.descartes.teastore.webui/product?id=[id]                                  103     0(0.00%) |   8381      39   28815  11000 |    0.50        0.00
--------|----------------------------------------------------------------------------|-------|-------------|-------|-------|-------|-------|--------|-----------
         Aggregated                                                                       479     0(0.00%) |   7506       8   28815   7600 |    1.40        0.00

Type     Name                                                                          # reqs      # fails |    Avg     Min     Max    Med |   req/s  failures/s
--------|----------------------------------------------------------------------------|-------|-------------|-------|-------|-------|-------|--------|-----------
GET      /tools.descartes.teastore.webui/category?category=[id]&page=[n]                  261     0(0.00%) |   8128      17   20303   9500 |    0.20        0.00
GET      /tools.descartes.teastore.webui/home                                             115     0(0.00%) |   5312       8   17713   5400 |    0.70        0.00
GET      /tools.descartes.teastore.webui/product?id=[id]                                  103     0(0.00%) |   8381      39   28815  11000 |    0.50        0.00
--------|----------------------------------------------------------------------------|-------|-------------|-------|-------|-------|-------|--------|-----------
         Aggregated                                                                       479     0(0.00%) |   7506       8   28815   7600 |    1.40        0.00

Type     Name                                                                          # reqs      # fails |    Avg     Min     Max    Med |   req/s  failures/s
--------|----------------------------------------------------------------------------|-------|-------------|-------|-------|-------|-------|--------|-----------
GET      /tools.descartes.teastore.webui/category?category=[id]&page=[n]                  261     0(0.00%) |   8128      17   20303   9500 |    0.20        0.00
GET      /tools.descartes.teastore.webui/home                                             115     0(0.00%) |   5312       8   17713   5400 |    0.70        0.00
GET      /tools.descartes.teastore.webui/product?id=[id]                                  103     0(0.00%) |   8381      39   28815  11000 |    0.50        0.00
--------|----------------------------------------------------------------------------|-------|-------------|-------|-------|-------|-------|--------|-----------
         Aggregated                                                                       479     0(0.00%) |   7506       8   28815   7600 |    1.40        0.00

Type     Name                                                                          # reqs      # fails |    Avg     Min     Max    Med |   req/s  failures/s
--------|----------------------------------------------------------------------------|-------|-------------|-------|-------|-------|-------|--------|-----------
GET      /tools.descartes.teastore.webui/category?category=[id]&page=[n]                  290     0(0.00%) |  10401      17   31668   9900 |    0.00        0.00
GET      /tools.descartes.teastore.webui/home                                             124     0(0.00%) |   6595       8   24874   5800 |    0.10        0.00
GET      /tools.descartes.teastore.webui/product?id=[id]                                  107     0(0.00%) |   9653      39   45264  11000 |    0.00        0.00
--------|----------------------------------------------------------------------------|-------|-------------|-------|-------|-------|-------|--------|-----------
         Aggregated                                                                       521     0(0.00%) |   9342       8   45264   9000 |    0.10        0.00

Type     Name                                                                          # reqs      # fails |    Avg     Min     Max    Med |   req/s  failures/s
--------|----------------------------------------------------------------------------|-------|-------------|-------|-------|-------|-------|--------|-----------
GET      /tools.descartes.teastore.webui/category?category=[id]&page=[n]                  290     0(0.00%) |  10401      17   31668   9900 |    0.00        0.00
GET      /tools.descartes.teastore.webui/home                                             124     0(0.00%) |   6595       8   24874   5800 |    0.10        0.00
GET      /tools.descartes.teastore.webui/product?id=[id]                                  107     0(0.00%) |   9653      39   45264  11000 |    0.00        0.00
--------|----------------------------------------------------------------------------|-------|-------------|-------|-------|-------|-------|--------|-----------
         Aggregated                                                                       521     0(0.00%) |   9342       8   45264   9000 |    0.10        0.00

Type     Name                                                                          # reqs      # fails |    Avg     Min     Max    Med |   req/s  failures/s
--------|----------------------------------------------------------------------------|-------|-------------|-------|-------|-------|-------|--------|-----------
GET      /tools.descartes.teastore.webui/category?category=[id]&page=[n]                  304     0(0.00%) |  11409      17   34724  10000 |    2.90        0.00
GET      /tools.descartes.teastore.webui/home                                             124     0(0.00%) |   6595       8   24874   5800 |    0.90        0.00
GET      /tools.descartes.teastore.webui/product?id=[id]                                  107     0(0.00%) |   9653      39   45264  11000 |    0.40        0.00
--------|----------------------------------------------------------------------------|-------|-------------|-------|-------|-------|-------|--------|-----------
         Aggregated                                                                       535     0(0.00%) |   9942       8   45264   9400 |    4.20        0.00

Type     Name                                                                          # reqs      # fails |    Avg     Min     Max    Med |   req/s  failures/s
--------|----------------------------------------------------------------------------|-------|-------------|-------|-------|-------|-------|--------|-----------
GET      /tools.descartes.teastore.webui/category?category=[id]&page=[n]                  304     0(0.00%) |  11409      17   34724  10000 |    2.90        0.00
GET      /tools.descartes.teastore.webui/home                                             124     0(0.00%) |   6595       8   24874   5800 |    0.90        0.00
GET      /tools.descartes.teastore.webui/product?id=[id]                                  117     0(0.00%) |  13308      39   57039  12000 |    0.40        0.00
--------|----------------------------------------------------------------------------|-------|-------------|-------|-------|-------|-------|--------|-----------
         Aggregated                                                                       545     0(0.00%) |  10721       8   57039   9500 |    4.20        0.00

Type     Name                                                                          # reqs      # fails |    Avg     Min     Max    Med |   req/s  failures/s
--------|----------------------------------------------------------------------------|-------|-------------|-------|-------|-------|-------|--------|-----------
GET      /tools.descartes.teastore.webui/category?category=[id]&page=[n]                  304     0(0.00%) |  11409      17   34724  10000 |    2.90        0.00
GET      /tools.descartes.teastore.webui/home                                             124     0(0.00%) |   6595       8   24874   5800 |    0.90        0.00
GET      /tools.descartes.teastore.webui/product?id=[id]                                  117     0(0.00%) |  13308      39   57039  12000 |    0.40        0.00
--------|----------------------------------------------------------------------------|-------|-------------|-------|-------|-------|-------|--------|-----------
         Aggregated                                                                       545     0(0.00%) |  10721       8   57039   9500 |    4.20        0.00

Type     Name                                                                          # reqs      # fails |    Avg     Min     Max    Med |   req/s  failures/s
--------|----------------------------------------------------------------------------|-------|-------------|-------|-------|-------|-------|--------|-----------
GET      /tools.descartes.teastore.webui/category?category=[id]&page=[n]                  304     0(0.00%) |  11409      17   34724  10000 |    2.90        0.00
GET      /tools.descartes.teastore.webui/home                                             124     0(0.00%) |   6595       8   24874   5800 |    0.90        0.00
GET      /tools.descartes.teastore.webui/product?id=[id]                                  117     0(0.00%) |  13308      39   57039  12000 |    0.40        0.00
--------|----------------------------------------------------------------------------|-------|-------------|-------|-------|-------|-------|--------|-----------
         Aggregated                                                                       545     0(0.00%) |  10721       8   57039   9500 |    4.20        0.00

Type     Name                                                                          # reqs      # fails |    Avg     Min     Max    Med |   req/s  failures/s
--------|----------------------------------------------------------------------------|-------|-------------|-------|-------|-------|-------|--------|-----------
GET      /tools.descartes.teastore.webui/category?category=[id]&page=[n]                  304     0(0.00%) |  11409      17   34724  10000 |    2.90        0.00
GET      /tools.descartes.teastore.webui/home                                             124     0(0.00%) |   6595       8   24874   5800 |    0.90        0.00
GET      /tools.descartes.teastore.webui/product?id=[id]                                  117     0(0.00%) |  13308      39   57039  12000 |    0.40        0.00
--------|----------------------------------------------------------------------------|-------|-------------|-------|-------|-------|-------|--------|-----------
         Aggregated                                                                       545     0(0.00%) |  10721       8   57039   9500 |    4.20        0.00

Type     Name                                                                          # reqs      # fails |    Avg     Min     Max    Med |   req/s  failures/s
--------|----------------------------------------------------------------------------|-------|-------------|-------|-------|-------|-------|--------|-----------
GET      /tools.descartes.teastore.webui/category?category=[id]&page=[n]                  316     0(0.00%) |  12587      17   45123  10000 |    1.40        0.00
GET      /tools.descartes.teastore.webui/home                                             128     0(0.00%) |   7328       8   30746   5900 |    0.00        0.00
GET      /tools.descartes.teastore.webui/product?id=[id]                                  117     0(0.00%) |  13308      39   57039  12000 |    1.00        0.00
--------|----------------------------------------------------------------------------|-------|-------------|-------|-------|-------|-------|--------|-----------
         Aggregated                                                                       561     0(0.00%) |  11537       8   57039   9700 |    2.40        0.00

Type     Name                                                                          # reqs      # fails |    Avg     Min     Max    Med |   req/s  failures/s
--------|----------------------------------------------------------------------------|-------|-------------|-------|-------|-------|-------|--------|-----------
GET      /tools.descartes.teastore.webui/category?category=[id]&page=[n]                  316     0(0.00%) |  12587      17   45123  10000 |    2.60        0.00
GET      /tools.descartes.teastore.webui/home                                             128     0(0.00%) |   7328       8   30746   5900 |    0.40        0.00
GET      /tools.descartes.teastore.webui/product?id=[id]                                  126     0(0.00%) |  16823      39   67445  12000 |    1.00        0.00
--------|----------------------------------------------------------------------------|-------|-------------|-------|-------|-------|-------|--------|-----------
         Aggregated                                                                       570     0(0.00%) |  12342       8   67445   9800 |    4.00        0.00

Type     Name                                                                          # reqs      # fails |    Avg     Min     Max    Med |   req/s  failures/s
--------|----------------------------------------------------------------------------|-------|-------------|-------|-------|-------|-------|--------|-----------
GET      /tools.descartes.teastore.webui/category?category=[id]&page=[n]                  331     0(0.00%) |  13895      17   45123  11000 |    1.20        0.00
GET      /tools.descartes.teastore.webui/home                                             128     0(0.00%) |   7328       8   30746   5900 |    0.40        0.00
GET      /tools.descartes.teastore.webui/product?id=[id]                                  133     0(0.00%) |  19052      39   68468  12000 |    1.00        0.00
--------|----------------------------------------------------------------------------|-------|-------------|-------|-------|-------|-------|--------|-----------
         Aggregated                                                                       592     0(0.00%) |  13634       8   68468  10000 |    2.60        0.00

Type     Name                                                                          # reqs      # fails |    Avg     Min     Max    Med |   req/s  failures/s
--------|----------------------------------------------------------------------------|-------|-------------|-------|-------|-------|-------|--------|-----------
GET      /tools.descartes.teastore.webui/category?category=[id]&page=[n]                  331     0(0.00%) |  13895      17   45123  11000 |    1.20        0.00
GET      /tools.descartes.teastore.webui/home                                             130     0(0.00%) |   7491       8   30746   6000 |    0.40        0.00
GET      /tools.descartes.teastore.webui/product?id=[id]                                  145     0(0.00%) |  22443      39   68468  13000 |    1.00        0.00
--------|----------------------------------------------------------------------------|-------|-------------|-------|-------|-------|-------|--------|-----------
         Aggregated                                                                       606     0(0.00%) |  14567       8   68468  10000 |    2.60        0.00

Type     Name                                                                          # reqs      # fails |    Avg     Min     Max    Med |   req/s  failures/s
--------|----------------------------------------------------------------------------|-------|-------------|-------|-------|-------|-------|--------|-----------
GET      /tools.descartes.teastore.webui/category?category=[id]&page=[n]                  345     0(0.00%) |  15097      17   53529  11000 |    2.70        0.00
GET      /tools.descartes.teastore.webui/home                                             139     0(0.00%) |   7977       8   30746   6200 |    0.60        0.00
GET      /tools.descartes.teastore.webui/product?id=[id]                                  145     0(0.00%) |  22443      39   68468  13000 |    2.80        0.00
--------|----------------------------------------------------------------------------|-------|-------------|-------|-------|-------|-------|--------|-----------
         Aggregated                                                                       629     0(0.00%) |  15217       8   68468  11000 |    6.10        0.00

Type     Name                                                                          # reqs      # fails |    Avg     Min     Max    Med |   req/s  failures/s
--------|----------------------------------------------------------------------------|-------|-------------|-------|-------|-------|-------|--------|-----------
GET      /tools.descartes.teastore.webui/category?category=[id]&page=[n]                  345     0(0.00%) |  15097      17   53529  11000 |    2.70        0.00
GET      /tools.descartes.teastore.webui/home                                             139     0(0.00%) |   7977       8   30746   6200 |    1.50        0.00
GET      /tools.descartes.teastore.webui/product?id=[id]                                  156     0(0.00%) |  25248      39   68468  14000 |    2.80        0.00
--------|----------------------------------------------------------------------------|-------|-------------|-------|-------|-------|-------|--------|-----------
         Aggregated                                                                       640     0(0.00%) |  16025       8   68468  11000 |    7.00        0.00

Type     Name                                                                          # reqs      # fails |    Avg     Min     Max    Med |   req/s  failures/s
--------|----------------------------------------------------------------------------|-------|-------------|-------|-------|-------|-------|--------|-----------
GET      /tools.descartes.teastore.webui/category?category=[id]&page=[n]                  345     0(0.00%) |  15097      17   53529  11000 |    2.90        0.00
GET      /tools.descartes.teastore.webui/home                                             145     0(0.00%) |   8370       8   30746   6400 |    1.10        0.00
GET      /tools.descartes.teastore.webui/product?id=[id]                                  159     0(0.00%) |  25965      39   72615  15000 |    3.70        0.00
--------|----------------------------------------------------------------------------|-------|-------------|-------|-------|-------|-------|--------|-----------
         Aggregated                                                                       649     0(0.00%) |  16257       8   72615  11000 |    7.70        0.00

Type     Name                                                                          # reqs      # fails |    Avg     Min     Max    Med |   req/s  failures/s
--------|----------------------------------------------------------------------------|-------|-------------|-------|-------|-------|-------|--------|-----------
GET      /tools.descartes.teastore.webui/category?category=[id]&page=[n]                  345     0(0.00%) |  15097      17   53529  11000 |    2.90        0.00
GET      /tools.descartes.teastore.webui/home                                             155     0(0.00%) |   8402       8   30746   6400 |    1.70        0.00
GET      /tools.descartes.teastore.webui/product?id=[id]                                  171     0(0.00%) |  28246      39   72615  15000 |    3.90        0.00
--------|----------------------------------------------------------------------------|-------|-------------|-------|-------|-------|-------|--------|-----------
         Aggregated                                                                       671     0(0.00%) |  16901       8   72615  11000 |    8.50        0.00

Type     Name                                                                          # reqs      # fails |    Avg     Min     Max    Med |   req/s  failures/s
--------|----------------------------------------------------------------------------|-------|-------------|-------|-------|-------|-------|--------|-----------
GET      /tools.descartes.teastore.webui/category?category=[id]&page=[n]                  366     0(0.00%) |  15684      17   53529  12000 |    1.40        0.00
GET      /tools.descartes.teastore.webui/home                                             155     0(0.00%) |   8402       8   30746   6400 |    2.70        0.00
GET      /tools.descartes.teastore.webui/product?id=[id]                                  177     0(0.00%) |  29325      39   72615  17000 |    3.50        0.00
--------|----------------------------------------------------------------------------|-------|-------------|-------|-------|-------|-------|--------|-----------
         Aggregated                                                                       698     0(0.00%) |  17526       8   72615  11000 |    7.60        0.00

Type     Name                                                                          # reqs      # fails |    Avg     Min     Max    Med |   req/s  failures/s
--------|----------------------------------------------------------------------------|-------|-------------|-------|-------|-------|-------|--------|-----------
GET      /tools.descartes.teastore.webui/category?category=[id]&page=[n]                  380     0(0.00%) |  16058      17   53529  12000 |    3.30        0.00
GET      /tools.descartes.teastore.webui/home                                             155     0(0.00%) |   8402       8   30746   6400 |    2.50        0.00
GET      /tools.descartes.teastore.webui/product?id=[id]                                  177     0(0.00%) |  29325      39   72615  17000 |    3.20        0.00
--------|----------------------------------------------------------------------------|-------|-------------|-------|-------|-------|-------|--------|-----------
         Aggregated                                                                       712     0(0.00%) |  17690       8   72615  12000 |    9.00        0.00

Type     Name                                                                          # reqs      # fails |    Avg     Min     Max    Med |   req/s  failures/s
--------|----------------------------------------------------------------------------|-------|-------------|-------|-------|-------|-------|--------|-----------
GET      /tools.descartes.teastore.webui/category?category=[id]&page=[n]                  380     0(0.00%) |  16058      17   53529  12000 |    3.30        0.00
GET      /tools.descartes.teastore.webui/home                                             155     0(0.00%) |   8402       8   30746   6400 |    2.50        0.00
GET      /tools.descartes.teastore.webui/product?id=[id]                                  177     0(0.00%) |  29325      39   72615  17000 |    3.20        0.00
--------|----------------------------------------------------------------------------|-------|-------------|-------|-------|-------|-------|--------|-----------
         Aggregated                                                                       712     0(0.00%) |  17690       8   72615  12000 |    9.00        0.00

Type     Name                                                                          # reqs      # fails |    Avg     Min     Max    Med |   req/s  failures/s
--------|----------------------------------------------------------------------------|-------|-------------|-------|-------|-------|-------|--------|-----------
GET      /tools.descartes.teastore.webui/category?category=[id]&page=[n]                  380     0(0.00%) |  16058      17   53529  12000 |    3.30        0.00
GET      /tools.descartes.teastore.webui/home                                             155     0(0.00%) |   8402       8   30746   6400 |    2.50        0.00
GET      /tools.descartes.teastore.webui/product?id=[id]                                  177     0(0.00%) |  29325      39   72615  17000 |    3.20        0.00
--------|----------------------------------------------------------------------------|-------|-------------|-------|-------|-------|-------|--------|-----------
         Aggregated                                                                       712     0(0.00%) |  17690       8   72615  12000 |    9.00        0.00

Type     Name                                                                          # reqs      # fails |    Avg     Min     Max    Med |   req/s  failures/s
--------|----------------------------------------------------------------------------|-------|-------------|-------|-------|-------|-------|--------|-----------
GET      /tools.descartes.teastore.webui/category?category=[id]&page=[n]                  380     0(0.00%) |  16058      17   53529  12000 |    3.30        0.00
GET      /tools.descartes.teastore.webui/home                                             155     0(0.00%) |   8402       8   30746   6400 |    2.50        0.00
GET      /tools.descartes.teastore.webui/product?id=[id]                                  177     0(0.00%) |  29325      39   72615  17000 |    3.20        0.00
--------|----------------------------------------------------------------------------|-------|-------------|-------|-------|-------|-------|--------|-----------
         Aggregated                                                                       712     0(0.00%) |  17690       8   72615  12000 |    9.00        0.00

Type     Name                                                                          # reqs      # fails |    Avg     Min     Max    Med |   req/s  failures/s
--------|----------------------------------------------------------------------------|-------|-------------|-------|-------|-------|-------|--------|-----------
GET      /tools.descartes.teastore.webui/category?category=[id]&page=[n]                  380     0(0.00%) |  16058      17   53529  12000 |    3.50        0.00
GET      /tools.descartes.teastore.webui/home                                             160     0(0.00%) |   8658       8   30746   6600 |    0.00        0.00
GET      /tools.descartes.teastore.webui/product?id=[id]                                  177     0(0.00%) |  29325      39   72615  17000 |    1.00        0.00
--------|----------------------------------------------------------------------------|-------|-------------|-------|-------|-------|-------|--------|-----------
         Aggregated                                                                       717     0(0.00%) |  17682       8   72615  12000 |    4.50        0.00

Type     Name                                                                          # reqs      # fails |    Avg     Min     Max    Med |   req/s  failures/s
--------|----------------------------------------------------------------------------|-------|-------------|-------|-------|-------|-------|--------|-----------
GET      /tools.descartes.teastore.webui/category?category=[id]&page=[n]                  381     0(0.00%) |  16078      17   53529  12000 |    3.50        0.00
GET      /tools.descartes.teastore.webui/home                                             161     0(0.00%) |   8714       8   30746   6700 |    0.00        0.00
GET      /tools.descartes.teastore.webui/product?id=[id]                                  179     0(0.00%) |  29806      39   72776  17000 |    0.00        0.00
--------|----------------------------------------------------------------------------|-------|-------------|-------|-------|-------|-------|--------|-----------
         Aggregated                                                                       721     0(0.00%) |  17842       8   72776  12000 |    3.50        0.00

Type     Name                                                                          # reqs      # fails |    Avg     Min     Max    Med |   req/s  failures/s
--------|----------------------------------------------------------------------------|-------|-------------|-------|-------|-------|-------|--------|-----------
GET      /tools.descartes.teastore.webui/category?category=[id]&page=[n]                  398     0(0.00%) |  16765      17   53529  13000 |    1.50        0.00
GET      /tools.descartes.teastore.webui/home                                             161     0(0.00%) |   8714       8   30746   6700 |    0.60        0.00
GET      /tools.descartes.teastore.webui/product?id=[id]                                  182     0(0.00%) |  30516      39   74074  18000 |    0.20        0.00
--------|----------------------------------------------------------------------------|-------|-------------|-------|-------|-------|-------|--------|-----------
         Aggregated                                                                       741     0(0.00%) |  18393       8   74074  12000 |    2.30        0.00

Type     Name                                                                          # reqs      # fails |    Avg     Min     Max    Med |   req/s  failures/s
--------|----------------------------------------------------------------------------|-------|-------------|-------|-------|-------|-------|--------|-----------
GET      /tools.descartes.teastore.webui/category?category=[id]&page=[n]                  398     0(0.00%) |  16765      17   53529  13000 |    0.20        0.00
GET      /tools.descartes.teastore.webui/home                                             167     0(0.00%) |   9073       8   30746   6900 |    0.60        0.00
GET      /tools.descartes.teastore.webui/product?id=[id]                                  182     0(0.00%) |  30516      39   74074  18000 |    0.50        0.00
--------|----------------------------------------------------------------------------|-------|-------------|-------|-------|-------|-------|--------|-----------
         Aggregated                                                                       747     0(0.00%) |  18396       8   74074  12000 |    1.30        0.00

Type     Name                                                                          # reqs      # fails |    Avg     Min     Max    Med |   req/s  failures/s
--------|----------------------------------------------------------------------------|-------|-------------|-------|-------|-------|-------|--------|-----------
GET      /tools.descartes.teastore.webui/category?category=[id]&page=[n]                  399     0(0.00%) |  16799      17   53529  13000 |    1.80        0.00
GET      /tools.descartes.teastore.webui/home                                             172     0(0.00%) |   9326       8   30746   7000 |    0.60        0.00
GET      /tools.descartes.teastore.webui/product?id=[id]                                  183     0(0.00%) |  30763      39   75750  18000 |    0.50        0.00
--------|----------------------------------------------------------------------------|-------|-------------|-------|-------|-------|-------|--------|-----------
         Aggregated                                                                       754     0(0.00%) |  18483       8   75750  13000 |    2.90        0.00

Type     Name                                                                          # reqs      # fails |    Avg     Min     Max    Med |   req/s  failures/s
--------|----------------------------------------------------------------------------|-------|-------------|-------|-------|-------|-------|--------|-----------
GET      /tools.descartes.teastore.webui/category?category=[id]&page=[n]                  399     0(0.00%) |  16799      17   53529  13000 |    1.80        0.00
GET      /tools.descartes.teastore.webui/home                                             172     0(0.00%) |   9326       8   30746   7000 |    0.60        0.00
GET      /tools.descartes.teastore.webui/product?id=[id]                                  183     0(0.00%) |  30763      39   75750  18000 |    0.50        0.00
--------|----------------------------------------------------------------------------|-------|-------------|-------|-------|-------|-------|--------|-----------
         Aggregated                                                                       754     0(0.00%) |  18483       8   75750  13000 |    2.90        0.00

Type     Name                                                                          # reqs      # fails |    Avg     Min     Max    Med |   req/s  failures/s
--------|----------------------------------------------------------------------------|-------|-------------|-------|-------|-------|-------|--------|-----------
GET      /tools.descartes.teastore.webui/category?category=[id]&page=[n]                  399     0(0.00%) |  16799      17   53529  13000 |    1.90        0.00
GET      /tools.descartes.teastore.webui/home                                             172     0(0.00%) |   9326       8   30746   7000 |    1.20        0.00
GET      /tools.descartes.teastore.webui/product?id=[id]                                  190     0(0.00%) |  32506      39   80770  18000 |    0.60        0.00
--------|----------------------------------------------------------------------------|-------|-------------|-------|-------|-------|-------|--------|-----------
         Aggregated                                                                       761     0(0.00%) |  19031       8   80770  13000 |    3.70        0.00

Type     Name                                                                          # reqs      # fails |    Avg     Min     Max    Med |   req/s  failures/s
--------|----------------------------------------------------------------------------|-------|-------------|-------|-------|-------|-------|--------|-----------
GET      /tools.descartes.teastore.webui/category?category=[id]&page=[n]                  402     0(0.00%) |  16915      17   53529  13000 |    1.80        0.00
GET      /tools.descartes.teastore.webui/home                                             177     0(0.00%) |   9635       8   30746   7400 |    1.10        0.00
GET      /tools.descartes.teastore.webui/product?id=[id]                                  194     0(0.00%) |  33418      39   80770  20000 |    0.40        0.00
--------|----------------------------------------------------------------------------|-------|-------------|-------|-------|-------|-------|--------|-----------
         Aggregated                                                                       773     0(0.00%) |  19390       8   80770  13000 |    3.30        0.00

Type     Name                                                                          # reqs      # fails |    Avg     Min     Max    Med |   req/s  failures/s
--------|----------------------------------------------------------------------------|-------|-------------|-------|-------|-------|-------|--------|-----------
GET      /tools.descartes.teastore.webui/category?category=[id]&page=[n]                  439     0(0.00%) |  18020      17   53529  15000 |    2.00        0.00
GET      /tools.descartes.teastore.webui/home                                             178     0(0.00%) |   9646       8   30746   7400 |    1.20        0.00
GET      /tools.descartes.teastore.webui/product?id=[id]                                  201     0(0.00%) |  34883      39   80770  27000 |    1.00        0.00
--------|----------------------------------------------------------------------------|-------|-------------|-------|-------|-------|-------|--------|-----------
         Aggregated                                                                       818     0(0.00%) |  20342       8   80770  13000 |    4.20        0.00

[2026-02-22 16:18:20,054] Syrils-Macbook-Pro/INFO/locust.main: --run-time limit reached, shutting down
[2026-02-22 16:18:20,113] Syrils-Macbook-Pro/INFO/locust.main: Shutting down (exit code 0)
Type     Name                                                                          # reqs      # fails |    Avg     Min     Max    Med |   req/s  failures/s
--------|----------------------------------------------------------------------------|-------|-------------|-------|-------|-------|-------|--------|-----------
GET      /tools.descartes.teastore.webui/category?category=[id]&page=[n]                  458     0(0.00%) |  18335      17   53529  16000 |    3.83        0.00
GET      /tools.descartes.teastore.webui/home                                             181     0(0.00%) |   9619       8   30746   7500 |    1.52        0.00
GET      /tools.descartes.teastore.webui/product?id=[id]                                  209     0(0.00%) |  35797      39   80770  38000 |    1.75        0.00
--------|----------------------------------------------------------------------------|-------|-------------|-------|-------|-------|-------|--------|-----------
         Aggregated                                                                       848     0(0.00%) |  20778       8   80770  14000 |    7.10        0.00

Response time percentiles (approximated)
Type     Name                                                                                  50%    66%    75%    80%    90%    95%    98%    99%  99.9% 99.99%   100% # reqs
--------|--------------------------------------------------------------------------------|--------|------|------|------|------|------|------|------|------|------|------|------
GET      /tools.descartes.teastore.webui/category?category=[id]&page=[n]                     16000  27000  30000  31000  39000  42000  44000  45000  54000  54000  54000    458
GET      /tools.descartes.teastore.webui/home                                                 7500  12000  16000  17000  22000  23000  29000  30000  31000  31000  31000    181
GET      /tools.descartes.teastore.webui/product?id=[id]                                     38000  58000  60000  63000  74000  79000  79000  80000  81000  81000  81000    209
--------|--------------------------------------------------------------------------------|--------|------|------|------|------|------|------|------|------|------|------|------
         Aggregated                                                                          14000  25000  31000  33000  56000  63000  76000  79000  81000  81000  81000    848

