[2026-02-22 16:09:33,559] Syrils-Macbook-Pro/INFO/locust.main: Starting Locust 2.43.3
[2026-02-22 16:09:33,562] Syrils-Macbook-Pro/INFO/locust.main: Run time limit set to 120 seconds
Type     Name                                                                          # reqs      # fails |    Avg     Min     Max    Med |   req/s  failures/s
--------|----------------------------------------------------------------------------|-------|-------------|-------|-------|-------|-------|--------|-----------
--------|----------------------------------------------------------------------------|-------|-------------|-------|-------|-------|-------|--------|-----------
         Aggregated                                                                         0     0(0.00%) |      0       0       0      0 |    0.00        0.00

[2026-02-22 16:09:33,563] Syrils-Macbook-Pro/INFO/locust.runners: Ramping to 25 users at a rate of 10.00 per second
Type     Name                                                                          # reqs      # fails |    Avg     Min     Max    Med |   req/s  failures/s
--------|----------------------------------------------------------------------------|-------|-------------|-------|-------|-------|-------|--------|-----------
GET      /tools.descartes.teastore.webui/category?category=[id]&page=[n]                   14     0(0.00%) |    355      22     815    320 |    0.00        0.00
GET      /tools.descartes.teastore.webui/home                                               4     0(0.00%) |    166      17     362     19 |    0.00        0.00
GET      /tools.descartes.teastore.webui/product?id=[id]                                    9     0(0.00%) |    583      60     824    820 |    0.00        0.00
--------|----------------------------------------------------------------------------|-------|-------------|-------|-------|-------|-------|--------|-----------
         Aggregated                                                                        27     0(0.00%) |    403      17     824    340 |    0.00        0.00

[2026-02-22 16:09:35,573] Syrils-Macbook-Pro/INFO/locust.runners: All users spawned: {"ImageServiceUser": 25} (25 total users)
Type     Name                                                                          # reqs      # fails |    Avg     Min     Max    Med |   req/s  failures/s
--------|----------------------------------------------------------------------------|-------|-------------|-------|-------|-------|-------|--------|-----------
GET      /tools.descartes.teastore.webui/category?category=[id]&page=[n]                   39     0(0.00%) |    149      15     815     31 |    5.50        0.00
GET      /tools.descartes.teastore.webui/home                                              13     0(0.00%) |     78       8     362     19 |    1.50        0.00
GET      /tools.descartes.teastore.webui/product?id=[id]                                   18     0(0.00%) |    318      25     824     79 |    4.00        0.00
--------|----------------------------------------------------------------------------|-------|-------------|-------|-------|-------|-------|--------|-----------
         Aggregated                                                                        70     0(0.00%) |    179       8     824     48 |   11.00        0.00

Type     Name                                                                          # reqs      # fails |    Avg     Min     Max    Med |   req/s  failures/s
--------|----------------------------------------------------------------------------|-------|-------------|-------|-------|-------|-------|--------|-----------
GET      /tools.descartes.teastore.webui/category?category=[id]&page=[n]                   60     0(0.00%) |    115      15     815     28 |    8.00        0.00
GET      /tools.descartes.teastore.webui/home                                              19     0(0.00%) |     63       8     362     20 |    2.75        0.00
GET      /tools.descartes.teastore.webui/product?id=[id]                                   28     0(0.00%) |    221      25     824     55 |    3.50        0.00
--------|----------------------------------------------------------------------------|-------|-------------|-------|-------|-------|-------|--------|-----------
         Aggregated                                                                       107     0(0.00%) |    134       8     824     41 |   14.25        0.00

Type     Name                                                                          # reqs      # fails |    Avg     Min     Max    Med |   req/s  failures/s
--------|----------------------------------------------------------------------------|-------|-------------|-------|-------|-------|-------|--------|-----------
GET      /tools.descartes.teastore.webui/category?category=[id]&page=[n]                   84     0(0.00%) |     88      15     815     24 |    9.00        0.00
GET      /tools.descartes.teastore.webui/home                                              27     0(0.00%) |     49       8     362     17 |    2.83        0.00
GET      /tools.descartes.teastore.webui/product?id=[id]                                   37     0(0.00%) |    179      25     824     54 |    4.33        0.00
--------|----------------------------------------------------------------------------|-------|-------------|-------|-------|-------|-------|--------|-----------
         Aggregated                                                                       148     0(0.00%) |    104       8     824     31 |   16.17        0.00

Type     Name                                                                          # reqs      # fails |    Avg     Min     Max    Med |   req/s  failures/s
--------|----------------------------------------------------------------------------|-------|-------------|-------|-------|-------|-------|--------|-----------
GET      /tools.descartes.teastore.webui/category?category=[id]&page=[n]                  101     0(0.00%) |     77      15     815     23 |    9.75        0.00
GET      /tools.descartes.teastore.webui/home                                              37     0(0.00%) |     39       8     362     13 |    3.12        0.00
GET      /tools.descartes.teastore.webui/product?id=[id]                                   49     0(0.00%) |    145      25     824     49 |    4.25        0.00
--------|----------------------------------------------------------------------------|-------|-------------|-------|-------|-------|-------|--------|-----------
         Aggregated                                                                       187     0(0.00%) |     87       8     824     27 |   17.12        0.00

Type     Name                                                                          # reqs      # fails |    Avg     Min     Max    Med |   req/s  failures/s
--------|----------------------------------------------------------------------------|-------|-------------|-------|-------|-------|-------|--------|-----------
GET      /tools.descartes.teastore.webui/category?category=[id]&page=[n]                  117     0(0.00%) |     71      15     815     23 |    9.50        0.00
GET      /tools.descartes.teastore.webui/home                                              46     0(0.00%) |     35       7     362     12 |    3.40        0.00
GET      /tools.descartes.teastore.webui/product?id=[id]                                   64     0(0.00%) |    124      25     824     49 |    4.70        0.00
--------|----------------------------------------------------------------------------|-------|-------------|-------|-------|-------|-------|--------|-----------
         Aggregated                                                                       227     0(0.00%) |     79       7     824     28 |   17.60        0.00

Type     Name                                                                          # reqs      # fails |    Avg     Min     Max    Med |   req/s  failures/s
--------|----------------------------------------------------------------------------|-------|-------------|-------|-------|-------|-------|--------|-----------
GET      /tools.descartes.teastore.webui/category?category=[id]&page=[n]                  139     0(0.00%) |     64      15     815     23 |   10.20        0.00
GET      /tools.descartes.teastore.webui/home                                              53     0(0.00%) |     32       7     362     12 |    3.90        0.00
GET      /tools.descartes.teastore.webui/product?id=[id]                                   77     0(0.00%) |    110      25     824     42 |    5.20        0.00
--------|----------------------------------------------------------------------------|-------|-------------|-------|-------|-------|-------|--------|-----------
         Aggregated                                                                       269     0(0.00%) |     71       7     824     28 |   19.30        0.00

Type     Name                                                                          # reqs      # fails |    Avg     Min     Max    Med |   req/s  failures/s
--------|----------------------------------------------------------------------------|-------|-------------|-------|-------|-------|-------|--------|-----------
GET      /tools.descartes.teastore.webui/category?category=[id]&page=[n]                  162     0(0.00%) |     60      15     815     23 |   10.00        0.00
GET      /tools.descartes.teastore.webui/home                                              57     0(0.00%) |     31       7     362     12 |    3.90        0.00
GET      /tools.descartes.teastore.webui/product?id=[id]                                   87     0(0.00%) |    104      25     824     41 |    5.90        0.00
--------|----------------------------------------------------------------------------|-------|-------------|-------|-------|-------|-------|--------|-----------
         Aggregated                                                                       306     0(0.00%) |     67       7     824     27 |   19.80        0.00

Type     Name                                                                          # reqs      # fails |    Avg     Min     Max    Med |   req/s  failures/s
--------|----------------------------------------------------------------------------|-------|-------------|-------|-------|-------|-------|--------|-----------
GET      /tools.descartes.teastore.webui/category?category=[id]&page=[n]                  184     0(0.00%) |     57      15     815     23 |   10.40        0.00
GET      /tools.descartes.teastore.webui/home                                              65     0(0.00%) |     29       7     362     12 |    3.80        0.00
GET      /tools.descartes.teastore.webui/product?id=[id]                                   99     0(0.00%) |     96      23     824     41 |    5.70        0.00
--------|----------------------------------------------------------------------------|-------|-------------|-------|-------|-------|-------|--------|-----------
         Aggregated                                                                       348     0(0.00%) |     63       7     824     27 |   19.90        0.00

Type     Name                                                                          # reqs      # fails |    Avg     Min     Max    Med |   req/s  failures/s
--------|----------------------------------------------------------------------------|-------|-------------|-------|-------|-------|-------|--------|-----------
GET      /tools.descartes.teastore.webui/category?category=[id]&page=[n]                  202     0(0.00%) |     54      15     815     22 |    9.90        0.00
GET      /tools.descartes.teastore.webui/home                                              77     0(0.00%) |     27       7     362     11 |    3.90        0.00
GET      /tools.descartes.teastore.webui/product?id=[id]                                  109     0(0.00%) |     92      23     824     42 |    6.30        0.00
--------|----------------------------------------------------------------------------|-------|-------------|-------|-------|-------|-------|--------|-----------
         Aggregated                                                                       388     0(0.00%) |     59       7     824     26 |   20.10        0.00

Type     Name                                                                          # reqs      # fails |    Avg     Min     Max    Med |   req/s  failures/s
--------|----------------------------------------------------------------------------|-------|-------------|-------|-------|-------|-------|--------|-----------
GET      /tools.descartes.teastore.webui/category?category=[id]&page=[n]                  221     0(0.00%) |     51      15     815     22 |   10.10        0.00
GET      /tools.descartes.teastore.webui/home                                              86     0(0.00%) |     25       7     362     11 |    3.80        0.00
GET      /tools.descartes.teastore.webui/product?id=[id]                                  120     0(0.00%) |     88      23     824     41 |    5.90        0.00
--------|----------------------------------------------------------------------------|-------|-------------|-------|-------|-------|-------|--------|-----------
         Aggregated                                                                       427     0(0.00%) |     56       7     824     26 |   19.80        0.00

Type     Name                                                                          # reqs      # fails |    Avg     Min     Max    Med |   req/s  failures/s
--------|----------------------------------------------------------------------------|-------|-------------|-------|-------|-------|-------|--------|-----------
GET      /tools.descartes.teastore.webui/category?category=[id]&page=[n]                  234     0(0.00%) |     50      15     815     22 |   10.50        0.00
GET      /tools.descartes.teastore.webui/home                                              97     0(0.00%) |     23       7     362     11 |    4.30        0.00
GET      /tools.descartes.teastore.webui/product?id=[id]                                  129     0(0.00%) |     85      23     824     40 |    5.40        0.00
--------|----------------------------------------------------------------------------|-------|-------------|-------|-------|-------|-------|--------|-----------
         Aggregated                                                                       460     0(0.00%) |     54       7     824     25 |   20.20        0.00

Type     Name                                                                          # reqs      # fails |    Avg     Min     Max    Med |   req/s  failures/s
--------|----------------------------------------------------------------------------|-------|-------------|-------|-------|-------|-------|--------|-----------
GET      /tools.descartes.teastore.webui/category?category=[id]&page=[n]                  254     0(0.00%) |     50      15     815     22 |   10.00        0.00
GET      /tools.descartes.teastore.webui/home                                             105     0(0.00%) |     25       7     362     12 |    4.40        0.00
GET      /tools.descartes.teastore.webui/product?id=[id]                                  139     0(0.00%) |     84      23     824     40 |    5.40        0.00
--------|----------------------------------------------------------------------------|-------|-------------|-------|-------|-------|-------|--------|-----------
         Aggregated                                                                       498     0(0.00%) |     54       7     824     26 |   19.80        0.00

Type     Name                                                                          # reqs      # fails |    Avg     Min     Max    Med |   req/s  failures/s
--------|----------------------------------------------------------------------------|-------|-------------|-------|-------|-------|-------|--------|-----------
GET      /tools.descartes.teastore.webui/category?category=[id]&page=[n]                  274     0(0.00%) |     49      15     815     22 |    9.00        0.00
GET      /tools.descartes.teastore.webui/home                                             111     0(0.00%) |     24       7     362     12 |    4.80        0.00
GET      /tools.descartes.teastore.webui/product?id=[id]                                  154     0(0.00%) |     81      23     824     40 |    5.40        0.00
--------|----------------------------------------------------------------------------|-------|-------------|-------|-------|-------|-------|--------|-----------
         Aggregated                                                                       539     0(0.00%) |     53       7     824     26 |   19.20        0.00

Type     Name                                                                          # reqs      # fails |    Avg     Min     Max    Med |   req/s  failures/s
--------|----------------------------------------------------------------------------|-------|-------------|-------|-------|-------|-------|--------|-----------
GET      /tools.descartes.teastore.webui/category?category=[id]&page=[n]                  289     0(0.00%) |     48      15     815     22 |    9.00        0.00
GET      /tools.descartes.teastore.webui/home                                             123     0(0.00%) |     23       7     362     12 |    4.50        0.00
GET      /tools.descartes.teastore.webui/product?id=[id]                                  164     0(0.00%) |     81      23     824     42 |    5.40        0.00
--------|----------------------------------------------------------------------------|-------|-------------|-------|-------|-------|-------|--------|-----------
         Aggregated                                                                       576     0(0.00%) |     52       7     824     27 |   18.90        0.00

Type     Name                                                                          # reqs      # fails |    Avg     Min     Max    Med |   req/s  failures/s
--------|----------------------------------------------------------------------------|-------|-------------|-------|-------|-------|-------|--------|-----------
GET      /tools.descartes.teastore.webui/category?category=[id]&page=[n]                  308     0(0.00%) |     47      15     815     23 |    8.90        0.00
GET      /tools.descartes.teastore.webui/home                                             131     0(0.00%) |     23       7     362     12 |    4.60        0.00
GET      /tools.descartes.teastore.webui/product?id=[id]                                  175     0(0.00%) |     78      23     824     41 |    5.50        0.00
--------|----------------------------------------------------------------------------|-------|-------------|-------|-------|-------|-------|--------|-----------
         Aggregated                                                                       614     0(0.00%) |     51       7     824     27 |   19.00        0.00

Type     Name                                                                          # reqs      # fails |    Avg     Min     Max    Med |   req/s  failures/s
--------|----------------------------------------------------------------------------|-------|-------------|-------|-------|-------|-------|--------|-----------
GET      /tools.descartes.teastore.webui/category?category=[id]&page=[n]                  333     0(0.00%) |     45      15     815     23 |    8.40        0.00
GET      /tools.descartes.teastore.webui/home                                             139     0(0.00%) |     22       7     362     12 |    4.40        0.00
GET      /tools.descartes.teastore.webui/product?id=[id]                                  184     0(0.00%) |     77      23     824     41 |    5.80        0.00
--------|----------------------------------------------------------------------------|-------|-------------|-------|-------|-------|-------|--------|-----------
         Aggregated                                                                       656     0(0.00%) |     49       7     824     27 |   18.60        0.00

Type     Name                                                                          # reqs      # fails |    Avg     Min     Max    Med |   req/s  failures/s
--------|----------------------------------------------------------------------------|-------|-------------|-------|-------|-------|-------|--------|-----------
GET      /tools.descartes.teastore.webui/category?category=[id]&page=[n]                  357     0(0.00%) |     46      15     815     23 |    9.30        0.00
GET      /tools.descartes.teastore.webui/home                                             142     0(0.00%) |     22       7     362     12 |    4.00        0.00
GET      /tools.descartes.teastore.webui/product?id=[id]                                  196     0(0.00%) |     78      23     824     41 |    5.50        0.00
--------|----------------------------------------------------------------------------|-------|-------------|-------|-------|-------|-------|--------|-----------
         Aggregated                                                                       695     0(0.00%) |     50       7     824     27 |   18.80        0.00

Type     Name                                                                          # reqs      # fails |    Avg     Min     Max    Med |   req/s  failures/s
--------|----------------------------------------------------------------------------|-------|-------------|-------|-------|-------|-------|--------|-----------
GET      /tools.descartes.teastore.webui/category?category=[id]&page=[n]                  376     0(0.00%) |     45      15     815     23 |   10.10        0.00
GET      /tools.descartes.teastore.webui/home                                             150     0(0.00%) |     23       7     362     12 |    3.90        0.00
GET      /tools.descartes.teastore.webui/product?id=[id]                                  202     0(0.00%) |     76      23     824     40 |    5.20        0.00
--------|----------------------------------------------------------------------------|-------|-------------|-------|-------|-------|-------|--------|-----------
         Aggregated                                                                       728     0(0.00%) |     49       7     824     27 |   19.20        0.00

Type     Name                                                                          # reqs      # fails |    Avg     Min     Max    Med |   req/s  failures/s
--------|----------------------------------------------------------------------------|-------|-------------|-------|-------|-------|-------|--------|-----------
GET      /tools.descartes.teastore.webui/category?category=[id]&page=[n]                  402     0(0.00%) |     44      15     815     22 |   10.30        0.00
GET      /tools.descartes.teastore.webui/home                                             156     0(0.00%) |     23       7     362     12 |    3.90        0.00
GET      /tools.descartes.teastore.webui/product?id=[id]                                  211     0(0.00%) |     75      23     824     39 |    5.10        0.00
--------|----------------------------------------------------------------------------|-------|-------------|-------|-------|-------|-------|--------|-----------
         Aggregated                                                                       769     0(0.00%) |     48       7     824     26 |   19.30        0.00

Type     Name                                                                          # reqs      # fails |    Avg     Min     Max    Med |   req/s  failures/s
--------|----------------------------------------------------------------------------|-------|-------------|-------|-------|-------|-------|--------|-----------
GET      /tools.descartes.teastore.webui/category?category=[id]&page=[n]                  424     0(0.00%) |     43      15     815     22 |   10.80        0.00
GET      /tools.descartes.teastore.webui/home                                             164     0(0.00%) |     22       7     362     12 |    3.50        0.00
GET      /tools.descartes.teastore.webui/product?id=[id]                                  221     0(0.00%) |     73      23     824     39 |    4.70        0.00
--------|----------------------------------------------------------------------------|-------|-------------|-------|-------|-------|-------|--------|-----------
         Aggregated                                                                       809     0(0.00%) |     47       7     824     26 |   19.00        0.00

Type     Name                                                                          # reqs      # fails |    Avg     Min     Max    Med |   req/s  failures/s
--------|----------------------------------------------------------------------------|-------|-------------|-------|-------|-------|-------|--------|-----------
GET      /tools.descartes.teastore.webui/category?category=[id]&page=[n]                  441     0(0.00%) |     43      15     815     22 |   11.40        0.00
GET      /tools.descartes.teastore.webui/home                                             173     0(0.00%) |     22       7     362     12 |    3.40        0.00
GET      /tools.descartes.teastore.webui/product?id=[id]                                  234     0(0.00%) |     71      23     824     39 |    4.70        0.00
--------|----------------------------------------------------------------------------|-------|-------------|-------|-------|-------|-------|--------|-----------
         Aggregated                                                                       848     0(0.00%) |     46       7     824     26 |   19.50        0.00

Type     Name                                                                          # reqs      # fails |    Avg     Min     Max    Med |   req/s  failures/s
--------|----------------------------------------------------------------------------|-------|-------------|-------|-------|-------|-------|--------|-----------
GET      /tools.descartes.teastore.webui/category?category=[id]&page=[n]                  463     0(0.00%) |     42      15     815     22 |   10.70        0.00
GET      /tools.descartes.teastore.webui/home                                             178     0(0.00%) |     21       7     362     11 |    3.70        0.00
GET      /tools.descartes.teastore.webui/product?id=[id]                                  244     0(0.00%) |     70      23     824     38 |    4.70        0.00
--------|----------------------------------------------------------------------------|-------|-------------|-------|-------|-------|-------|--------|-----------
         Aggregated                                                                       885     0(0.00%) |     46       7     824     26 |   19.10        0.00

Type     Name                                                                          # reqs      # fails |    Avg     Min     Max    Med |   req/s  failures/s
--------|----------------------------------------------------------------------------|-------|-------------|-------|-------|-------|-------|--------|-----------
GET      /tools.descartes.teastore.webui/category?category=[id]&page=[n]                  477     0(0.00%) |     43      15     815     23 |   10.60        0.00
GET      /tools.descartes.teastore.webui/home                                             184     0(0.00%) |     22       7     362     12 |    3.50        0.00
GET      /tools.descartes.teastore.webui/product?id=[id]                                  259     0(0.00%) |     72      23     824     39 |    5.10        0.00
--------|----------------------------------------------------------------------------|-------|-------------|-------|-------|-------|-------|--------|-----------
         Aggregated                                                                       920     0(0.00%) |     47       7     824     26 |   19.20        0.00

Type     Name                                                                          # reqs      # fails |    Avg     Min     Max    Med |   req/s  failures/s
--------|----------------------------------------------------------------------------|-------|-------------|-------|-------|-------|-------|--------|-----------
GET      /tools.descartes.teastore.webui/category?category=[id]&page=[n]                  495     0(0.00%) |     42      15     815     23 |   10.10        0.00
GET      /tools.descartes.teastore.webui/home                                             190     0(0.00%) |     22       7     362     12 |    3.40        0.00
GET      /tools.descartes.teastore.webui/product?id=[id]                                  270     0(0.00%) |     71      23     824     39 |    5.20        0.00
--------|----------------------------------------------------------------------------|-------|-------------|-------|-------|-------|-------|--------|-----------
         Aggregated                                                                       955     0(0.00%) |     46       7     824     26 |   18.70        0.00

Type     Name                                                                          # reqs      # fails |    Avg     Min     Max    Med |   req/s  failures/s
--------|----------------------------------------------------------------------------|-------|-------------|-------|-------|-------|-------|--------|-----------
GET      /tools.descartes.teastore.webui/category?category=[id]&page=[n]                  514     0(0.00%) |     42      15     815     23 |    9.50        0.00
GET      /tools.descartes.teastore.webui/home                                             197     0(0.00%) |     22       7     362     12 |    3.60        0.00
GET      /tools.descartes.teastore.webui/product?id=[id]                                  280     0(0.00%) |     70      23     824     39 |    6.00        0.00
--------|----------------------------------------------------------------------------|-------|-------------|-------|-------|-------|-------|--------|-----------
         Aggregated                                                                       991     0(0.00%) |     46       7     824     26 |   19.10        0.00

Type     Name                                                                          # reqs      # fails |    Avg     Min     Max    Med |   req/s  failures/s
--------|----------------------------------------------------------------------------|-------|-------------|-------|-------|-------|-------|--------|-----------
GET      /tools.descartes.teastore.webui/category?category=[id]&page=[n]                  527     0(0.00%) |     42      15     815     23 |    9.10        0.00
GET      /tools.descartes.teastore.webui/home                                             205     0(0.00%) |     22       7     362     12 |    3.20        0.00
GET      /tools.descartes.teastore.webui/product?id=[id]                                  289     0(0.00%) |     70      23     824     39 |    5.90        0.00
--------|----------------------------------------------------------------------------|-------|-------------|-------|-------|-------|-------|--------|-----------
         Aggregated                                                                      1021     0(0.00%) |     46       7     824     27 |   18.20        0.00

Type     Name                                                                          # reqs      # fails |    Avg     Min     Max    Med |   req/s  failures/s
--------|----------------------------------------------------------------------------|-------|-------------|-------|-------|-------|-------|--------|-----------
GET      /tools.descartes.teastore.webui/category?category=[id]&page=[n]                  549     0(0.00%) |     55      15     891     24 |    9.40        0.00
GET      /tools.descartes.teastore.webui/home                                             214     0(0.00%) |     31       7     608     12 |    3.40        0.00
GET      /tools.descartes.teastore.webui/product?id=[id]                                  300     0(0.00%) |     79      23    1007     39 |    6.00        0.00
--------|----------------------------------------------------------------------------|-------|-------------|-------|-------|-------|-------|--------|-----------
         Aggregated                                                                      1063     0(0.00%) |     57       7    1007     27 |   18.80        0.00

Type     Name                                                                          # reqs      # fails |    Avg     Min     Max    Med |   req/s  failures/s
--------|----------------------------------------------------------------------------|-------|-------------|-------|-------|-------|-------|--------|-----------
GET      /tools.descartes.teastore.webui/category?category=[id]&page=[n]                  572     0(0.00%) |     54      15     891     23 |    9.00        0.00
GET      /tools.descartes.teastore.webui/home                                             218     0(0.00%) |     31       7     608     12 |    3.40        0.00
GET      /tools.descartes.teastore.webui/product?id=[id]                                  311     0(0.00%) |     78      23    1007     39 |    5.50        0.00
--------|----------------------------------------------------------------------------|-------|-------------|-------|-------|-------|-------|--------|-----------
         Aggregated                                                                      1101     0(0.00%) |     56       7    1007     27 |   17.90        0.00

Type     Name                                                                          # reqs      # fails |    Avg     Min     Max    Med |   req/s  failures/s
--------|----------------------------------------------------------------------------|-------|-------------|-------|-------|-------|-------|--------|-----------
GET      /tools.descartes.teastore.webui/category?category=[id]&page=[n]                  590     0(0.00%) |     53      15     891     23 |    9.50        0.00
GET      /tools.descartes.teastore.webui/home                                             231     0(0.00%) |     30       7     608     12 |    3.50        0.00
GET      /tools.descartes.teastore.webui/product?id=[id]                                  320     0(0.00%) |     77      22    1007     39 |    5.60        0.00
--------|----------------------------------------------------------------------------|-------|-------------|-------|-------|-------|-------|--------|-----------
         Aggregated                                                                      1141     0(0.00%) |     55       7    1007     26 |   18.60        0.00

Type     Name                                                                          # reqs      # fails |    Avg     Min     Max    Med |   req/s  failures/s
--------|----------------------------------------------------------------------------|-------|-------------|-------|-------|-------|-------|--------|-----------
GET      /tools.descartes.teastore.webui/category?category=[id]&page=[n]                  612     0(0.00%) |     54      15     891     23 |    9.40        0.00
GET      /tools.descartes.teastore.webui/home                                             236     0(0.00%) |     29       7     608     12 |    3.90        0.00
GET      /tools.descartes.teastore.webui/product?id=[id]                                  332     0(0.00%) |     76      22    1007     39 |    5.10        0.00
--------|----------------------------------------------------------------------------|-------|-------------|-------|-------|-------|-------|--------|-----------
         Aggregated                                                                      1180     0(0.00%) |     55       7    1007     27 |   18.40        0.00

Type     Name                                                                          # reqs      # fails |    Avg     Min     Max    Med |   req/s  failures/s
--------|----------------------------------------------------------------------------|-------|-------------|-------|-------|-------|-------|--------|-----------
GET      /tools.descartes.teastore.webui/category?category=[id]&page=[n]                  629     0(0.00%) |     53      15     891     23 |    9.80        0.00
GET      /tools.descartes.teastore.webui/home                                             246     0(0.00%) |     29       7     608     12 |    3.80        0.00
GET      /tools.descartes.teastore.webui/product?id=[id]                                  346     0(0.00%) |     75      22    1007     39 |    5.20        0.00
--------|----------------------------------------------------------------------------|-------|-------------|-------|-------|-------|-------|--------|-----------
         Aggregated                                                                      1221     0(0.00%) |     54       7    1007     27 |   18.80        0.00

Type     Name                                                                          # reqs      # fails |    Avg     Min     Max    Med |   req/s  failures/s
--------|----------------------------------------------------------------------------|-------|-------------|-------|-------|-------|-------|--------|-----------
GET      /tools.descartes.teastore.webui/category?category=[id]&page=[n]                  649     0(0.00%) |     52      14     891     23 |    9.30        0.00
GET      /tools.descartes.teastore.webui/home                                             254     0(0.00%) |     28       7     608     12 |    3.90        0.00
GET      /tools.descartes.teastore.webui/product?id=[id]                                  357     0(0.00%) |     74      22    1007     39 |    5.00        0.00
--------|----------------------------------------------------------------------------|-------|-------------|-------|-------|-------|-------|--------|-----------
         Aggregated                                                                      1260     0(0.00%) |     54       7    1007     27 |   18.20        0.00

Type     Name                                                                          # reqs      # fails |    Avg     Min     Max    Med |   req/s  failures/s
--------|----------------------------------------------------------------------------|-------|-------------|-------|-------|-------|-------|--------|-----------
GET      /tools.descartes.teastore.webui/category?category=[id]&page=[n]                  659     0(0.00%) |     52      14     891     23 |    9.70        0.00
GET      /tools.descartes.teastore.webui/home                                             260     0(0.00%) |     32       7     608     12 |    4.30        0.00
GET      /tools.descartes.teastore.webui/product?id=[id]                                  364     0(0.00%) |     74      22    1007     39 |    5.80        0.00
--------|----------------------------------------------------------------------------|-------|-------------|-------|-------|-------|-------|--------|-----------
         Aggregated                                                                      1283     0(0.00%) |     54       7    1007     27 |   19.80        0.00

Type     Name                                                                          # reqs      # fails |    Avg     Min     Max    Med |   req/s  failures/s
--------|----------------------------------------------------------------------------|-------|-------------|-------|-------|-------|-------|--------|-----------
GET      /tools.descartes.teastore.webui/category?category=[id]&page=[n]                  678     0(0.00%) |     70      14    1234     24 |    9.20        0.00
GET      /tools.descartes.teastore.webui/home                                             268     0(0.00%) |     46       7     818     12 |    3.90        0.00
GET      /tools.descartes.teastore.webui/product?id=[id]                                  371     0(0.00%) |     87      22    1388     40 |    5.40        0.00
--------|----------------------------------------------------------------------------|-------|-------------|-------|-------|-------|-------|--------|-----------
         Aggregated                                                                      1317     0(0.00%) |     70       7    1388     27 |   18.50        0.00

Type     Name                                                                          # reqs      # fails |    Avg     Min     Max    Med |   req/s  failures/s
--------|----------------------------------------------------------------------------|-------|-------------|-------|-------|-------|-------|--------|-----------
GET      /tools.descartes.teastore.webui/category?category=[id]&page=[n]                  691     0(0.00%) |     69      14    1234     24 |    9.30        0.00
GET      /tools.descartes.teastore.webui/home                                             276     0(0.00%) |     45       7     818     12 |    3.80        0.00
GET      /tools.descartes.teastore.webui/product?id=[id]                                  388     0(0.00%) |     85      21    1388     39 |    4.90        0.00
--------|----------------------------------------------------------------------------|-------|-------------|-------|-------|-------|-------|--------|-----------
         Aggregated                                                                      1355     0(0.00%) |     69       7    1388     27 |   18.00        0.00

Type     Name                                                                          # reqs      # fails |    Avg     Min     Max    Med |   req/s  failures/s
--------|----------------------------------------------------------------------------|-------|-------------|-------|-------|-------|-------|--------|-----------
GET      /tools.descartes.teastore.webui/category?category=[id]&page=[n]                  711     0(0.00%) |     68      14    1234     23 |    8.00        0.00
GET      /tools.descartes.teastore.webui/home                                             282     0(0.00%) |     44       7     818     12 |    4.20        0.00
GET      /tools.descartes.teastore.webui/product?id=[id]                                  403     0(0.00%) |     83      21    1388     38 |    5.30        0.00
--------|----------------------------------------------------------------------------|-------|-------------|-------|-------|-------|-------|--------|-----------
         Aggregated                                                                      1396     0(0.00%) |     67       7    1388     27 |   17.50        0.00

Type     Name                                                                          # reqs      # fails |    Avg     Min     Max    Med |   req/s  failures/s
--------|----------------------------------------------------------------------------|-------|-------------|-------|-------|-------|-------|--------|-----------
GET      /tools.descartes.teastore.webui/category?category=[id]&page=[n]                  725     0(0.00%) |     67      14    1234     23 |    8.10        0.00
GET      /tools.descartes.teastore.webui/home                                             294     0(0.00%) |     43       6     818     12 |    3.50        0.00
GET      /tools.descartes.teastore.webui/product?id=[id]                                  414     0(0.00%) |     81      21    1388     38 |    6.10        0.00
--------|----------------------------------------------------------------------------|-------|-------------|-------|-------|-------|-------|--------|-----------
         Aggregated                                                                      1433     0(0.00%) |     66       6    1388     26 |   17.70        0.00

Type     Name                                                                          # reqs      # fails |    Avg     Min     Max    Med |   req/s  failures/s
--------|----------------------------------------------------------------------------|-------|-------------|-------|-------|-------|-------|--------|-----------
GET      /tools.descartes.teastore.webui/category?category=[id]&page=[n]                  742     0(0.00%) |     66      13    1234     23 |    7.60        0.00
GET      /tools.descartes.teastore.webui/home                                             297     0(0.00%) |     43       6     818     12 |    3.60        0.00
GET      /tools.descartes.teastore.webui/product?id=[id]                                  433     0(0.00%) |     80      20    1388     37 |    5.70        0.00
--------|----------------------------------------------------------------------------|-------|-------------|-------|-------|-------|-------|--------|-----------
         Aggregated                                                                      1472     0(0.00%) |     66       6    1388     26 |   16.90        0.00

Type     Name                                                                          # reqs      # fails |    Avg     Min     Max    Med |   req/s  failures/s
--------|----------------------------------------------------------------------------|-------|-------------|-------|-------|-------|-------|--------|-----------
GET      /tools.descartes.teastore.webui/category?category=[id]&page=[n]                  743     0(0.00%) |     66      13    1234     23 |    7.60        0.00
GET      /tools.descartes.teastore.webui/home                                             297     0(0.00%) |     43       6     818     12 |    3.60        0.00
GET      /tools.descartes.teastore.webui/product?id=[id]                                  433     0(0.00%) |     80      20    1388     37 |    5.70        0.00
--------|----------------------------------------------------------------------------|-------|-------------|-------|-------|-------|-------|--------|-----------
         Aggregated                                                                      1473     0(0.00%) |     66       6    1388     26 |   16.90        0.00

Type     Name                                                                          # reqs      # fails |    Avg     Min     Max    Med |   req/s  failures/s
--------|----------------------------------------------------------------------------|-------|-------------|-------|-------|-------|-------|--------|-----------
GET      /tools.descartes.teastore.webui/category?category=[id]&page=[n]                  761     0(0.00%) |    100      13    2973     23 |    6.80        0.00
GET      /tools.descartes.teastore.webui/home                                             302     0(0.00%) |     77       6    2491     12 |    3.10        0.00
GET      /tools.descartes.teastore.webui/product?id=[id]                                  442     0(0.00%) |    110      20    2819     38 |    6.50        0.00
--------|----------------------------------------------------------------------------|-------|-------------|-------|-------|-------|-------|--------|-----------
         Aggregated                                                                      1505     0(0.00%) |     98       6    2973     27 |   16.40        0.00

Type     Name                                                                          # reqs      # fails |    Avg     Min     Max    Med |   req/s  failures/s
--------|----------------------------------------------------------------------------|-------|-------------|-------|-------|-------|-------|--------|-----------
GET      /tools.descartes.teastore.webui/category?category=[id]&page=[n]                  788     0(0.00%) |     99      13    2973     23 |    7.10        0.00
GET      /tools.descartes.teastore.webui/home                                             308     0(0.00%) |     76       6    2491     12 |    2.70        0.00
GET      /tools.descartes.teastore.webui/product?id=[id]                                  449     0(0.00%) |    111      20    2819     38 |    5.70        0.00
--------|----------------------------------------------------------------------------|-------|-------------|-------|-------|-------|-------|--------|-----------
         Aggregated                                                                      1545     0(0.00%) |     98       6    2973     27 |   15.50        0.00

Type     Name                                                                          # reqs      # fails |    Avg     Min     Max    Med |   req/s  failures/s
--------|----------------------------------------------------------------------------|-------|-------------|-------|-------|-------|-------|--------|-----------
GET      /tools.descartes.teastore.webui/category?category=[id]&page=[n]                  808     0(0.00%) |     97      13    2973     23 |    7.70        0.00
GET      /tools.descartes.teastore.webui/home                                             316     0(0.00%) |     74       6    2491     12 |    2.70        0.00
GET      /tools.descartes.teastore.webui/product?id=[id]                                  466     0(0.00%) |    108      20    2819     37 |    4.70        0.00
--------|----------------------------------------------------------------------------|-------|-------------|-------|-------|-------|-------|--------|-----------
         Aggregated                                                                      1590     0(0.00%) |     96       6    2973     26 |   15.10        0.00

Type     Name                                                                          # reqs      # fails |    Avg     Min     Max    Med |   req/s  failures/s
--------|----------------------------------------------------------------------------|-------|-------------|-------|-------|-------|-------|--------|-----------
GET      /tools.descartes.teastore.webui/category?category=[id]&page=[n]                  828     0(0.00%) |     96      13    2973     23 |    8.20        0.00
GET      /tools.descartes.teastore.webui/home                                             321     0(0.00%) |     73       6    2491     12 |    2.20        0.00
GET      /tools.descartes.teastore.webui/product?id=[id]                                  478     0(0.00%) |    106      20    2819     37 |    5.10        0.00
--------|----------------------------------------------------------------------------|-------|-------------|-------|-------|-------|-------|--------|-----------
         Aggregated                                                                      1627     0(0.00%) |     94       6    2973     26 |   15.50        0.00

Type     Name                                                                          # reqs      # fails |    Avg     Min     Max    Med |   req/s  failures/s
--------|----------------------------------------------------------------------------|-------|-------------|-------|-------|-------|-------|--------|-----------
GET      /tools.descartes.teastore.webui/category?category=[id]&page=[n]                  843     0(0.00%) |     99      13    2973     23 |    8.70        0.00
GET      /tools.descartes.teastore.webui/home                                             328     0(0.00%) |     74       6    2491     12 |    2.50        0.00
GET      /tools.descartes.teastore.webui/product?id=[id]                                  486     0(0.00%) |    112      20    2819     37 |    4.20        0.00
--------|----------------------------------------------------------------------------|-------|-------------|-------|-------|-------|-------|--------|-----------
         Aggregated                                                                      1657     0(0.00%) |     98       6    2973     26 |   15.40        0.00

Type     Name                                                                          # reqs      # fails |    Avg     Min     Max    Med |   req/s  failures/s
--------|----------------------------------------------------------------------------|-------|-------------|-------|-------|-------|-------|--------|-----------
GET      /tools.descartes.teastore.webui/category?category=[id]&page=[n]                  864     0(0.00%) |     97      13    2973     23 |    9.40        0.00
GET      /tools.descartes.teastore.webui/home                                             334     0(0.00%) |     73       6    2491     12 |    2.80        0.00
GET      /tools.descartes.teastore.webui/product?id=[id]                                  497     0(0.00%) |    110      20    2819     37 |    4.50        0.00
--------|----------------------------------------------------------------------------|-------|-------------|-------|-------|-------|-------|--------|-----------
         Aggregated                                                                      1695     0(0.00%) |     96       6    2973     26 |   16.70        0.00

Type     Name                                                                          # reqs      # fails |    Avg     Min     Max    Med |   req/s  failures/s
--------|----------------------------------------------------------------------------|-------|-------------|-------|-------|-------|-------|--------|-----------
GET      /tools.descartes.teastore.webui/category?category=[id]&page=[n]                  887     0(0.00%) |     95      12    2973     23 |    9.90        0.00
GET      /tools.descartes.teastore.webui/home                                             339     0(0.00%) |     72       6    2491     12 |    3.20        0.00
GET      /tools.descartes.teastore.webui/product?id=[id]                                  509     0(0.00%) |    108      20    2819     37 |    5.20        0.00
--------|----------------------------------------------------------------------------|-------|-------------|-------|-------|-------|-------|--------|-----------
         Aggregated                                                                      1735     0(0.00%) |     94       6    2973     26 |   18.30        0.00

Type     Name                                                                          # reqs      # fails |    Avg     Min     Max    Med |   req/s  failures/s
--------|----------------------------------------------------------------------------|-------|-------------|-------|-------|-------|-------|--------|-----------
GET      /tools.descartes.teastore.webui/category?category=[id]&page=[n]                  906     0(0.00%) |     93      12    2973     22 |    9.90        0.00
GET      /tools.descartes.teastore.webui/home                                             351     0(0.00%) |     70       6    2491     12 |    3.30        0.00
GET      /tools.descartes.teastore.webui/product?id=[id]                                  517     0(0.00%) |    107      20    2819     37 |    5.90        0.00
--------|----------------------------------------------------------------------------|-------|-------------|-------|-------|-------|-------|--------|-----------
         Aggregated                                                                      1774     0(0.00%) |     93       6    2973     26 |   19.10        0.00

Type     Name                                                                          # reqs      # fails |    Avg     Min     Max    Med |   req/s  failures/s
--------|----------------------------------------------------------------------------|-------|-------------|-------|-------|-------|-------|--------|-----------
GET      /tools.descartes.teastore.webui/category?category=[id]&page=[n]                  922     0(0.00%) |     92      12    2973     22 |    9.70        0.00
GET      /tools.descartes.teastore.webui/home                                             362     0(0.00%) |     68       6    2491     12 |    3.50        0.00
GET      /tools.descartes.teastore.webui/product?id=[id]                                  531     0(0.00%) |    105      20    2819     36 |    5.30        0.00
--------|----------------------------------------------------------------------------|-------|-------------|-------|-------|-------|-------|--------|-----------
         Aggregated                                                                      1815     0(0.00%) |     91       6    2973     26 |   18.50        0.00

Type     Name                                                                          # reqs      # fails |    Avg     Min     Max    Med |   req/s  failures/s
--------|----------------------------------------------------------------------------|-------|-------------|-------|-------|-------|-------|--------|-----------
GET      /tools.descartes.teastore.webui/category?category=[id]&page=[n]                  943     0(0.00%) |     90      12    2973     22 |    9.50        0.00
GET      /tools.descartes.teastore.webui/home                                             368     0(0.00%) |     67       6    2491     11 |    3.70        0.00
GET      /tools.descartes.teastore.webui/product?id=[id]                                  540     0(0.00%) |    104      20    2819     36 |    5.50        0.00
--------|----------------------------------------------------------------------------|-------|-------------|-------|-------|-------|-------|--------|-----------
         Aggregated                                                                      1851     0(0.00%) |     90       6    2973     25 |   18.70        0.00

Type     Name                                                                          # reqs      # fails |    Avg     Min     Max    Med |   req/s  failures/s
--------|----------------------------------------------------------------------------|-------|-------------|-------|-------|-------|-------|--------|-----------
GET      /tools.descartes.teastore.webui/category?category=[id]&page=[n]                  959     0(0.00%) |     89      12    2973     22 |   10.20        0.00
GET      /tools.descartes.teastore.webui/home                                             374     0(0.00%) |     66       6    2491     11 |    4.00        0.00
GET      /tools.descartes.teastore.webui/product?id=[id]                                  556     0(0.00%) |    102      20    2819     36 |    5.50        0.00
--------|----------------------------------------------------------------------------|-------|-------------|-------|-------|-------|-------|--------|-----------
         Aggregated                                                                      1889     0(0.00%) |     88       6    2973     25 |   19.70        0.00

Type     Name                                                                          # reqs      # fails |    Avg     Min     Max    Med |   req/s  failures/s
--------|----------------------------------------------------------------------------|-------|-------------|-------|-------|-------|-------|--------|-----------
GET      /tools.descartes.teastore.webui/category?category=[id]&page=[n]                  982     0(0.00%) |     88      12    2973     22 |   10.00        0.00
GET      /tools.descartes.teastore.webui/home                                             380     0(0.00%) |     65       6    2491     11 |    3.70        0.00
GET      /tools.descartes.teastore.webui/product?id=[id]                                  564     0(0.00%) |    101      20    2819     36 |    6.00        0.00
--------|----------------------------------------------------------------------------|-------|-------------|-------|-------|-------|-------|--------|-----------
         Aggregated                                                                      1926     0(0.00%) |     87       6    2973     25 |   19.70        0.00

Type     Name                                                                          # reqs      # fails |    Avg     Min     Max    Med |   req/s  failures/s
--------|----------------------------------------------------------------------------|-------|-------------|-------|-------|-------|-------|--------|-----------
GET      /tools.descartes.teastore.webui/category?category=[id]&page=[n]                  999     0(0.00%) |     86      12    2973     22 |    9.70        0.00
GET      /tools.descartes.teastore.webui/home                                             387     0(0.00%) |     64       6    2491     11 |    3.90        0.00
GET      /tools.descartes.teastore.webui/product?id=[id]                                  581     0(0.00%) |     99      19    2819     36 |    5.50        0.00
--------|----------------------------------------------------------------------------|-------|-------------|-------|-------|-------|-------|--------|-----------
         Aggregated                                                                      1967     0(0.00%) |     86       6    2973     25 |   19.10        0.00

Type     Name                                                                          # reqs      # fails |    Avg     Min     Max    Med |   req/s  failures/s
--------|----------------------------------------------------------------------------|-------|-------------|-------|-------|-------|-------|--------|-----------
GET      /tools.descartes.teastore.webui/category?category=[id]&page=[n]                 1018     0(0.00%) |     85      12    2973     22 |    9.80        0.00
GET      /tools.descartes.teastore.webui/home                                             395     0(0.00%) |     63       6    2491     11 |    3.60        0.00
GET      /tools.descartes.teastore.webui/product?id=[id]                                  595     0(0.00%) |     97      19    2819     35 |    6.20        0.00
--------|----------------------------------------------------------------------------|-------|-------------|-------|-------|-------|-------|--------|-----------
         Aggregated                                                                      2008     0(0.00%) |     84       6    2973     25 |   19.60        0.00

Type     Name                                                                          # reqs      # fails |    Avg     Min     Max    Med |   req/s  failures/s
--------|----------------------------------------------------------------------------|-------|-------------|-------|-------|-------|-------|--------|-----------
GET      /tools.descartes.teastore.webui/category?category=[id]&page=[n]                 1038     0(0.00%) |     84      12    2973     22 |    9.70        0.00
GET      /tools.descartes.teastore.webui/home                                             405     0(0.00%) |     62       6    2491     11 |    3.30        0.00
GET      /tools.descartes.teastore.webui/product?id=[id]                                  601     0(0.00%) |     96      19    2819     35 |    6.30        0.00
--------|----------------------------------------------------------------------------|-------|-------------|-------|-------|-------|-------|--------|-----------
         Aggregated                                                                      2044     0(0.00%) |     83       6    2973     25 |   19.30        0.00

Type     Name                                                                          # reqs      # fails |    Avg     Min     Max    Med |   req/s  failures/s
--------|----------------------------------------------------------------------------|-------|-------------|-------|-------|-------|-------|--------|-----------
GET      /tools.descartes.teastore.webui/category?category=[id]&page=[n]                 1059     0(0.00%) |     83      12    2973     22 |    9.60        0.00
GET      /tools.descartes.teastore.webui/home                                             412     0(0.00%) |     62       6    2491     11 |    3.40        0.00
GET      /tools.descartes.teastore.webui/product?id=[id]                                  615     0(0.00%) |     95      19    2819     35 |    6.50        0.00
--------|----------------------------------------------------------------------------|-------|-------------|-------|-------|-------|-------|--------|-----------
         Aggregated                                                                      2086     0(0.00%) |     82       6    2973     25 |   19.50        0.00

Type     Name                                                                          # reqs      # fails |    Avg     Min     Max    Med |   req/s  failures/s
--------|----------------------------------------------------------------------------|-------|-------------|-------|-------|-------|-------|--------|-----------
GET      /tools.descartes.teastore.webui/category?category=[id]&page=[n]                 1080     0(0.00%) |     82      12    2973     21 |    9.90        0.00
GET      /tools.descartes.teastore.webui/home                                             422     0(0.00%) |     60       6    2491     11 |    3.90        0.00
GET      /tools.descartes.teastore.webui/product?id=[id]                                  627     0(0.00%) |     94      19    2819     35 |    5.70        0.00
--------|----------------------------------------------------------------------------|-------|-------------|-------|-------|-------|-------|--------|-----------
         Aggregated                                                                      2129     0(0.00%) |     81       6    2973     24 |   19.50        0.00

Type     Name                                                                          # reqs      # fails |    Avg     Min     Max    Med |   req/s  failures/s
--------|----------------------------------------------------------------------------|-------|-------------|-------|-------|-------|-------|--------|-----------
GET      /tools.descartes.teastore.webui/category?category=[id]&page=[n]                 1095     0(0.00%) |     81      12    2973     21 |    9.80        0.00
GET      /tools.descartes.teastore.webui/home                                             431     0(0.00%) |     59       6    2491     11 |    4.10        0.00
GET      /tools.descartes.teastore.webui/product?id=[id]                                  645     0(0.00%) |     92      19    2819     35 |    6.20        0.00
--------|----------------------------------------------------------------------------|-------|-------------|-------|-------|-------|-------|--------|-----------
         Aggregated                                                                      2171     0(0.00%) |     80       6    2973     24 |   20.10        0.00

Type     Name                                                                          # reqs      # fails |    Avg     Min     Max    Med |   req/s  failures/s
--------|----------------------------------------------------------------------------|-------|-------------|-------|-------|-------|-------|--------|-----------
GET      /tools.descartes.teastore.webui/category?category=[id]&page=[n]                 1115     0(0.00%) |     80      12    2973     21 |    9.70        0.00
GET      /tools.descartes.teastore.webui/home                                             438     0(0.00%) |     58       6    2491     11 |    4.40        0.00
GET      /tools.descartes.teastore.webui/product?id=[id]                                  656     0(0.00%) |     92      19    2819     35 |    6.20        0.00
--------|----------------------------------------------------------------------------|-------|-------------|-------|-------|-------|-------|--------|-----------
         Aggregated                                                                      2209     0(0.00%) |     79       6    2973     24 |   20.30        0.00

[2026-02-22 16:11:33,264] Syrils-Macbook-Pro/INFO/locust.main: --run-time limit reached, shutting down
[2026-02-22 16:11:33,298] Syrils-Macbook-Pro/INFO/locust.main: Shutting down (exit code 0)
Type     Name                                                                          # reqs      # fails |    Avg     Min     Max    Med |   req/s  failures/s
--------|----------------------------------------------------------------------------|-------|-------------|-------|-------|-------|-------|--------|-----------
GET      /tools.descartes.teastore.webui/category?category=[id]&page=[n]                 1131     0(0.00%) |     79      12    2973     21 |    9.45        0.00
GET      /tools.descartes.teastore.webui/home                                             444     0(0.00%) |     58       6    2491     11 |    3.71        0.00
GET      /tools.descartes.teastore.webui/product?id=[id]                                  663     0(0.00%) |     91      19    2819     34 |    5.54        0.00
--------|----------------------------------------------------------------------------|-------|-------------|-------|-------|-------|-------|--------|-----------
         Aggregated                                                                      2238     0(0.00%) |     78       6    2973     24 |   18.70        0.00

Response time percentiles (approximated)
Type     Name                                                                                  50%    66%    75%    80%    90%    95%    98%    99%  99.9% 99.99%   100% # reqs
--------|--------------------------------------------------------------------------------|--------|------|------|------|------|------|------|------|------|------|------|------
GET      /tools.descartes.teastore.webui/category?category=[id]&page=[n]                        21     26     33     41     93    300    910   1200   2800   3000   3000   1131
GET      /tools.descartes.teastore.webui/home                                                   11     14     17     22     54    150    710   1200   2500   2500   2500    444
GET      /tools.descartes.teastore.webui/product?id=[id]                                        34     42     52     62     99    330    820   1400   2800   2800   2800    663
--------|--------------------------------------------------------------------------------|--------|------|------|------|------|------|------|------|------|------|------|------
         Aggregated                                                                             24     31     38     46     90    300    820   1300   2800   3000   3000   2238

