[2026-02-22 16:11:49,015] Syrils-Macbook-Pro/INFO/locust.main: Starting Locust 2.43.3
[2026-02-22 16:11:49,019] Syrils-Macbook-Pro/INFO/locust.main: Run time limit set to 120 seconds
Type     Name                                                                          # reqs      # fails |    Avg     Min     Max    Med |   req/s  failures/s
--------|----------------------------------------------------------------------------|-------|-------------|-------|-------|-------|-------|--------|-----------
--------|----------------------------------------------------------------------------|-------|-------------|-------|-------|-------|-------|--------|-----------
         Aggregated                                                                         0     0(0.00%) |      0       0       0      0 |    0.00        0.00

[2026-02-22 16:11:49,019] Syrils-Macbook-Pro/INFO/locust.runners: Ramping to 50 users at a rate of 10.00 per second
Type     Name                                                                          # reqs      # fails |    Avg     Min     Max    Med |   req/s  failures/s
--------|----------------------------------------------------------------------------|-------|-------------|-------|-------|-------|-------|--------|-----------
GET      /tools.descartes.teastore.webui/category?category=[id]&page=[n]                   10     0(0.00%) |    419      26     541    530 |    0.00        0.00
GET      /tools.descartes.teastore.webui/home                                               9     0(0.00%) |    199      11     321    280 |    0.00        0.00
GET      /tools.descartes.teastore.webui/product?id=[id]                                    9     0(0.00%) |    368      30     570    390 |    0.00        0.00
--------|----------------------------------------------------------------------------|-------|-------------|-------|-------|-------|-------|--------|-----------
         Aggregated                                                                        28     0(0.00%) |    332      11     570    330 |    0.00        0.00

Type     Name                                                                          # reqs      # fails |    Avg     Min     Max    Med |   req/s  failures/s
--------|----------------------------------------------------------------------------|-------|-------------|-------|-------|-------|-------|--------|-----------
GET      /tools.descartes.teastore.webui/category?category=[id]&page=[n]                   40     0(0.00%) |    146      13     541     49 |    5.00        0.00
GET      /tools.descartes.teastore.webui/home                                              18     0(0.00%) |    109       7     321     27 |    4.50        0.00
GET      /tools.descartes.teastore.webui/product?id=[id]                                   30     0(0.00%) |    192      23     570    120 |    4.50        0.00
--------|----------------------------------------------------------------------------|-------|-------------|-------|-------|-------|-------|--------|-----------
         Aggregated                                                                        88     0(0.00%) |    154       7     570     91 |   14.00        0.00

[2026-02-22 16:11:53,039] Syrils-Macbook-Pro/INFO/locust.runners: All users spawned: {"ImageServiceUser": 50} (50 total users)
Type     Name                                                                          # reqs      # fails |    Avg     Min     Max    Med |   req/s  failures/s
--------|----------------------------------------------------------------------------|-------|-------------|-------|-------|-------|-------|--------|-----------
GET      /tools.descartes.teastore.webui/category?category=[id]&page=[n]                   50     0(0.00%) |    385      13    1923    100 |    9.75        0.00
GET      /tools.descartes.teastore.webui/home                                              30     0(0.00%) |    205       7     714     97 |    4.25        0.00
GET      /tools.descartes.teastore.webui/product?id=[id]                                   30     0(0.00%) |    192      23     570    120 |    7.50        0.00
--------|----------------------------------------------------------------------------|-------|-------------|-------|-------|-------|-------|--------|-----------
         Aggregated                                                                       110     0(0.00%) |    283       7    1923    120 |   21.50        0.00

Type     Name                                                                          # reqs      # fails |    Avg     Min     Max    Med |   req/s  failures/s
--------|----------------------------------------------------------------------------|-------|-------------|-------|-------|-------|-------|--------|-----------
GET      /tools.descartes.teastore.webui/category?category=[id]&page=[n]                   72     0(0.00%) |   1006      13    3083    530 |    8.60        0.00
GET      /tools.descartes.teastore.webui/home                                              33     0(0.00%) |    255       7     849    230 |    5.00        0.00
GET      /tools.descartes.teastore.webui/product?id=[id]                                   30     0(0.00%) |    192      23     570    120 |    6.00        0.00
--------|----------------------------------------------------------------------------|-------|-------------|-------|-------|-------|-------|--------|-----------
         Aggregated                                                                       135     0(0.00%) |    642       7    3083    230 |   19.60        0.00

Type     Name                                                                          # reqs      # fails |    Avg     Min     Max    Med |   req/s  failures/s
--------|----------------------------------------------------------------------------|-------|-------------|-------|-------|-------|-------|--------|-----------
GET      /tools.descartes.teastore.webui/category?category=[id]&page=[n]                  106     0(0.00%) |    791      12    3083    140 |    9.00        0.00
GET      /tools.descartes.teastore.webui/home                                              53     0(0.00%) |    169       6     849     26 |    4.12        0.00
GET      /tools.descartes.teastore.webui/product?id=[id]                                   62     0(0.00%) |    982      21    4336    230 |    3.75        0.00
--------|----------------------------------------------------------------------------|-------|-------------|-------|-------|-------|-------|--------|-----------
         Aggregated                                                                       221     0(0.00%) |    695       6    4336    120 |   16.88        0.00

Type     Name                                                                          # reqs      # fails |    Avg     Min     Max    Med |   req/s  failures/s
--------|----------------------------------------------------------------------------|-------|-------------|-------|-------|-------|-------|--------|-----------
GET      /tools.descartes.teastore.webui/category?category=[id]&page=[n]                  148     0(0.00%) |    571      12    3083     27 |   10.50        0.00
GET      /tools.descartes.teastore.webui/home                                              69     0(0.00%) |    131       5     849     12 |    5.30        0.00
GET      /tools.descartes.teastore.webui/product?id=[id]                                   86     0(0.00%) |    715      20    4336     35 |    6.20        0.00
--------|----------------------------------------------------------------------------|-------|-------------|-------|-------|-------|-------|--------|-----------
         Aggregated                                                                       303     0(0.00%) |    512       5    4336     30 |   22.00        0.00

Type     Name                                                                          # reqs      # fails |    Avg     Min     Max    Med |   req/s  failures/s
--------|----------------------------------------------------------------------------|-------|-------------|-------|-------|-------|-------|--------|-----------
GET      /tools.descartes.teastore.webui/category?category=[id]&page=[n]                  197     0(0.00%) |    439      11    3083     21 |   13.70        0.00
GET      /tools.descartes.teastore.webui/home                                              84     0(0.00%) |    118       5     849     12 |    6.00        0.00
GET      /tools.descartes.teastore.webui/product?id=[id]                                   99     0(0.00%) |    633      20    4336     35 |    7.70        0.00
--------|----------------------------------------------------------------------------|-------|-------------|-------|-------|-------|-------|--------|-----------
         Aggregated                                                                       380     0(0.00%) |    418       5    4336     25 |   27.40        0.00

Type     Name                                                                          # reqs      # fails |    Avg     Min     Max    Med |   req/s  failures/s
--------|----------------------------------------------------------------------------|-------|-------------|-------|-------|-------|-------|--------|-----------
GET      /tools.descartes.teastore.webui/category?category=[id]&page=[n]                  235     0(0.00%) |    371      11    3083     18 |   15.60        0.00
GET      /tools.descartes.teastore.webui/home                                              99     0(0.00%) |    101       5     849     10 |    6.60        0.00
GET      /tools.descartes.teastore.webui/product?id=[id]                                  124     0(0.00%) |    511      20    4336     33 |    6.90        0.00
--------|----------------------------------------------------------------------------|-------|-------------|-------|-------|-------|-------|--------|-----------
         Aggregated                                                                       458     0(0.00%) |    350       5    4336     23 |   29.10        0.00

Type     Name                                                                          # reqs      # fails |    Avg     Min     Max    Med |   req/s  failures/s
--------|----------------------------------------------------------------------------|-------|-------------|-------|-------|-------|-------|--------|-----------
GET      /tools.descartes.teastore.webui/category?category=[id]&page=[n]                  282     0(0.00%) |    312      11    3083     17 |   17.00        0.00
GET      /tools.descartes.teastore.webui/home                                             114     0(0.00%) |     89       5     849      9 |    6.40        0.00
GET      /tools.descartes.teastore.webui/product?id=[id]                                  138     0(0.00%) |    463      20    4336     33 |    8.20        0.00
--------|----------------------------------------------------------------------------|-------|-------------|-------|-------|-------|-------|--------|-----------
         Aggregated                                                                       534     0(0.00%) |    303       5    4336     22 |   31.60        0.00

Type     Name                                                                          # reqs      # fails |    Avg     Min     Max    Med |   req/s  failures/s
--------|----------------------------------------------------------------------------|-------|-------------|-------|-------|-------|-------|--------|-----------
GET      /tools.descartes.teastore.webui/category?category=[id]&page=[n]                  323     0(0.00%) |    275      11    3083     16 |   21.00        0.00
GET      /tools.descartes.teastore.webui/home                                             132     0(0.00%) |     78       5     849      9 |    8.10        0.00
GET      /tools.descartes.teastore.webui/product?id=[id]                                  160     0(0.00%) |    403      19    4336     29 |   10.80        0.00
--------|----------------------------------------------------------------------------|-------|-------------|-------|-------|-------|-------|--------|-----------
         Aggregated                                                                       615     0(0.00%) |    266       5    4336     20 |   39.90        0.00

Type     Name                                                                          # reqs      # fails |    Avg     Min     Max    Med |   req/s  failures/s
--------|----------------------------------------------------------------------------|-------|-------------|-------|-------|-------|-------|--------|-----------
GET      /tools.descartes.teastore.webui/category?category=[id]&page=[n]                  357     0(0.00%) |    250      11    3083     16 |   21.70        0.00
GET      /tools.descartes.teastore.webui/home                                             150     0(0.00%) |     69       5     849      9 |    7.60        0.00
GET      /tools.descartes.teastore.webui/product?id=[id]                                  187     0(0.00%) |    349      19    4336     29 |    9.80        0.00
--------|----------------------------------------------------------------------------|-------|-------------|-------|-------|-------|-------|--------|-----------
         Aggregated                                                                       694     0(0.00%) |    238       5    4336     20 |   39.10        0.00

Type     Name                                                                          # reqs      # fails |    Avg     Min     Max    Med |   req/s  failures/s
--------|----------------------------------------------------------------------------|-------|-------------|-------|-------|-------|-------|--------|-----------
GET      /tools.descartes.teastore.webui/category?category=[id]&page=[n]                  399     0(0.00%) |    226      11    3083     16 |   20.90        0.00
GET      /tools.descartes.teastore.webui/home                                             168     0(0.00%) |     64       5     849      9 |    8.10        0.00
GET      /tools.descartes.teastore.webui/product?id=[id]                                  206     0(0.00%) |    322      19    4336     29 |   10.00        0.00
--------|----------------------------------------------------------------------------|-------|-------------|-------|-------|-------|-------|--------|-----------
         Aggregated                                                                       773     0(0.00%) |    216       5    4336     19 |   39.00        0.00

Type     Name                                                                          # reqs      # fails |    Avg     Min     Max    Med |   req/s  failures/s
--------|----------------------------------------------------------------------------|-------|-------------|-------|-------|-------|-------|--------|-----------
GET      /tools.descartes.teastore.webui/category?category=[id]&page=[n]                  438     0(0.00%) |    208      11    3083     16 |   20.30        0.00
GET      /tools.descartes.teastore.webui/home                                             184     0(0.00%) |     59       5     849      9 |    8.40        0.00
GET      /tools.descartes.teastore.webui/product?id=[id]                                  229     0(0.00%) |    292      19    4336     28 |   10.50        0.00
--------|----------------------------------------------------------------------------|-------|-------------|-------|-------|-------|-------|--------|-----------
         Aggregated                                                                       851     0(0.00%) |    198       5    4336     19 |   39.20        0.00

Type     Name                                                                          # reqs      # fails |    Avg     Min     Max    Med |   req/s  failures/s
--------|----------------------------------------------------------------------------|-------|-------------|-------|-------|-------|-------|--------|-----------
GET      /tools.descartes.teastore.webui/category?category=[id]&page=[n]                  471     0(0.00%) |    194      11    3083     16 |   20.30        0.00
GET      /tools.descartes.teastore.webui/home                                             200     0(0.00%) |     55       5     849      9 |    8.40        0.00
GET      /tools.descartes.teastore.webui/product?id=[id]                                  260     0(0.00%) |    261      19    4336     28 |   10.40        0.00
--------|----------------------------------------------------------------------------|-------|-------------|-------|-------|-------|-------|--------|-----------
         Aggregated                                                                       931     0(0.00%) |    183       5    4336     18 |   39.10        0.00

Type     Name                                                                          # reqs      # fails |    Avg     Min     Max    Med |   req/s  failures/s
--------|----------------------------------------------------------------------------|-------|-------------|-------|-------|-------|-------|--------|-----------
GET      /tools.descartes.teastore.webui/category?category=[id]&page=[n]                  487     0(0.00%) |    198      11    3083     16 |   19.40        0.00
GET      /tools.descartes.teastore.webui/home                                             209     0(0.00%) |     59       5     849      9 |    8.50        0.00
GET      /tools.descartes.teastore.webui/product?id=[id]                                  260     0(0.00%) |    261      19    4336     28 |   11.30        0.00
--------|----------------------------------------------------------------------------|-------|-------------|-------|-------|-------|-------|--------|-----------
         Aggregated                                                                       956     0(0.00%) |    185       5    4336     18 |   39.20        0.00

Type     Name                                                                          # reqs      # fails |    Avg     Min     Max    Med |   req/s  failures/s
--------|----------------------------------------------------------------------------|-------|-------------|-------|-------|-------|-------|--------|-----------
GET      /tools.descartes.teastore.webui/category?category=[id]&page=[n]                  489     0(0.00%) |    204      11    3083     16 |   18.30        0.00
GET      /tools.descartes.teastore.webui/home                                             217     0(0.00%) |    109       5    1783      9 |    8.40        0.00
GET      /tools.descartes.teastore.webui/product?id=[id]                                  260     0(0.00%) |    261      19    4336     28 |   11.20        0.00
--------|----------------------------------------------------------------------------|-------|-------------|-------|-------|-------|-------|--------|-----------
         Aggregated                                                                       966     0(0.00%) |    198       5    4336     19 |   37.90        0.00

Type     Name                                                                          # reqs      # fails |    Avg     Min     Max    Med |   req/s  failures/s
--------|----------------------------------------------------------------------------|-------|-------------|-------|-------|-------|-------|--------|-----------
GET      /tools.descartes.teastore.webui/category?category=[id]&page=[n]                  505     0(0.00%) |    311      11    4351     16 |   14.60        0.00
GET      /tools.descartes.teastore.webui/home                                             217     0(0.00%) |    109       5    1783      9 |    7.20        0.00
GET      /tools.descartes.teastore.webui/product?id=[id]                                  266     0(0.00%) |    349      19    4716     28 |    8.90        0.00
--------|----------------------------------------------------------------------------|-------|-------------|-------|-------|-------|-------|--------|-----------
         Aggregated                                                                       988     0(0.00%) |    277       5    4716     20 |   30.70        0.00

Type     Name                                                                          # reqs      # fails |    Avg     Min     Max    Med |   req/s  failures/s
--------|----------------------------------------------------------------------------|-------|-------------|-------|-------|-------|-------|--------|-----------
GET      /tools.descartes.teastore.webui/category?category=[id]&page=[n]                  508     0(0.00%) |    331      11    4351     16 |   12.10        0.00
GET      /tools.descartes.teastore.webui/home                                             224     0(0.00%) |    168       5    2604      9 |    5.90        0.00
GET      /tools.descartes.teastore.webui/product?id=[id]                                  276     0(0.00%) |    529      19    6037     28 |    6.80        0.00
--------|----------------------------------------------------------------------------|-------|-------------|-------|-------|-------|-------|--------|-----------
         Aggregated                                                                      1008     0(0.00%) |    349       5    6037     20 |   24.80        0.00

Type     Name                                                                          # reqs      # fails |    Avg     Min     Max    Med |   req/s  failures/s
--------|----------------------------------------------------------------------------|-------|-------------|-------|-------|-------|-------|--------|-----------
GET      /tools.descartes.teastore.webui/category?category=[id]&page=[n]                  530     0(0.00%) |    432      11    4803     16 |    7.10        0.00
GET      /tools.descartes.teastore.webui/home                                             231     0(0.00%) |    222       5    2777      9 |    4.10        0.00
GET      /tools.descartes.teastore.webui/product?id=[id]                                  284     0(0.00%) |    676      19    7594     29 |    4.80        0.00
--------|----------------------------------------------------------------------------|-------|-------------|-------|-------|-------|-------|--------|-----------
         Aggregated                                                                      1045     0(0.00%) |    452       5    7594     21 |   16.00        0.00

Type     Name                                                                          # reqs      # fails |    Avg     Min     Max    Med |   req/s  failures/s
--------|----------------------------------------------------------------------------|-------|-------------|-------|-------|-------|-------|--------|-----------
GET      /tools.descartes.teastore.webui/category?category=[id]&page=[n]                  536     0(0.00%) |    447      11    4803     16 |    5.90        0.00
GET      /tools.descartes.teastore.webui/home                                             234     0(0.00%) |    222       5    2777      9 |    3.70        0.00
GET      /tools.descartes.teastore.webui/product?id=[id]                                  294     0(0.00%) |    762      19    7594     30 |    3.30        0.00
--------|----------------------------------------------------------------------------|-------|-------------|-------|-------|-------|-------|--------|-----------
         Aggregated                                                                      1064     0(0.00%) |    485       5    7594     22 |   12.90        0.00

Type     Name                                                                          # reqs      # fails |    Avg     Min     Max    Med |   req/s  failures/s
--------|----------------------------------------------------------------------------|-------|-------------|-------|-------|-------|-------|--------|-----------
GET      /tools.descartes.teastore.webui/category?category=[id]&page=[n]                  546     0(0.00%) |    478      11    4803     17 |    5.30        0.00
GET      /tools.descartes.teastore.webui/home                                             237     0(0.00%) |    250       5    2777      9 |    2.80        0.00
GET      /tools.descartes.teastore.webui/product?id=[id]                                  294     0(0.00%) |    762      19    7594     30 |    3.30        0.00
--------|----------------------------------------------------------------------------|-------|-------------|-------|-------|-------|-------|--------|-----------
         Aggregated                                                                      1077     0(0.00%) |    505       5    7594     22 |   11.40        0.00

Type     Name                                                                          # reqs      # fails |    Avg     Min     Max    Med |   req/s  failures/s
--------|----------------------------------------------------------------------------|-------|-------------|-------|-------|-------|-------|--------|-----------
GET      /tools.descartes.teastore.webui/category?category=[id]&page=[n]                  569     0(0.00%) |    621      11    5007     17 |    5.60        0.00
GET      /tools.descartes.teastore.webui/home                                             244     0(0.00%) |    307       5    3186      9 |    2.60        0.00
GET      /tools.descartes.teastore.webui/product?id=[id]                                  307     0(0.00%) |    918      19    7594     30 |    3.40        0.00
--------|----------------------------------------------------------------------------|-------|-------------|-------|-------|-------|-------|--------|-----------
         Aggregated                                                                      1120     0(0.00%) |    634       5    7594     23 |   11.60        0.00

Type     Name                                                                          # reqs      # fails |    Avg     Min     Max    Med |   req/s  failures/s
--------|----------------------------------------------------------------------------|-------|-------------|-------|-------|-------|-------|--------|-----------
GET      /tools.descartes.teastore.webui/category?category=[id]&page=[n]                  585     0(0.00%) |    640      11    5007     17 |    6.40        0.00
GET      /tools.descartes.teastore.webui/home                                             248     0(0.00%) |    318       5    3186     10 |    2.70        0.00
GET      /tools.descartes.teastore.webui/product?id=[id]                                  311     0(0.00%) |    950      19    7594     31 |    4.10        0.00
--------|----------------------------------------------------------------------------|-------|-------------|-------|-------|-------|-------|--------|-----------
         Aggregated                                                                      1144     0(0.00%) |    654       5    7594     23 |   13.20        0.00

Type     Name                                                                          # reqs      # fails |    Avg     Min     Max    Med |   req/s  failures/s
--------|----------------------------------------------------------------------------|-------|-------------|-------|-------|-------|-------|--------|-----------
GET      /tools.descartes.teastore.webui/category?category=[id]&page=[n]                  608     0(0.00%) |    693      11    5007     18 |    7.30        0.00
GET      /tools.descartes.teastore.webui/home                                             248     0(0.00%) |    318       5    3186     10 |    2.20        0.00
GET      /tools.descartes.teastore.webui/product?id=[id]                                  325     0(0.00%) |    986      19    7594     33 |    3.70        0.00
--------|----------------------------------------------------------------------------|-------|-------------|-------|-------|-------|-------|--------|-----------
         Aggregated                                                                      1181     0(0.00%) |    695       5    7594     24 |   13.20        0.00

Type     Name                                                                          # reqs      # fails |    Avg     Min     Max    Med |   req/s  failures/s
--------|----------------------------------------------------------------------------|-------|-------------|-------|-------|-------|-------|--------|-----------
GET      /tools.descartes.teastore.webui/category?category=[id]&page=[n]                  636     0(0.00%) |    708      11    5007     18 |    8.00        0.00
GET      /tools.descartes.teastore.webui/home                                             262     0(0.00%) |    362       5    3186     10 |    1.70        0.00
GET      /tools.descartes.teastore.webui/product?id=[id]                                  341     0(0.00%) |   1002      19    7594     34 |    4.10        0.00
--------|----------------------------------------------------------------------------|-------|-------------|-------|-------|-------|-------|--------|-----------
         Aggregated                                                                      1239     0(0.00%) |    716       5    7594     25 |   13.80        0.00

Type     Name                                                                          # reqs      # fails |    Avg     Min     Max    Med |   req/s  failures/s
--------|----------------------------------------------------------------------------|-------|-------------|-------|-------|-------|-------|--------|-----------
GET      /tools.descartes.teastore.webui/category?category=[id]&page=[n]                  670     0(0.00%) |    681      11    5007     20 |    9.70        0.00
GET      /tools.descartes.teastore.webui/home                                             272     0(0.00%) |    352       5    3186     11 |    2.80        0.00
GET      /tools.descartes.teastore.webui/product?id=[id]                                  367     0(0.00%) |    947      19    7594     36 |    4.70        0.00
--------|----------------------------------------------------------------------------|-------|-------------|-------|-------|-------|-------|--------|-----------
         Aggregated                                                                      1309     0(0.00%) |    688       5    7594     27 |   17.20        0.00

Type     Name                                                                          # reqs      # fails |    Avg     Min     Max    Med |   req/s  failures/s
--------|----------------------------------------------------------------------------|-------|-------------|-------|-------|-------|-------|--------|-----------
GET      /tools.descartes.teastore.webui/category?category=[id]&page=[n]                  709     0(0.00%) |    655      11    5007     22 |   12.20        0.00
GET      /tools.descartes.teastore.webui/home                                             285     0(0.00%) |    340       5    3186     11 |    3.40        0.00
GET      /tools.descartes.teastore.webui/product?id=[id]                                  384     0(0.00%) |    912      19    7594     37 |    7.10        0.00
--------|----------------------------------------------------------------------------|-------|-------------|-------|-------|-------|-------|--------|-----------
         Aggregated                                                                      1378     0(0.00%) |    661       5    7594     28 |   22.70        0.00

Type     Name                                                                          # reqs      # fails |    Avg     Min     Max    Med |   req/s  failures/s
--------|----------------------------------------------------------------------------|-------|-------------|-------|-------|-------|-------|--------|-----------
GET      /tools.descartes.teastore.webui/category?category=[id]&page=[n]                  744     0(0.00%) |    633      11    5007     25 |   13.80        0.00
GET      /tools.descartes.teastore.webui/home                                             297     0(0.00%) |    331       5    3186     12 |    4.10        0.00
GET      /tools.descartes.teastore.webui/product?id=[id]                                  404     0(0.00%) |    879      19    7594     45 |    7.50        0.00
--------|----------------------------------------------------------------------------|-------|-------------|-------|-------|-------|-------|--------|-----------
         Aggregated                                                                      1445     0(0.00%) |    640       5    7594     30 |   25.40        0.00

Type     Name                                                                          # reqs      # fails |    Avg     Min     Max    Med |   req/s  failures/s
--------|----------------------------------------------------------------------------|-------|-------------|-------|-------|-------|-------|--------|-----------
GET      /tools.descartes.teastore.webui/category?category=[id]&page=[n]                  785     0(0.00%) |    602      11    5007     27 |   15.50        0.00
GET      /tools.descartes.teastore.webui/home                                             311     0(0.00%) |    317       5    3186     12 |    4.60        0.00
GET      /tools.descartes.teastore.webui/product?id=[id]                                  430     0(0.00%) |    831      19    7594     48 |    9.30        0.00
--------|----------------------------------------------------------------------------|-------|-------------|-------|-------|-------|-------|--------|-----------
         Aggregated                                                                      1526     0(0.00%) |    609       5    7594     31 |   29.40        0.00

Type     Name                                                                          # reqs      # fails |    Avg     Min     Max    Med |   req/s  failures/s
--------|----------------------------------------------------------------------------|-------|-------------|-------|-------|-------|-------|--------|-----------
GET      /tools.descartes.teastore.webui/category?category=[id]&page=[n]                  819     0(0.00%) |    580      11    5007     27 |   17.40        0.00
GET      /tools.descartes.teastore.webui/home                                             323     0(0.00%) |    308       5    3186     12 |    6.20        0.00
GET      /tools.descartes.teastore.webui/product?id=[id]                                  453     0(0.00%) |    794      19    7594     47 |   10.40        0.00
--------|----------------------------------------------------------------------------|-------|-------------|-------|-------|-------|-------|--------|-----------
         Aggregated                                                                      1595     0(0.00%) |    586       5    7594     31 |   34.00        0.00

Type     Name                                                                          # reqs      # fails |    Avg     Min     Max    Med |   req/s  failures/s
--------|----------------------------------------------------------------------------|-------|-------------|-------|-------|-------|-------|--------|-----------
GET      /tools.descartes.teastore.webui/category?category=[id]&page=[n]                  867     0(0.00%) |    549      11    5007     24 |   18.60        0.00
GET      /tools.descartes.teastore.webui/home                                             340     0(0.00%) |    293       5    3186     12 |    6.10        0.00
GET      /tools.descartes.teastore.webui/product?id=[id]                                  471     0(0.00%) |    765      19    7594     45 |   11.10        0.00
--------|----------------------------------------------------------------------------|-------|-------------|-------|-------|-------|-------|--------|-----------
         Aggregated                                                                      1678     0(0.00%) |    558       5    7594     30 |   35.80        0.00

Type     Name                                                                          # reqs      # fails |    Avg     Min     Max    Med |   req/s  failures/s
--------|----------------------------------------------------------------------------|-------|-------------|-------|-------|-------|-------|--------|-----------
GET      /tools.descartes.teastore.webui/category?category=[id]&page=[n]                  909     0(0.00%) |    525      11    5007     24 |   19.70        0.00
GET      /tools.descartes.teastore.webui/home                                             352     0(0.00%) |    284       5    3186     11 |    6.80        0.00
GET      /tools.descartes.teastore.webui/product?id=[id]                                  495     0(0.00%) |    730      19    7594     44 |   10.50        0.00
--------|----------------------------------------------------------------------------|-------|-------------|-------|-------|-------|-------|--------|-----------
         Aggregated                                                                      1756     0(0.00%) |    534       5    7594     29 |   37.00        0.00

Type     Name                                                                          # reqs      # fails |    Avg     Min     Max    Med |   req/s  failures/s
--------|----------------------------------------------------------------------------|-------|-------------|-------|-------|-------|-------|--------|-----------
GET      /tools.descartes.teastore.webui/category?category=[id]&page=[n]                  944     0(0.00%) |    509      11    5007     24 |   20.00        0.00
GET      /tools.descartes.teastore.webui/home                                             371     0(0.00%) |    272       5    3186     12 |    6.40        0.00
GET      /tools.descartes.teastore.webui/product?id=[id]                                  521     0(0.00%) |    701      19    7594     47 |   11.20        0.00
--------|----------------------------------------------------------------------------|-------|-------------|-------|-------|-------|-------|--------|-----------
         Aggregated                                                                      1836     0(0.00%) |    515       5    7594     30 |   37.60        0.00

Type     Name                                                                          # reqs      # fails |    Avg     Min     Max    Med |   req/s  failures/s
--------|----------------------------------------------------------------------------|-------|-------------|-------|-------|-------|-------|--------|-----------
GET      /tools.descartes.teastore.webui/category?category=[id]&page=[n]                  985     0(0.00%) |    489      11    5007     23 |   20.30        0.00
GET      /tools.descartes.teastore.webui/home                                             389     0(0.00%) |    260       5    3186     11 |    7.60        0.00
GET      /tools.descartes.teastore.webui/product?id=[id]                                  534     0(0.00%) |    685      19    7594     46 |   11.30        0.00
--------|----------------------------------------------------------------------------|-------|-------------|-------|-------|-------|-------|--------|-----------
         Aggregated                                                                      1908     0(0.00%) |    497       5    7594     29 |   39.20        0.00

Type     Name                                                                          # reqs      # fails |    Avg     Min     Max    Med |   req/s  failures/s
--------|----------------------------------------------------------------------------|-------|-------------|-------|-------|-------|-------|--------|-----------
GET      /tools.descartes.teastore.webui/category?category=[id]&page=[n]                 1020     0(0.00%) |    473      11    5007     23 |   20.20        0.00
GET      /tools.descartes.teastore.webui/home                                             402     0(0.00%) |    252       5    3186     11 |    7.80        0.00
GET      /tools.descartes.teastore.webui/product?id=[id]                                  562     0(0.00%) |    653      19    7594     44 |   10.50        0.00
--------|----------------------------------------------------------------------------|-------|-------------|-------|-------|-------|-------|--------|-----------
         Aggregated                                                                      1984     0(0.00%) |    479       5    7594     28 |   38.50        0.00

Type     Name                                                                          # reqs      # fails |    Avg     Min     Max    Med |   req/s  failures/s
--------|----------------------------------------------------------------------------|-------|-------------|-------|-------|-------|-------|--------|-----------
GET      /tools.descartes.teastore.webui/category?category=[id]&page=[n]                 1072     0(0.00%) |    451      11    5007     22 |   20.10        0.00
GET      /tools.descartes.teastore.webui/home                                             416     0(0.00%) |    244       5    3186     11 |    7.60        0.00
GET      /tools.descartes.teastore.webui/product?id=[id]                                  575     0(0.00%) |    639      19    7594     44 |   10.90        0.00
--------|----------------------------------------------------------------------------|-------|-------------|-------|-------|-------|-------|--------|-----------
         Aggregated                                                                      2063     0(0.00%) |    462       5    7594     28 |   38.60        0.00

Type     Name                                                                          # reqs      # fails |    Avg     Min     Max    Med |   req/s  failures/s
--------|----------------------------------------------------------------------------|-------|-------------|-------|-------|-------|-------|--------|-----------
GET      /tools.descartes.teastore.webui/category?category=[id]&page=[n]                 1119     0(0.00%) |    436      11    5007     23 |   20.60        0.00
GET      /tools.descartes.teastore.webui/home                                             432     0(0.00%) |    236       5    3186     11 |    7.70        0.00
GET      /tools.descartes.teastore.webui/product?id=[id]                                  599     0(0.00%) |    617      19    7594     42 |   10.40        0.00
--------|----------------------------------------------------------------------------|-------|-------------|-------|-------|-------|-------|--------|-----------
         Aggregated                                                                      2150     0(0.00%) |    446       5    7594     28 |   38.70        0.00

Type     Name                                                                          # reqs      # fails |    Avg     Min     Max    Med |   req/s  failures/s
--------|----------------------------------------------------------------------------|-------|-------------|-------|-------|-------|-------|--------|-----------
GET      /tools.descartes.teastore.webui/category?category=[id]&page=[n]                 1145     0(0.00%) |    428      11    5007     23 |   20.90        0.00
GET      /tools.descartes.teastore.webui/home                                             446     0(0.00%) |    229       5    3186     11 |    8.00        0.00
GET      /tools.descartes.teastore.webui/product?id=[id]                                  618     0(0.00%) |    600      19    7594     41 |   10.30        0.00
--------|----------------------------------------------------------------------------|-------|-------------|-------|-------|-------|-------|--------|-----------
         Aggregated                                                                      2209     0(0.00%) |    436       5    7594     28 |   39.20        0.00

Type     Name                                                                          # reqs      # fails |    Avg     Min     Max    Med |   req/s  failures/s
--------|----------------------------------------------------------------------------|-------|-------------|-------|-------|-------|-------|--------|-----------
GET      /tools.descartes.teastore.webui/category?category=[id]&page=[n]                 1192     0(0.00%) |    414      11    5007     23 |   20.20        0.00
GET      /tools.descartes.teastore.webui/home                                             457     0(0.00%) |    226       5    3186     11 |    7.60        0.00
GET      /tools.descartes.teastore.webui/product?id=[id]                                  644     0(0.00%) |    581      19    7594     42 |   10.10        0.00
--------|----------------------------------------------------------------------------|-------|-------------|-------|-------|-------|-------|--------|-----------
         Aggregated                                                                      2293     0(0.00%) |    423       5    7594     28 |   37.90        0.00

Type     Name                                                                          # reqs      # fails |    Avg     Min     Max    Med |   req/s  failures/s
--------|----------------------------------------------------------------------------|-------|-------------|-------|-------|-------|-------|--------|-----------
GET      /tools.descartes.teastore.webui/category?category=[id]&page=[n]                 1231     0(0.00%) |    402      11    5007     23 |   20.60        0.00
GET      /tools.descartes.teastore.webui/home                                             469     0(0.00%) |    220       5    3186     11 |    6.80        0.00
GET      /tools.descartes.teastore.webui/product?id=[id]                                  671     0(0.00%) |    560      19    7594     41 |   10.90        0.00
--------|----------------------------------------------------------------------------|-------|-------------|-------|-------|-------|-------|--------|-----------
         Aggregated                                                                      2371     0(0.00%) |    411       5    7594     28 |   38.30        0.00

Type     Name                                                                          # reqs      # fails |    Avg     Min     Max    Med |   req/s  failures/s
--------|----------------------------------------------------------------------------|-------|-------------|-------|-------|-------|-------|--------|-----------
GET      /tools.descartes.teastore.webui/category?category=[id]&page=[n]                 1277     0(0.00%) |    388      11    5007     22 |   20.90        0.00
GET      /tools.descartes.teastore.webui/home                                             483     0(0.00%) |    214       5    3186     11 |    7.00        0.00
GET      /tools.descartes.teastore.webui/product?id=[id]                                  694     0(0.00%) |    543      19    7594     41 |   10.90        0.00
--------|----------------------------------------------------------------------------|-------|-------------|-------|-------|-------|-------|--------|-----------
         Aggregated                                                                      2454     0(0.00%) |    398       5    7594     27 |   38.80        0.00

Type     Name                                                                          # reqs      # fails |    Avg     Min     Max    Med |   req/s  failures/s
--------|----------------------------------------------------------------------------|-------|-------------|-------|-------|-------|-------|--------|-----------
GET      /tools.descartes.teastore.webui/category?category=[id]&page=[n]                 1314     0(0.00%) |    378      11    5007     22 |   20.20        0.00
GET      /tools.descartes.teastore.webui/home                                             495     0(0.00%) |    209       5    3186     11 |    6.60        0.00
GET      /tools.descartes.teastore.webui/product?id=[id]                                  724     0(0.00%) |    522      19    7594     39 |   11.90        0.00
--------|----------------------------------------------------------------------------|-------|-------------|-------|-------|-------|-------|--------|-----------
         Aggregated                                                                      2533     0(0.00%) |    386       5    7594     27 |   38.70        0.00

Type     Name                                                                          # reqs      # fails |    Avg     Min     Max    Med |   req/s  failures/s
--------|----------------------------------------------------------------------------|-------|-------------|-------|-------|-------|-------|--------|-----------
GET      /tools.descartes.teastore.webui/category?category=[id]&page=[n]                 1348     0(0.00%) |    369      11    5007     22 |   19.60        0.00
GET      /tools.descartes.teastore.webui/home                                             513     0(0.00%) |    203       5    3186     11 |    6.60        0.00
GET      /tools.descartes.teastore.webui/product?id=[id]                                  751     0(0.00%) |    505      19    7594     39 |   12.60        0.00
--------|----------------------------------------------------------------------------|-------|-------------|-------|-------|-------|-------|--------|-----------
         Aggregated                                                                      2612     0(0.00%) |    376       5    7594     27 |   38.80        0.00

Type     Name                                                                          # reqs      # fails |    Avg     Min     Max    Med |   req/s  failures/s
--------|----------------------------------------------------------------------------|-------|-------------|-------|-------|-------|-------|--------|-----------
GET      /tools.descartes.teastore.webui/category?category=[id]&page=[n]                 1390     0(0.00%) |    360      11    5007     22 |   19.90        0.00
GET      /tools.descartes.teastore.webui/home                                             533     0(0.00%) |    197       5    3186     11 |    6.30        0.00
GET      /tools.descartes.teastore.webui/product?id=[id]                                  765     0(0.00%) |    498      19    7594     39 |   12.60        0.00
--------|----------------------------------------------------------------------------|-------|-------------|-------|-------|-------|-------|--------|-----------
         Aggregated                                                                      2688     0(0.00%) |    367       5    7594     27 |   38.80        0.00

Type     Name                                                                          # reqs      # fails |    Avg     Min     Max    Med |   req/s  failures/s
--------|----------------------------------------------------------------------------|-------|-------------|-------|-------|-------|-------|--------|-----------
GET      /tools.descartes.teastore.webui/category?category=[id]&page=[n]                 1432     0(0.00%) |    350      11    5007     22 |   19.40        0.00
GET      /tools.descartes.teastore.webui/home                                             548     0(0.00%) |    191       5    3186     11 |    7.70        0.00
GET      /tools.descartes.teastore.webui/product?id=[id]                                  782     0(0.00%) |    489      19    7594     39 |   12.00        0.00
--------|----------------------------------------------------------------------------|-------|-------------|-------|-------|-------|-------|--------|-----------
         Aggregated                                                                      2762     0(0.00%) |    358       5    7594     27 |   39.10        0.00

Type     Name                                                                          # reqs      # fails |    Avg     Min     Max    Med |   req/s  failures/s
--------|----------------------------------------------------------------------------|-------|-------------|-------|-------|-------|-------|--------|-----------
GET      /tools.descartes.teastore.webui/category?category=[id]&page=[n]                 1477     0(0.00%) |    341      11    5007     23 |   19.90        0.00
GET      /tools.descartes.teastore.webui/home                                             560     0(0.00%) |    188       5    3186     11 |    7.90        0.00
GET      /tools.descartes.teastore.webui/product?id=[id]                                  806     0(0.00%) |    476      19    7594     39 |   11.20        0.00
--------|----------------------------------------------------------------------------|-------|-------------|-------|-------|-------|-------|--------|-----------
         Aggregated                                                                      2843     0(0.00%) |    349       5    7594     27 |   39.00        0.00

Type     Name                                                                          # reqs      # fails |    Avg     Min     Max    Med |   req/s  failures/s
--------|----------------------------------------------------------------------------|-------|-------------|-------|-------|-------|-------|--------|-----------
GET      /tools.descartes.teastore.webui/category?category=[id]&page=[n]                 1523     0(0.00%) |    333      11    5007     23 |   20.30        0.00
GET      /tools.descartes.teastore.webui/home                                             577     0(0.00%) |    183       5    3186     11 |    7.60        0.00
GET      /tools.descartes.teastore.webui/product?id=[id]                                  825     0(0.00%) |    467      19    7594     40 |   10.80        0.00
--------|----------------------------------------------------------------------------|-------|-------------|-------|-------|-------|-------|--------|-----------
         Aggregated                                                                      2925     0(0.00%) |    341       5    7594     28 |   38.70        0.00

Type     Name                                                                          # reqs      # fails |    Avg     Min     Max    Med |   req/s  failures/s
--------|----------------------------------------------------------------------------|-------|-------------|-------|-------|-------|-------|--------|-----------
GET      /tools.descartes.teastore.webui/category?category=[id]&page=[n]                 1563     0(0.00%) |    325      11    5007     23 |   20.70        0.00
GET      /tools.descartes.teastore.webui/home                                             598     0(0.00%) |    178       5    3186     11 |    8.10        0.00
GET      /tools.descartes.teastore.webui/product?id=[id]                                  845     0(0.00%) |    458      19    7594     40 |   10.10        0.00
--------|----------------------------------------------------------------------------|-------|-------------|-------|-------|-------|-------|--------|-----------
         Aggregated                                                                      3006     0(0.00%) |    333       5    7594     27 |   38.90        0.00

Type     Name                                                                          # reqs      # fails |    Avg     Min     Max    Med |   req/s  failures/s
--------|----------------------------------------------------------------------------|-------|-------------|-------|-------|-------|-------|--------|-----------
GET      /tools.descartes.teastore.webui/category?category=[id]&page=[n]                 1609     0(0.00%) |    317      11    5007     23 |   21.80        0.00
GET      /tools.descartes.teastore.webui/home                                             610     0(0.00%) |    174       5    3186     11 |    8.80        0.00
GET      /tools.descartes.teastore.webui/product?id=[id]                                  864     0(0.00%) |    449      19    7594     39 |   10.00        0.00
--------|----------------------------------------------------------------------------|-------|-------------|-------|-------|-------|-------|--------|-----------
         Aggregated                                                                      3083     0(0.00%) |    326       5    7594     27 |   40.60        0.00

Type     Name                                                                          # reqs      # fails |    Avg     Min     Max    Med |   req/s  failures/s
--------|----------------------------------------------------------------------------|-------|-------------|-------|-------|-------|-------|--------|-----------
GET      /tools.descartes.teastore.webui/category?category=[id]&page=[n]                 1646     0(0.00%) |    311      11    5007     23 |   22.20        0.00
GET      /tools.descartes.teastore.webui/home                                             626     0(0.00%) |    171       5    3186     11 |    7.90        0.00
GET      /tools.descartes.teastore.webui/product?id=[id]                                  886     0(0.00%) |    439      19    7594     40 |   10.10        0.00
--------|----------------------------------------------------------------------------|-------|-------------|-------|-------|-------|-------|--------|-----------
         Aggregated                                                                      3158     0(0.00%) |    319       5    7594     27 |   40.20        0.00

Type     Name                                                                          # reqs      # fails |    Avg     Min     Max    Med |   req/s  failures/s
--------|----------------------------------------------------------------------------|-------|-------------|-------|-------|-------|-------|--------|-----------
GET      /tools.descartes.teastore.webui/category?category=[id]&page=[n]                 1666     0(0.00%) |    324      11    5007     23 |   21.80        0.00
GET      /tools.descartes.teastore.webui/home                                             634     0(0.00%) |    180       5    3186     11 |    7.80        0.00
GET      /tools.descartes.teastore.webui/product?id=[id]                                  903     0(0.00%) |    459      19    7594     41 |   10.40        0.00
--------|----------------------------------------------------------------------------|-------|-------------|-------|-------|-------|-------|--------|-----------
         Aggregated                                                                      3203     0(0.00%) |    334       5    7594     28 |   40.00        0.00

Type     Name                                                                          # reqs      # fails |    Avg     Min     Max    Med |   req/s  failures/s
--------|----------------------------------------------------------------------------|-------|-------------|-------|-------|-------|-------|--------|-----------
GET      /tools.descartes.teastore.webui/category?category=[id]&page=[n]                 1697     0(0.00%) |    319      11    5007     23 |   17.70        0.00
GET      /tools.descartes.teastore.webui/home                                             647     0(0.00%) |    176       5    3186     11 |    7.40        0.00
GET      /tools.descartes.teastore.webui/product?id=[id]                                  925     0(0.00%) |    454      19    7594     40 |    8.90        0.00
--------|----------------------------------------------------------------------------|-------|-------------|-------|-------|-------|-------|--------|-----------
         Aggregated                                                                      3269     0(0.00%) |    329       5    7594     28 |   34.00        0.00

Type     Name                                                                          # reqs      # fails |    Avg     Min     Max    Med |   req/s  failures/s
--------|----------------------------------------------------------------------------|-------|-------------|-------|-------|-------|-------|--------|-----------
GET      /tools.descartes.teastore.webui/category?category=[id]&page=[n]                 1734     0(0.00%) |    314      11    5007     23 |   17.90        0.00
GET      /tools.descartes.teastore.webui/home                                             663     0(0.00%) |    173       5    3186     11 |    7.40        0.00
GET      /tools.descartes.teastore.webui/product?id=[id]                                  944     0(0.00%) |    447      19    7594     41 |   10.20        0.00
--------|----------------------------------------------------------------------------|-------|-------------|-------|-------|-------|-------|--------|-----------
         Aggregated                                                                      3341     0(0.00%) |    323       5    7594     28 |   35.50        0.00

Type     Name                                                                          # reqs      # fails |    Avg     Min     Max    Med |   req/s  failures/s
--------|----------------------------------------------------------------------------|-------|-------------|-------|-------|-------|-------|--------|-----------
GET      /tools.descartes.teastore.webui/category?category=[id]&page=[n]                 1770     0(0.00%) |    310      11    5007     23 |   17.30        0.00
GET      /tools.descartes.teastore.webui/home                                             680     0(0.00%) |    169       5    3186     11 |    6.60        0.00
GET      /tools.descartes.teastore.webui/product?id=[id]                                  971     0(0.00%) |    438      19    7594     41 |   10.00        0.00
--------|----------------------------------------------------------------------------|-------|-------------|-------|-------|-------|-------|--------|-----------
         Aggregated                                                                      3421     0(0.00%) |    318       5    7594     28 |   33.90        0.00

Type     Name                                                                          # reqs      # fails |    Avg     Min     Max    Med |   req/s  failures/s
--------|----------------------------------------------------------------------------|-------|-------------|-------|-------|-------|-------|--------|-----------
GET      /tools.descartes.teastore.webui/category?category=[id]&page=[n]                 1808     0(0.00%) |    304      11    5007     23 |   17.40        0.00
GET      /tools.descartes.teastore.webui/home                                             691     0(0.00%) |    167       5    3186     11 |    6.60        0.00
GET      /tools.descartes.teastore.webui/product?id=[id]                                  992     0(0.00%) |    430      19    7594     41 |    9.80        0.00
--------|----------------------------------------------------------------------------|-------|-------------|-------|-------|-------|-------|--------|-----------
         Aggregated                                                                      3491     0(0.00%) |    312       5    7594     28 |   33.80        0.00

Type     Name                                                                          # reqs      # fails |    Avg     Min     Max    Med |   req/s  failures/s
--------|----------------------------------------------------------------------------|-------|-------------|-------|-------|-------|-------|--------|-----------
GET      /tools.descartes.teastore.webui/category?category=[id]&page=[n]                 1847     0(0.00%) |    299      11    5007     23 |   16.20        0.00
GET      /tools.descartes.teastore.webui/home                                             709     0(0.00%) |    163       5    3186     11 |    6.50        0.00
GET      /tools.descartes.teastore.webui/product?id=[id]                                 1022     0(0.00%) |    419      19    7594     41 |   10.60        0.00
--------|----------------------------------------------------------------------------|-------|-------------|-------|-------|-------|-------|--------|-----------
         Aggregated                                                                      3578     0(0.00%) |    306       5    7594     28 |   33.30        0.00

Type     Name                                                                          # reqs      # fails |    Avg     Min     Max    Med |   req/s  failures/s
--------|----------------------------------------------------------------------------|-------|-------------|-------|-------|-------|-------|--------|-----------
GET      /tools.descartes.teastore.webui/category?category=[id]&page=[n]                 1892     0(0.00%) |    293      11    5007     23 |   19.20        0.00
GET      /tools.descartes.teastore.webui/home                                             723     0(0.00%) |    160       5    3186     10 |    7.50        0.00
GET      /tools.descartes.teastore.webui/product?id=[id]                                 1039     0(0.00%) |    414      19    7594     41 |   13.00        0.00
--------|----------------------------------------------------------------------------|-------|-------------|-------|-------|-------|-------|--------|-----------
         Aggregated                                                                      3654     0(0.00%) |    301       5    7594     28 |   39.70        0.00

Type     Name                                                                          # reqs      # fails |    Avg     Min     Max    Med |   req/s  failures/s
--------|----------------------------------------------------------------------------|-------|-------------|-------|-------|-------|-------|--------|-----------
GET      /tools.descartes.teastore.webui/category?category=[id]&page=[n]                 1936     0(0.00%) |    287      11    5007     23 |   19.10        0.00
GET      /tools.descartes.teastore.webui/home                                             735     0(0.00%) |    158       5    3186     10 |    7.40        0.00
GET      /tools.descartes.teastore.webui/product?id=[id]                                 1061     0(0.00%) |    406      19    7594     41 |   11.40        0.00
--------|----------------------------------------------------------------------------|-------|-------------|-------|-------|-------|-------|--------|-----------
         Aggregated                                                                      3732     0(0.00%) |    295       5    7594     28 |   37.90        0.00

Type     Name                                                                          # reqs      # fails |    Avg     Min     Max    Med |   req/s  failures/s
--------|----------------------------------------------------------------------------|-------|-------------|-------|-------|-------|-------|--------|-----------
GET      /tools.descartes.teastore.webui/category?category=[id]&page=[n]                 1980     0(0.00%) |    281      11    5007     22 |   19.60        0.00
GET      /tools.descartes.teastore.webui/home                                             751     0(0.00%) |    155       5    3186     10 |    7.10        0.00
GET      /tools.descartes.teastore.webui/product?id=[id]                                 1085     0(0.00%) |    398      19    7594     40 |   11.60        0.00
--------|----------------------------------------------------------------------------|-------|-------------|-------|-------|-------|-------|--------|-----------
         Aggregated                                                                      3816     0(0.00%) |    289       5    7594     27 |   38.30        0.00

[2026-02-22 16:13:48,745] Syrils-Macbook-Pro/INFO/locust.main: --run-time limit reached, shutting down
[2026-02-22 16:13:48,783] Syrils-Macbook-Pro/INFO/locust.main: Shutting down (exit code 0)
Type     Name                                                                          # reqs      # fails |    Avg     Min     Max    Med |   req/s  failures/s
--------|----------------------------------------------------------------------------|-------|-------------|-------|-------|-------|-------|--------|-----------
GET      /tools.descartes.teastore.webui/category?category=[id]&page=[n]                 2010     0(0.00%) |    277      11    5007     22 |   16.78        0.00
GET      /tools.descartes.teastore.webui/home                                             767     0(0.00%) |    152       5    3186     10 |    6.40        0.00
GET      /tools.descartes.teastore.webui/product?id=[id]                                 1103     0(0.00%) |    393      19    7594     39 |    9.21        0.00
--------|----------------------------------------------------------------------------|-------|-------------|-------|-------|-------|-------|--------|-----------
         Aggregated                                                                      3880     0(0.00%) |    285       5    7594     27 |   32.40        0.00

Response time percentiles (approximated)
Type     Name                                                                                  50%    66%    75%    80%    90%    95%    98%    99%  99.9% 99.99%   100% # reqs
--------|--------------------------------------------------------------------------------|--------|------|------|------|------|------|------|------|------|------|------|------
GET      /tools.descartes.teastore.webui/category?category=[id]&page=[n]                        22     38     76    120    670   2100   3300   4000   5000   5000   5000   2010
GET      /tools.descartes.teastore.webui/home                                                   10     16     36     62    290   1200   2200   2500   3200   3200   3200    767
GET      /tools.descartes.teastore.webui/product?id=[id]                                        39     72    120    190    970   3100   4700   5500   6800   7600   7600   1103
--------|--------------------------------------------------------------------------------|--------|------|------|------|------|------|------|------|------|------|------|------
         Aggregated                                                                             27     43     82    130    570   2000   3600   4400   6000   7600   7600   3880

